<?xml version="1.0"?><coverage lines-covered="1116" lines-valid="4863" line-rate="0.229487970388649" branches-covered="0" branches-valid="0" branch-rate="0" complexity="0" version="1.9" timestamp="1756614779"><sources><source>/home/owner/.ghq/github.com/unhappychoice/gittype</source></sources><packages><package name="" line-rate="0.229487970388649" branch-rate="0" complexity="0"><classes><class name="generate_all_ascii_titles" filename="generate_all_ascii_titles.rs" line-rate="0" branch-rate="0" complexity="0"><methods/><lines><line number="10" hits="0"/><line number="12" hits="0"/><line number="13" hits="0"/><line number="18" hits="0"/><line number="20" hits="0"/><line number="23" hits="0"/><line number="28" hits="0"/><line number="31" hits="0"/><line number="32" hits="0"/><line number="33" hits="0"/><line number="36" hits="0"/><line number="37" hits="0"/><line number="41" hits="0"/><line number="42" hits="0"/><line number="43" hits="0"/><line number="45" hits="0"/><line number="46" hits="0"/><line number="49" hits="0"/><line number="50" hits="0"/><line number="51" hits="0"/><line number="53" hits="0"/><line number="56" hits="0"/><line number="57" hits="0"/><line number="58" hits="0"/><line number="59" hits="0"/><line number="64" hits="0"/><line number="70" hits="0"/><line number="72" hits="0"/><line number="74" hits="0"/><line number="78" hits="0"/><line number="82" hits="0"/><line number="83" hits="0"/><line number="84" hits="0"/><line number="85" hits="0"/><line number="89" hits="0"/><line number="90" hits="0"/><line number="93" hits="0"/><line number="94" hits="0"/><line number="96" hits="0"/><line number="97" hits="0"/><line number="98" hits="0"/><line number="99" hits="0"/><line number="101" hits="0"/><line number="103" hits="0"/><line number="107" hits="0"/><line number="110" hits="0"/><line number="111" hits="0"/><line number="114" hits="0"/><line number="115" hits="0"/><line number="116" hits="0"/><line number="117" hits="0"/><line number="121" hits="0"/><line number="122" hits="0"/><line number="123" hits="0"/><line number="124" hits="0"/><line number="128" hits="0"/><line number="130" hits="0"/><line number="131" hits="0"/><line number="134" hits="0"/><line number="135" hits="0"/><line number="136" hits="0"/><line number="137" hits="0"/><line number="141" hits="0"/><line number="142" hits="0"/><line number="143" hits="0"/><line number="146" hits="0"/></lines></class></classes></package><package name="src/scoring" line-rate="0.5314285714285715" branch-rate="0" complexity="0"><classes><class name="engine" filename="src/scoring/engine.rs" line-rate="0.38461538461538464" branch-rate="0" complexity="0"><methods/><lines><line number="27" hits="2"/><line number="30" hits="2"/><line number="33" hits="2"/><line number="40" hits="1"/><line number="41" hits="1"/><line number="44" hits="0"/><line number="45" hits="0"/><line number="46" hits="0"/><line number="50" hits="1"/><line number="51" hits="1"/><line number="52" hits="0"/><line number="53" hits="0"/><line number="57" hits="1"/><line number="59" hits="1"/><line number="60" hits="1"/><line number="61" hits="1"/><line number="65" hits="1"/><line number="66" hits="1"/><line number="69" hits="0"/><line number="70" hits="0"/><line number="71" hits="0"/><line number="72" hits="0"/><line number="73" hits="0"/><line number="75" hits="0"/><line number="77" hits="0"/><line number="79" hits="0"/><line number="83" hits="0"/><line number="84" hits="0"/><line number="87" hits="2"/><line number="89" hits="2"/><line number="93" hits="2"/><line number="94" hits="2"/><line number="96" hits="0"/><line number="103" hits="2"/><line number="106" hits="2"/><line number="108" hits="4"/><line number="109" hits="4"/><line number="110" hits="2"/><line number="111" hits="1"/><line number="112" hits="1"/><line number="117" hits="1"/><line number="118" hits="1"/><line number="119" hits="1"/><line number="123" hits="1"/><line number="124" hits="1"/><line number="125" hits="0"/><line number="128" hits="3"/><line number="129" hits="1"/><line number="130" hits="1"/><line number="134" hits="1"/><line number="135" hits="1"/><line number="139" hits="1"/><line number="140" hits="1"/><line number="141" hits="0"/><line number="144" hits="3"/><line number="145" hits="1"/><line number="149" hits="1"/><line number="150" hits="3"/><line number="154" hits="1"/><line number="155" hits="1"/><line number="159" hits="1"/><line number="160" hits="3"/><line number="164" hits="1"/><line number="165" hits="1"/><line number="166" hits="1"/><line number="167" hits="0"/><line number="169" hits="1"/><line number="173" hits="0"/><line number="174" hits="0"/><line number="175" hits="0"/><line number="179" hits="0"/><line number="180" hits="0"/><line number="184" hits="30"/><line number="185" hits="30"/><line number="189" hits="0"/><line number="190" hits="0"/><line number="192" hits="0"/><line number="193" hits="0"/><line number="194" hits="0"/><line number="195" hits="0"/><line number="196" hits="0"/><line number="197" hits="0"/><line number="198" hits="0"/><line number="199" hits="0"/><line number="200" hits="0"/><line number="201" hits="0"/><line number="202" hits="0"/><line number="203" hits="0"/><line number="206" hits="0"/><line number="207" hits="0"/><line number="208" hits="0"/><line number="209" hits="0"/><line number="210" hits="0"/><line number="211" hits="0"/><line number="212" hits="0"/><line number="213" hits="0"/><line number="214" hits="0"/><line number="215" hits="0"/><line number="216" hits="0"/><line number="217" hits="0"/><line number="220" hits="0"/><line number="221" hits="0"/><line number="222" hits="0"/><line number="223" hits="0"/><line number="224" hits="0"/><line number="225" hits="0"/><line number="226" hits="0"/><line number="227" hits="0"/><line number="228" hits="0"/><line number="229" hits="0"/><line number="230" hits="0"/><line number="231" hits="0"/><line number="234" hits="0"/><line number="235" hits="0"/><line number="236" hits="0"/><line number="237" hits="0"/><line number="238" hits="0"/><line number="239" hits="0"/><line number="240" hits="0"/><line number="241" hits="0"/><line number="242" hits="0"/><line number="243" hits="0"/><line number="244" hits="0"/><line number="245" hits="0"/><line number="248" hits="0"/><line number="249" hits="0"/><line number="250" hits="0"/><line number="251" hits="0"/><line number="252" hits="0"/><line number="253" hits="0"/><line number="254" hits="0"/><line number="255" hits="0"/><line number="256" hits="0"/><line number="257" hits="0"/><line number="258" hits="0"/><line number="259" hits="0"/><line number="260" hits="0"/><line number="261" hits="0"/><line number="262" hits="0"/><line number="267" hits="0"/><line number="268" hits="0"/><line number="273" hits="0"/><line number="274" hits="0"/><line number="279" hits="0"/><line number="280" hits="0"/><line number="281" hits="0"/><line number="282" hits="0"/><line number="283" hits="0"/><line number="284" hits="0"/><line number="286" hits="0"/><line number="287" hits="0"/><line number="288" hits="0"/><line number="289" hits="0"/><line number="291" hits="0"/><line number="294" hits="0"/><line number="295" hits="0"/><line number="296" hits="0"/><line number="298" hits="0"/><line number="303" hits="0"/><line number="304" hits="0"/><line number="305" hits="0"/><line number="306" hits="0"/><line number="309" hits="0"/><line number="310" hits="0"/><line number="311" hits="0"/><line number="314" hits="0"/><line number="315" hits="0"/><line number="320" hits="0"/><line number="321" hits="0"/><line number="322" hits="0"/><line number="323" hits="0"/><line number="326" hits="0"/><line number="327" hits="0"/><line number="328" hits="0"/><line number="329" hits="0"/><line number="331" hits="0"/><line number="337" hits="0"/><line number="338" hits="0"/><line number="342" hits="1"/><line number="344" hits="1"/><line number="345" hits="1"/><line number="346" hits="1"/><line number="347" hits="1"/><line number="348" hits="1"/><line number="353" hits="30"/><line number="361" hits="30"/><line number="364" hits="30"/><line number="365" hits="30"/><line number="366" hits="0"/><line number="367" hits="31"/><line number="369" hits="1"/><line number="370" hits="1"/><line number="371" hits="1"/><line number="372" hits="60"/><line number="374" hits="0"/><line number="377" hits="30"/><line number="378" hits="30"/><line number="379" hits="30"/><line number="381" hits="30"/><line number="384" hits="60"/><line number="385" hits="0"/><line number="386" hits="0"/><line number="387" hits="0"/><line number="389" hits="0"/><line number="392" hits="30"/><line number="396" hits="30"/><line number="399" hits="30"/><line number="400" hits="30"/><line number="403" hits="1"/><line number="404" hits="1"/><line number="407" hits="0"/><line number="408" hits="0"/><line number="411" hits="1"/><line number="416" hits="1"/><line number="417" hits="0"/><line number="418" hits="0"/><line number="422" hits="1"/><line number="423" hits="1"/><line number="427" hits="1"/><line number="428" hits="1"/><line number="429" hits="1"/><line number="430" hits="1"/><line number="431" hits="1"/><line number="432" hits="1"/><line number="433" hits="1"/><line number="435" hits="1"/><line number="443" hits="0"/><line number="449" hits="0"/><line number="450" hits="0"/><line number="451" hits="0"/><line number="454" hits="0"/><line number="455" hits="0"/><line number="458" hits="0"/><line number="459" hits="0"/><line number="463" hits="0"/><line number="464" hits="0"/><line number="469" hits="0"/><line number="470" hits="0"/><line number="471" hits="0"/><line number="472" hits="0"/><line number="473" hits="0"/><line number="474" hits="0"/><line number="486" hits="1"/><line number="488" hits="1"/><line number="489" hits="1"/><line number="492" hits="1"/><line number="493" hits="1"/><line number="496" hits="1"/><line number="497" hits="2"/><line number="498" hits="0"/><line number="499" hits="0"/><line number="503" hits="2"/><line number="504" hits="2"/><line number="505" hits="0"/><line number="506" hits="0"/><line number="510" hits="2"/><line number="511" hits="0"/><line number="512" hits="2"/><line number="513" hits="0"/><line number="515" hits="2"/></lines></class><class name="ranking_title" filename="src/scoring/ranking_title.rs" line-rate="0.9555555555555556" branch-rate="0" complexity="0"><methods/><lines><line number="21" hits="2"/><line number="22" hits="2"/><line number="23" hits="2"/><line number="24" hits="0"/><line number="25" hits="0"/><line number="26" hits="2"/><line number="27" hits="0"/><line number="34" hits="40"/><line number="36" hits="40"/><line number="44" hits="36"/><line number="45" hits="36"/><line number="50" hits="3"/><line number="51" hits="3"/><line number="56" hits="33"/><line number="57" hits="33"/><line number="58" hits="33"/><line number="62" hits="2"/><line number="63" hits="2"/><line number="67" hits="38"/><line number="68" hits="79"/><line number="70" hits="40"/><line number="71" hits="40"/><line number="72" hits="40"/><line number="73" hits="40"/><line number="74" hits="38"/><line number="75" hits="40"/><line number="76" hits="40"/><line number="77" hits="40"/><line number="78" hits="38"/><line number="79" hits="40"/><line number="80" hits="40"/><line number="81" hits="40"/><line number="83" hits="40"/><line number="84" hits="40"/><line number="85" hits="40"/><line number="86" hits="40"/><line number="87" hits="40"/><line number="88" hits="40"/><line number="89" hits="40"/><line number="90" hits="40"/><line number="91" hits="40"/><line number="92" hits="40"/><line number="93" hits="40"/><line number="94" hits="40"/><line number="96" hits="40"/><line number="97" hits="40"/><line number="98" hits="40"/><line number="99" hits="40"/><line number="100" hits="40"/><line number="101" hits="40"/><line number="102" hits="40"/><line number="103" hits="40"/><line number="104" hits="40"/><line number="105" hits="40"/><line number="106" hits="40"/><line number="107" hits="40"/><line number="109" hits="40"/><line number="110" hits="40"/><line number="111" hits="40"/><line number="112" hits="40"/><line number="113" hits="40"/><line number="114" hits="40"/><line number="115" hits="40"/><line number="116" hits="40"/><line number="117" hits="40"/><line number="118" hits="40"/><line number="119" hits="40"/><line number="120" hits="40"/><line number="122" hits="40"/><line number="123" hits="40"/><line number="124" hits="40"/><line number="125" hits="41"/><line number="127" hits="40"/><line number="131" hits="41"/><line number="132" hits="41"/><line number="133" hits="41"/><line number="134" hits="41"/><line number="135" hits="41"/><line number="136" hits="41"/><line number="137" hits="41"/><line number="139" hits="41"/><line number="143" hits="41"/><line number="144" hits="41"/><line number="145" hits="41"/><line number="146" hits="41"/><line number="152" hits="32"/><line number="153" hits="32"/><line number="155" hits="105"/><line number="156" hits="35"/><line number="158" hits="0"/></lines></class></classes></package><package name="src" line-rate="0.2326454033771107" branch-rate="0" complexity="0"><classes><class name="error" filename="src/error.rs" line-rate="0" branch-rate="0" complexity="0"><methods/><lines><line number="33" hits="0"/></lines></class><class name="main" filename="src/main.rs" line-rate="0" branch-rate="0" complexity="0"><methods/><lines><line number="63" hits="0"/><line number="65" hits="0"/><line number="66" hits="0"/><line number="67" hits="0"/><line number="71" hits="0"/><line number="73" hits="0"/><line number="75" hits="0"/><line number="79" hits="0"/><line number="82" hits="0"/><line number="83" hits="0"/><line number="84" hits="0"/><line number="85" hits="0"/><line number="90" hits="0"/><line number="92" hits="0"/><line number="94" hits="0"/><line number="95" hits="0"/><line number="98" hits="0"/><line number="99" hits="0"/><line number="102" hits="0"/><line number="105" hits="0"/><line number="106" hits="0"/><line number="107" hits="0"/><line number="108" hits="0"/><line number="112" hits="0"/><line number="116" hits="0"/><line number="117" hits="0"/><line number="120" hits="0"/><line number="121" hits="0"/><line number="122" hits="0"/><line number="123" hits="0"/><line number="124" hits="0"/><line number="129" hits="0"/><line number="130" hits="0"/><line number="131" hits="0"/><line number="132" hits="0"/><line number="136" hits="0"/><line number="140" hits="0"/><line number="141" hits="0"/><line number="143" hits="0"/><line number="145" hits="0"/><line number="147" hits="0"/><line number="148" hits="0"/><line number="149" hits="0"/><line number="151" hits="0"/><line number="152" hits="0"/><line number="154" hits="0"/><line number="155" hits="0"/><line number="159" hits="0"/><line number="160" hits="0"/><line number="161" hits="0"/><line number="165" hits="0"/><line number="166" hits="0"/><line number="167" hits="0"/><line number="168" hits="0"/><line number="169" hits="0"/><line number="174" hits="0"/><line number="179" hits="0"/></lines></class><class name="sharing" filename="src/sharing.rs" line-rate="0" branch-rate="0" complexity="0"><methods/><lines><line number="14" hits="0"/><line number="15" hits="0"/><line number="16" hits="0"/><line number="17" hits="0"/><line number="18" hits="0"/><line number="19" hits="0"/><line number="23" hits="0"/><line number="24" hits="0"/><line number="31" hits="0"/><line number="32" hits="0"/><line number="34" hits="0"/><line number="37" hits="0"/><line number="41" hits="0"/><line number="46" hits="0"/><line number="47" hits="0"/><line number="49" hits="0"/><line number="51" hits="0"/><line number="53" hits="0"/><line number="57" hits="0"/><line number="61" hits="0"/><line number="63" hits="0"/><line number="64" hits="0"/><line number="68" hits="0"/><line number="70" hits="0"/><line number="75" hits="0"/><line number="77" hits="0"/><line number="78" hits="0"/><line number="84" hits="0"/><line number="85" hits="0"/><line number="94" hits="0"/><line number="95" hits="0"/><line number="98" hits="0"/><line number="108" hits="0"/><line number="109" hits="0"/><line number="111" hits="0"/><line number="112" hits="0"/><line number="113" hits="0"/><line number="116" hits="0"/><line number="117" hits="0"/><line number="118" hits="0"/><line number="119" hits="0"/><line number="120" hits="0"/><line number="121" hits="0"/><line number="122" hits="0"/><line number="124" hits="0"/><line number="125" hits="0"/><line number="128" hits="0"/><line number="129" hits="0"/><line number="130" hits="0"/><line number="131" hits="0"/><line number="132" hits="0"/><line number="134" hits="0"/><line number="135" hits="0"/><line number="136" hits="0"/><line number="139" hits="0"/><line number="140" hits="0"/><line number="141" hits="0"/><line number="142" hits="0"/><line number="143" hits="0"/><line number="144" hits="0"/><line number="145" hits="0"/><line number="147" hits="0"/><line number="148" hits="0"/><line number="151" hits="0"/><line number="152" hits="0"/><line number="153" hits="0"/><line number="154" hits="0"/><line number="155" hits="0"/><line number="156" hits="0"/><line number="159" hits="0"/><line number="160" hits="0"/><line number="161" hits="0"/><line number="162" hits="0"/><line number="163" hits="0"/><line number="164" hits="0"/><line number="166" hits="0"/><line number="170" hits="0"/><line number="171" hits="0"/><line number="172" hits="0"/><line number="179" hits="0"/></lines></class></classes></package><package name="src/game/screens" line-rate="0" branch-rate="0" complexity="0"><classes><class name="animation_screen" filename="src/game/screens/animation_screen.rs" line-rate="0" branch-rate="0" complexity="0"><methods/><lines><line number="19" hits="0"/><line number="20" hits="0"/><line number="21" hits="0"/><line number="22" hits="0"/><line number="23" hits="0"/><line number="24" hits="0"/><line number="25" hits="0"/><line number="26" hits="0"/><line number="27" hits="0"/><line number="28" hits="0"/><line number="29" hits="0"/><line number="30" hits="0"/><line number="31" hits="0"/><line number="32" hits="0"/><line number="33" hits="0"/><line number="34" hits="0"/><line number="35" hits="0"/><line number="36" hits="0"/><line number="37" hits="0"/><line number="42" hits="0"/><line number="47" hits="0"/><line number="50" hits="0"/><line number="51" hits="0"/><line number="52" hits="0"/><line number="53" hits="0"/><line number="54" hits="0"/><line number="55" hits="0"/><line number="57" hits="0"/><line number="59" hits="0"/><line number="61" hits="0"/><line number="63" hits="0"/><line number="64" hits="0"/><line number="65" hits="0"/><line number="67" hits="0"/><line number="68" hits="0"/><line number="69" hits="0"/><line number="72" hits="0"/><line number="73" hits="0"/><line number="74" hits="0"/><line number="76" hits="0"/><line number="78" hits="0"/><line number="80" hits="0"/><line number="84" hits="0"/><line number="88" hits="0"/><line number="90" hits="0"/><line number="93" hits="0"/><line number="97" hits="0"/><line number="99" hits="0"/><line number="100" hits="0"/><line number="101" hits="0"/><line number="103" hits="0"/><line number="108" hits="0"/><line number="109" hits="0"/><line number="110" hits="0"/><line number="111" hits="0"/><line number="114" hits="0"/><line number="116" hits="0"/><line number="119" hits="0"/><line number="128" hits="0"/><line number="129" hits="0"/><line number="130" hits="0"/><line number="131" hits="0"/><line number="134" hits="0"/><line number="135" hits="0"/><line number="144" hits="0"/><line number="147" hits="0"/><line number="151" hits="0"/><line number="152" hits="0"/><line number="154" hits="0"/><line number="155" hits="0"/><line number="156" hits="0"/><line number="159" hits="0"/><line number="165" hits="0"/><line number="166" hits="0"/><line number="171" hits="0"/><line number="172" hits="0"/><line number="175" hits="0"/><line number="176" hits="0"/><line number="179" hits="0"/><line number="184" hits="0"/><line number="185" hits="0"/><line number="186" hits="0"/><line number="189" hits="0"/><line number="190" hits="0"/><line number="192" hits="0"/><line number="195" hits="0"/><line number="196" hits="0"/><line number="198" hits="0"/><line number="199" hits="0"/><line number="200" hits="0"/><line number="201" hits="0"/><line number="206" hits="0"/><line number="207" hits="0"/><line number="208" hits="0"/><line number="219" hits="0"/><line number="222" hits="0"/></lines></class><class name="countdown_screen" filename="src/game/screens/countdown_screen.rs" line-rate="0" branch-rate="0" complexity="0"><methods/><lines><line number="15" hits="0"/><line number="16" hits="0"/><line number="19" hits="0"/><line number="20" hits="0"/><line number="21" hits="0"/><line number="22" hits="0"/><line number="23" hits="0"/><line number="26" hits="0"/><line number="27" hits="0"/><line number="28" hits="0"/><line number="30" hits="0"/><line number="32" hits="0"/><line number="34" hits="0"/><line number="35" hits="0"/><line number="36" hits="0"/><line number="37" hits="0"/><line number="38" hits="0"/><line number="43" hits="0"/><line number="44" hits="0"/><line number="45" hits="0"/><line number="48" hits="0"/><line number="49" hits="0"/><line number="50" hits="0"/><line number="52" hits="0"/><line number="54" hits="0"/><line number="56" hits="0"/><line number="57" hits="0"/><line number="58" hits="0"/><line number="59" hits="0"/><line number="60" hits="0"/><line number="64" hits="0"/><line number="65" hits="0"/><line number="66" hits="0"/><line number="67" hits="0"/><line number="68" hits="0"/><line number="70" hits="0"/><line number="71" hits="0"/><line number="72" hits="0"/><line number="74" hits="0"/><line number="77" hits="0"/><line number="78" hits="0"/><line number="81" hits="0"/><line number="82" hits="0"/><line number="83" hits="0"/><line number="86" hits="0"/><line number="88" hits="0"/><line number="90" hits="0"/><line number="91" hits="0"/><line number="92" hits="0"/><line number="93" hits="0"/><line number="94" hits="0"/><line number="99" hits="0"/><line number="100" hits="0"/><line number="101" hits="0"/><line number="102" hits="0"/><line number="103" hits="0"/><line number="105" hits="0"/><line number="106" hits="0"/><line number="109" hits="0"/><line number="110" hits="0"/><line number="111" hits="0"/><line number="112" hits="0"/><line number="115" hits="0"/><line number="116" hits="0"/><line number="117" hits="0"/><line number="118" hits="0"/><line number="119" hits="0"/><line number="122" hits="0"/><line number="123" hits="0"/><line number="124" hits="0"/><line number="126" hits="0"/><line number="130" hits="0"/><line number="131" hits="0"/><line number="132" hits="0"/><line number="133" hits="0"/><line number="134" hits="0"/><line number="135" hits="0"/><line number="136" hits="0"/><line number="137" hits="0"/><line number="139" hits="0"/><line number="140" hits="0"/><line number="141" hits="0"/><line number="143" hits="0"/><line number="145" hits="0"/><line number="148" hits="0"/><line number="149" hits="0"/><line number="152" hits="0"/><line number="157" hits="0"/><line number="158" hits="0"/><line number="159" hits="0"/><line number="160" hits="0"/><line number="163" hits="0"/><line number="164" hits="0"/><line number="165" hits="0"/><line number="167" hits="0"/><line number="169" hits="0"/><line number="171" hits="0"/><line number="172" hits="0"/><line number="173" hits="0"/><line number="174" hits="0"/><line number="175" hits="0"/><line number="180" hits="0"/><line number="181" hits="0"/><line number="182" hits="0"/><line number="185" hits="0"/><line number="186" hits="0"/><line number="187" hits="0"/><line number="189" hits="0"/><line number="191" hits="0"/><line number="193" hits="0"/><line number="194" hits="0"/><line number="195" hits="0"/><line number="196" hits="0"/><line number="197" hits="0"/><line number="201" hits="0"/><line number="202" hits="0"/><line number="203" hits="0"/><line number="204" hits="0"/><line number="205" hits="0"/><line number="207" hits="0"/><line number="208" hits="0"/><line number="209" hits="0"/><line number="211" hits="0"/><line number="214" hits="0"/><line number="215" hits="0"/><line number="218" hits="0"/><line number="219" hits="0"/><line number="220" hits="0"/><line number="223" hits="0"/><line number="225" hits="0"/><line number="227" hits="0"/><line number="228" hits="0"/><line number="229" hits="0"/><line number="230" hits="0"/><line number="231" hits="0"/><line number="236" hits="0"/><line number="237" hits="0"/><line number="238" hits="0"/><line number="239" hits="0"/><line number="240" hits="0"/><line number="242" hits="0"/><line number="243" hits="0"/><line number="246" hits="0"/><line number="247" hits="0"/><line number="248" hits="0"/><line number="249" hits="0"/><line number="252" hits="0"/><line number="253" hits="0"/><line number="254" hits="0"/><line number="255" hits="0"/><line number="256" hits="0"/><line number="259" hits="0"/><line number="260" hits="0"/><line number="261" hits="0"/><line number="263" hits="0"/><line number="267" hits="0"/><line number="268" hits="0"/><line number="269" hits="0"/><line number="270" hits="0"/><line number="271" hits="0"/><line number="272" hits="0"/><line number="273" hits="0"/><line number="274" hits="0"/><line number="276" hits="0"/><line number="277" hits="0"/><line number="278" hits="0"/><line number="280" hits="0"/><line number="282" hits="0"/><line number="285" hits="0"/><line number="286" hits="0"/><line number="288" hits="0"/><line number="289" hits="0"/><line number="290" hits="0"/><line number="291" hits="0"/><line number="292" hits="0"/><line number="295" hits="0"/><line number="296" hits="0"/><line number="301" hits="0"/></lines></class><class name="exit_summary_screen" filename="src/game/screens/exit_summary_screen.rs" line-rate="0" branch-rate="0" complexity="0"><methods/><lines><line number="22" hits="0"/><line number="23" hits="0"/><line number="25" hits="0"/><line number="28" hits="0"/><line number="29" hits="0"/><line number="33" hits="0"/><line number="39" hits="0"/><line number="45" hits="0"/><line number="46" hits="0"/><line number="47" hits="0"/><line number="48" hits="0"/><line number="49" hits="0"/><line number="50" hits="0"/><line number="51" hits="0"/><line number="58" hits="0"/><line number="59" hits="0"/><line number="60" hits="0"/><line number="61" hits="0"/><line number="63" hits="0"/><line number="64" hits="0"/><line number="65" hits="0"/><line number="66" hits="0"/><line number="67" hits="0"/><line number="68" hits="0"/><line number="73" hits="0"/><line number="76" hits="0"/><line number="77" hits="0"/><line number="80" hits="0"/><line number="81" hits="0"/><line number="82" hits="0"/><line number="83" hits="0"/><line number="86" hits="0"/><line number="88" hits="0"/><line number="89" hits="0"/><line number="90" hits="0"/><line number="92" hits="0"/><line number="93" hits="0"/><line number="95" hits="0"/><line number="96" hits="0"/><line number="97" hits="0"/><line number="98" hits="0"/><line number="99" hits="0"/><line number="101" hits="0"/><line number="102" hits="0"/><line number="103" hits="0"/><line number="104" hits="0"/><line number="106" hits="0"/><line number="107" hits="0"/><line number="111" hits="0"/><line number="113" hits="0"/><line number="115" hits="0"/><line number="116" hits="0"/><line number="117" hits="0"/><line number="118" hits="0"/><line number="119" hits="0"/><line number="122" hits="0"/><line number="123" hits="0"/><line number="124" hits="0"/><line number="125" hits="0"/><line number="126" hits="0"/><line number="127" hits="0"/><line number="130" hits="0"/><line number="131" hits="0"/><line number="132" hits="0"/><line number="133" hits="0"/><line number="134" hits="0"/><line number="136" hits="0"/><line number="137" hits="0"/><line number="138" hits="0"/><line number="139" hits="0"/><line number="141" hits="0"/><line number="142" hits="0"/><line number="144" hits="0"/><line number="145" hits="0"/><line number="146" hits="0"/><line number="148" hits="0"/><line number="149" hits="0"/><line number="150" hits="0"/><line number="151" hits="0"/><line number="152" hits="0"/><line number="153" hits="0"/><line number="154" hits="0"/><line number="156" hits="0"/><line number="157" hits="0"/><line number="161" hits="0"/><line number="163" hits="0"/><line number="164" hits="0"/><line number="170" hits="0"/><line number="172" hits="0"/><line number="173" hits="0"/><line number="179" hits="0"/><line number="180" hits="0"/><line number="183" hits="0"/><line number="184" hits="0"/><line number="185" hits="0"/><line number="186" hits="0"/><line number="187" hits="0"/><line number="188" hits="0"/><line number="192" hits="0"/><line number="193" hits="0"/><line number="195" hits="0"/><line number="196" hits="0"/><line number="200" hits="0"/><line number="206" hits="0"/><line number="207" hits="0"/><line number="208" hits="0"/><line number="209" hits="0"/><line number="210" hits="0"/><line number="211" hits="0"/><line number="216" hits="0"/><line number="217" hits="0"/><line number="219" hits="0"/><line number="222" hits="0"/><line number="223" hits="0"/><line number="224" hits="0"/><line number="225" hits="0"/><line number="226" hits="0"/><line number="227" hits="0"/><line number="228" hits="0"/><line number="230" hits="0"/><line number="231" hits="0"/><line number="233" hits="0"/><line number="235" hits="0"/><line number="236" hits="0"/><line number="237" hits="0"/><line number="238" hits="0"/><line number="239" hits="0"/><line number="240" hits="0"/><line number="243" hits="0"/><line number="247" hits="0"/><line number="248" hits="0"/><line number="249" hits="0"/><line number="251" hits="0"/><line number="252" hits="0"/><line number="255" hits="0"/><line number="258" hits="0"/><line number="261" hits="0"/><line number="263" hits="0"/><line number="274" hits="0"/><line number="275" hits="0"/><line number="279" hits="0"/><line number="280" hits="0"/><line number="282" hits="0"/><line number="283" hits="0"/><line number="284" hits="0"/><line number="287" hits="0"/><line number="288" hits="0"/><line number="289" hits="0"/><line number="290" hits="0"/><line number="291" hits="0"/><line number="292" hits="0"/><line number="293" hits="0"/><line number="295" hits="0"/><line number="296" hits="0"/><line number="299" hits="0"/><line number="303" hits="0"/><line number="304" hits="0"/><line number="305" hits="0"/><line number="307" hits="0"/><line number="308" hits="0"/><line number="309" hits="0"/><line number="310" hits="0"/><line number="311" hits="0"/><line number="314" hits="0"/><line number="315" hits="0"/><line number="317" hits="0"/><line number="318" hits="0"/><line number="319" hits="0"/><line number="320" hits="0"/><line number="321" hits="0"/><line number="322" hits="0"/><line number="323" hits="0"/><line number="327" hits="0"/><line number="328" hits="0"/><line number="329" hits="0"/><line number="330" hits="0"/><line number="331" hits="0"/><line number="333" hits="0"/><line number="334" hits="0"/><line number="335" hits="0"/><line number="337" hits="0"/><line number="341" hits="0"/><line number="342" hits="0"/><line number="343" hits="0"/><line number="347" hits="0"/><line number="354" hits="0"/><line number="361" hits="0"/><line number="368" hits="0"/><line number="374" hits="0"/><line number="376" hits="0"/><line number="384" hits="0"/><line number="387" hits="0"/><line number="391" hits="0"/><line number="392" hits="0"/><line number="394" hits="0"/><line number="395" hits="0"/><line number="396" hits="0"/><line number="400" hits="0"/><line number="405" hits="0"/><line number="407" hits="0"/><line number="409" hits="0"/><line number="413" hits="0"/><line number="415" hits="0"/><line number="419" hits="0"/><line number="421" hits="0"/><line number="422" hits="0"/><line number="426" hits="0"/><line number="428" hits="0"/><line number="432" hits="0"/><line number="434" hits="0"/><line number="435" hits="0"/><line number="441" hits="0"/><line number="442" hits="0"/><line number="443" hits="0"/><line number="447" hits="0"/><line number="457" hits="0"/><line number="458" hits="0"/><line number="460" hits="0"/><line number="461" hits="0"/><line number="462" hits="0"/><line number="465" hits="0"/><line number="466" hits="0"/><line number="467" hits="0"/><line number="468" hits="0"/><line number="469" hits="0"/><line number="470" hits="0"/><line number="471" hits="0"/><line number="473" hits="0"/><line number="474" hits="0"/><line number="477" hits="0"/><line number="478" hits="0"/><line number="479" hits="0"/><line number="480" hits="0"/><line number="481" hits="0"/><line number="483" hits="0"/><line number="484" hits="0"/><line number="485" hits="0"/><line number="488" hits="0"/><line number="489" hits="0"/><line number="490" hits="0"/><line number="491" hits="0"/><line number="492" hits="0"/><line number="493" hits="0"/><line number="494" hits="0"/><line number="496" hits="0"/><line number="497" hits="0"/><line number="500" hits="0"/><line number="501" hits="0"/><line number="502" hits="0"/><line number="503" hits="0"/><line number="504" hits="0"/><line number="505" hits="0"/><line number="507" hits="0"/><line number="511" hits="0"/><line number="512" hits="0"/><line number="513" hits="0"/><line number="520" hits="0"/></lines></class><class name="info_dialog" filename="src/game/screens/info_dialog.rs" line-rate="0" branch-rate="0" complexity="0"><methods/><lines><line number="20" hits="0"/><line number="21" hits="0"/><line number="22" hits="0"/><line number="23" hits="0"/><line number="24" hits="0"/><line number="25" hits="0"/><line number="28" hits="0"/><line number="29" hits="0"/><line number="30" hits="0"/><line number="31" hits="0"/><line number="34" hits="0"/><line number="40" hits="0"/><line number="42" hits="0"/><line number="45" hits="0"/><line number="46" hits="0"/><line number="47" hits="0"/><line number="49" hits="0"/><line number="50" hits="0"/><line number="51" hits="0"/><line number="52" hits="0"/><line number="56" hits="0"/><line number="57" hits="0"/><line number="59" hits="0"/><line number="66" hits="0"/><line number="68" hits="0"/><line number="71" hits="0"/><line number="77" hits="0"/><line number="79" hits="0"/><line number="81" hits="0"/><line number="82" hits="0"/><line number="83" hits="0"/><line number="91" hits="0"/><line number="96" hits="0"/><line number="97" hits="0"/><line number="98" hits="0"/><line number="99" hits="0"/><line number="102" hits="0"/><line number="103" hits="0"/><line number="104" hits="0"/><line number="105" hits="0"/><line number="106" hits="0"/><line number="107" hits="0"/><line number="108" hits="0"/><line number="109" hits="0"/><line number="110" hits="0"/><line number="111" hits="0"/><line number="112" hits="0"/><line number="114" hits="0"/><line number="115" hits="0"/><line number="116" hits="0"/><line number="118" hits="0"/><line number="121" hits="0"/><line number="124" hits="0"/><line number="131" hits="0"/><line number="134" hits="0"/><line number="135" hits="0"/><line number="136" hits="0"/><line number="137" hits="0"/><line number="138" hits="0"/><line number="139" hits="0"/><line number="140" hits="0"/><line number="142" hits="0"/><line number="143" hits="0"/><line number="146" hits="0"/><line number="147" hits="0"/><line number="148" hits="0"/><line number="150" hits="0"/><line number="151" hits="0"/><line number="152" hits="0"/><line number="153" hits="0"/><line number="154" hits="0"/><line number="156" hits="0"/><line number="157" hits="0"/><line number="158" hits="0"/><line number="160" hits="0"/><line number="161" hits="0"/><line number="162" hits="0"/><line number="164" hits="0"/><line number="168" hits="0"/><line number="169" hits="0"/><line number="170" hits="0"/><line number="171" hits="0"/><line number="172" hits="0"/><line number="173" hits="0"/><line number="175" hits="0"/><line number="178" hits="0"/><line number="179" hits="0"/><line number="180" hits="0"/><line number="181" hits="0"/><line number="183" hits="0"/><line number="186" hits="0"/><line number="187" hits="0"/><line number="188" hits="0"/><line number="189" hits="0"/><line number="191" hits="0"/><line number="194" hits="0"/><line number="195" hits="0"/><line number="196" hits="0"/><line number="197" hits="0"/><line number="198" hits="0"/><line number="201" hits="0"/><line number="204" hits="0"/><line number="205" hits="0"/><line number="209" hits="0"/><line number="210" hits="0"/><line number="211" hits="0"/><line number="218" hits="0"/><line number="221" hits="0"/><line number="228" hits="0"/><line number="229" hits="0"/><line number="230" hits="0"/><line number="231" hits="0"/><line number="234" hits="0"/><line number="235" hits="0"/><line number="236" hits="0"/><line number="237" hits="0"/><line number="238" hits="0"/><line number="239" hits="0"/><line number="240" hits="0"/><line number="241" hits="0"/><line number="242" hits="0"/><line number="243" hits="0"/><line number="244" hits="0"/><line number="246" hits="0"/><line number="247" hits="0"/><line number="248" hits="0"/><line number="250" hits="0"/><line number="254" hits="0"/><line number="255" hits="0"/><line number="256" hits="0"/><line number="257" hits="0"/><line number="258" hits="0"/><line number="259" hits="0"/><line number="260" hits="0"/><line number="262" hits="0"/><line number="263" hits="0"/><line number="266" hits="0"/><line number="267" hits="0"/><line number="268" hits="0"/><line number="269" hits="0"/><line number="270" hits="0"/><line number="271" hits="0"/><line number="274" hits="0"/><line number="275" hits="0"/><line number="276" hits="0"/><line number="277" hits="0"/><line number="278" hits="0"/><line number="279" hits="0"/><line number="281" hits="0"/><line number="282" hits="0"/><line number="285" hits="0"/><line number="286" hits="0"/><line number="287" hits="0"/><line number="288" hits="0"/><line number="289" hits="0"/><line number="290" hits="0"/><line number="292" hits="0"/></lines></class><class name="loading_screen" filename="src/game/screens/loading_screen.rs" line-rate="0" branch-rate="0" complexity="0"><methods/><lines><line number="35" hits="0"/><line number="36" hits="0"/><line number="37" hits="0"/><line number="38" hits="0"/><line number="39" hits="0"/><line number="40" hits="0"/><line number="42" hits="0"/><line number="43" hits="0"/><line number="44" hits="0"/><line number="45" hits="0"/><line number="47" hits="0"/><line number="48" hits="0"/><line number="49" hits="0"/><line number="50" hits="0"/><line number="51" hits="0"/><line number="52" hits="0"/><line number="53" hits="0"/><line number="57" hits="0"/><line number="58" hits="0"/><line number="61" hits="0"/><line number="62" hits="0"/><line number="63" hits="0"/><line number="64" hits="0"/><line number="68" hits="0"/><line number="69" hits="0"/><line number="70" hits="0"/><line number="71" hits="0"/><line number="72" hits="0"/><line number="73" hits="0"/><line number="75" hits="0"/><line number="76" hits="0"/><line number="79" hits="0"/><line number="81" hits="0"/><line number="84" hits="0"/><line number="85" hits="0"/><line number="86" hits="0"/><line number="87" hits="0"/><line number="89" hits="0"/><line number="92" hits="0"/><line number="94" hits="0"/><line number="95" hits="0"/><line number="103" hits="0"/><line number="104" hits="0"/><line number="108" hits="0"/><line number="109" hits="0"/><line number="110" hits="0"/><line number="113" hits="0"/><line number="116" hits="0"/><line number="118" hits="0"/><line number="119" hits="0"/><line number="122" hits="0"/><line number="125" hits="0"/><line number="128" hits="0"/><line number="130" hits="0"/><line number="133" hits="0"/><line number="134" hits="0"/><line number="137" hits="0"/><line number="138" hits="0"/><line number="140" hits="0"/><line number="141" hits="0"/><line number="142" hits="0"/><line number="144" hits="0"/><line number="148" hits="0"/><line number="149" hits="0"/><line number="150" hits="0"/><line number="151" hits="0"/><line number="154" hits="0"/><line number="155" hits="0"/><line number="158" hits="0"/><line number="159" hits="0"/><line number="162" hits="0"/><line number="163" hits="0"/><line number="164" hits="0"/><line number="165" hits="0"/><line number="166" hits="0"/><line number="167" hits="0"/><line number="169" hits="0"/><line number="172" hits="0"/><line number="173" hits="0"/><line number="174" hits="0"/><line number="175" hits="0"/><line number="176" hits="0"/><line number="177" hits="0"/><line number="178" hits="0"/><line number="180" hits="0"/><line number="183" hits="0"/><line number="186" hits="0"/><line number="189" hits="0"/><line number="192" hits="0"/><line number="195" hits="0"/><line number="196" hits="0"/><line number="197" hits="0"/><line number="198" hits="0"/><line number="200" hits="0"/><line number="201" hits="0"/><line number="202" hits="0"/><line number="206" hits="0"/><line number="208" hits="0"/><line number="211" hits="0"/><line number="212" hits="0"/><line number="215" hits="0"/><line number="223" hits="0"/><line number="225" hits="0"/><line number="229" hits="0"/><line number="230" hits="0"/><line number="231" hits="0"/><line number="232" hits="0"/><line number="233" hits="0"/><line number="234" hits="0"/><line number="236" hits="0"/><line number="239" hits="0"/><line number="240" hits="0"/><line number="241" hits="0"/><line number="242" hits="0"/><line number="243" hits="0"/><line number="244" hits="0"/><line number="246" hits="0"/><line number="252" hits="0"/><line number="254" hits="0"/><line number="257" hits="0"/><line number="258" hits="0"/><line number="259" hits="0"/><line number="261" hits="0"/><line number="265" hits="0"/><line number="266" hits="0"/><line number="268" hits="0"/><line number="274" hits="0"/><line number="275" hits="0"/><line number="276" hits="0"/><line number="277" hits="0"/><line number="278" hits="0"/><line number="279" hits="0"/><line number="281" hits="0"/><line number="285" hits="0"/><line number="287" hits="0"/><line number="290" hits="0"/><line number="291" hits="0"/><line number="292" hits="0"/><line number="293" hits="0"/><line number="294" hits="0"/><line number="296" hits="0"/><line number="301" hits="0"/><line number="302" hits="0"/><line number="304" hits="0"/><line number="307" hits="0"/><line number="313" hits="0"/><line number="314" hits="0"/><line number="315" hits="0"/><line number="316" hits="0"/><line number="317" hits="0"/><line number="319" hits="0"/><line number="322" hits="0"/><line number="323" hits="0"/><line number="324" hits="0"/><line number="325" hits="0"/><line number="327" hits="0"/><line number="330" hits="0"/><line number="331" hits="0"/><line number="332" hits="0"/><line number="335" hits="0"/><line number="337" hits="0"/><line number="340" hits="0"/><line number="341" hits="0"/><line number="342" hits="0"/><line number="343" hits="0"/><line number="346" hits="0"/><line number="347" hits="0"/><line number="348" hits="0"/><line number="349" hits="0"/><line number="350" hits="0"/><line number="355" hits="0"/><line number="356" hits="0"/><line number="361" hits="0"/><line number="362" hits="0"/><line number="365" hits="0"/><line number="366" hits="0"/><line number="367" hits="0"/><line number="368" hits="0"/><line number="371" hits="0"/><line number="375" hits="0"/><line number="376" hits="0"/><line number="377" hits="0"/><line number="379" hits="0"/><line number="381" hits="0"/><line number="384" hits="0"/><line number="385" hits="0"/></lines></class><class name="result_screen" filename="src/game/screens/result_screen.rs" line-rate="0" branch-rate="0" complexity="0"><methods/><lines><line number="27" hits="0"/><line number="28" hits="0"/><line number="29" hits="0"/><line number="31" hits="0"/><line number="32" hits="0"/><line number="34" hits="0"/><line number="35" hits="0"/><line number="36" hits="0"/><line number="37" hits="0"/><line number="42" hits="0"/><line number="43" hits="0"/><line number="47" hits="0"/><line number="50" hits="0"/><line number="51" hits="0"/><line number="52" hits="0"/><line number="53" hits="0"/><line number="55" hits="0"/><line number="56" hits="0"/><line number="57" hits="0"/><line number="58" hits="0"/><line number="59" hits="0"/><line number="60" hits="0"/><line number="65" hits="0"/><line number="68" hits="0"/><line number="75" hits="0"/><line number="78" hits="0"/><line number="79" hits="0"/><line number="80" hits="0"/><line number="81" hits="0"/><line number="84" hits="0"/><line number="86" hits="0"/><line number="87" hits="0"/><line number="88" hits="0"/><line number="91" hits="0"/><line number="92" hits="0"/><line number="93" hits="0"/><line number="94" hits="0"/><line number="96" hits="0"/><line number="100" hits="0"/><line number="102" hits="0"/><line number="103" hits="0"/><line number="104" hits="0"/><line number="105" hits="0"/><line number="106" hits="0"/><line number="107" hits="0"/><line number="109" hits="0"/><line number="111" hits="0"/><line number="112" hits="0"/><line number="115" hits="0"/><line number="118" hits="0"/><line number="119" hits="0"/><line number="120" hits="0"/><line number="121" hits="0"/><line number="122" hits="0"/><line number="123" hits="0"/><line number="124" hits="0"/><line number="125" hits="0"/><line number="127" hits="0"/><line number="128" hits="0"/><line number="129" hits="0"/><line number="130" hits="0"/><line number="131" hits="0"/><line number="132" hits="0"/><line number="133" hits="0"/><line number="134" hits="0"/><line number="135" hits="0"/><line number="136" hits="0"/><line number="138" hits="0"/><line number="139" hits="0"/><line number="142" hits="0"/><line number="143" hits="0"/><line number="144" hits="0"/><line number="145" hits="0"/><line number="146" hits="0"/><line number="147" hits="0"/><line number="148" hits="0"/><line number="150" hits="0"/><line number="151" hits="0"/><line number="155" hits="0"/><line number="156" hits="0"/><line number="158" hits="0"/><line number="160" hits="0"/><line number="161" hits="0"/><line number="163" hits="0"/><line number="164" hits="0"/><line number="165" hits="0"/><line number="166" hits="0"/><line number="167" hits="0"/><line number="168" hits="0"/><line number="169" hits="0"/><line number="170" hits="0"/><line number="172" hits="0"/><line number="174" hits="0"/><line number="175" hits="0"/><line number="179" hits="0"/><line number="180" hits="0"/><line number="183" hits="0"/><line number="184" hits="0"/><line number="188" hits="0"/><line number="190" hits="0"/><line number="196" hits="0"/><line number="197" hits="0"/><line number="198" hits="0"/><line number="199" hits="0"/><line number="200" hits="0"/><line number="201" hits="0"/><line number="205" hits="0"/><line number="208" hits="0"/><line number="209" hits="0"/><line number="210" hits="0"/><line number="211" hits="0"/><line number="212" hits="0"/><line number="213" hits="0"/><line number="214" hits="0"/><line number="216" hits="0"/><line number="217" hits="0"/><line number="218" hits="0"/><line number="219" hits="0"/><line number="220" hits="0"/><line number="221" hits="0"/><line number="224" hits="0"/><line number="227" hits="0"/><line number="228" hits="0"/><line number="229" hits="0"/><line number="230" hits="0"/><line number="232" hits="0"/><line number="234" hits="0"/><line number="235" hits="0"/><line number="236" hits="0"/><line number="237" hits="0"/><line number="238" hits="0"/><line number="242" hits="0"/><line number="243" hits="0"/><line number="244" hits="0"/><line number="259" hits="0"/><line number="262" hits="0"/><line number="270" hits="0"/><line number="273" hits="0"/><line number="276" hits="0"/><line number="281" hits="0"/><line number="284" hits="0"/><line number="285" hits="0"/><line number="286" hits="0"/><line number="287" hits="0"/><line number="290" hits="0"/><line number="292" hits="0"/><line number="293" hits="0"/><line number="294" hits="0"/><line number="297" hits="0"/><line number="298" hits="0"/><line number="303" hits="0"/><line number="304" hits="0"/><line number="307" hits="0"/><line number="308" hits="0"/><line number="311" hits="0"/><line number="316" hits="0"/><line number="317" hits="0"/><line number="320" hits="0"/><line number="321" hits="0"/><line number="322" hits="0"/><line number="324" hits="0"/><line number="328" hits="0"/><line number="329" hits="0"/><line number="331" hits="0"/><line number="332" hits="0"/><line number="333" hits="0"/><line number="334" hits="0"/><line number="335" hits="0"/><line number="337" hits="0"/><line number="338" hits="0"/><line number="339" hits="0"/><line number="340" hits="0"/><line number="342" hits="0"/><line number="343" hits="0"/><line number="347" hits="0"/><line number="348" hits="0"/><line number="349" hits="0"/><line number="350" hits="0"/><line number="351" hits="0"/><line number="352" hits="0"/><line number="353" hits="0"/><line number="355" hits="0"/><line number="356" hits="0"/><line number="358" hits="0"/><line number="360" hits="0"/><line number="361" hits="0"/><line number="362" hits="0"/><line number="363" hits="0"/><line number="364" hits="0"/><line number="368" hits="0"/><line number="371" hits="0"/><line number="372" hits="0"/><line number="373" hits="0"/><line number="374" hits="0"/><line number="375" hits="0"/><line number="376" hits="0"/><line number="377" hits="0"/><line number="379" hits="0"/><line number="380" hits="0"/><line number="383" hits="0"/><line number="384" hits="0"/><line number="385" hits="0"/><line number="387" hits="0"/><line number="388" hits="0"/><line number="389" hits="0"/><line number="390" hits="0"/><line number="391" hits="0"/><line number="392" hits="0"/><line number="393" hits="0"/><line number="395" hits="0"/><line number="396" hits="0"/><line number="400" hits="0"/><line number="401" hits="0"/><line number="404" hits="0"/><line number="405" hits="0"/><line number="409" hits="0"/><line number="411" hits="0"/><line number="413" hits="0"/><line number="414" hits="0"/><line number="415" hits="0"/><line number="416" hits="0"/><line number="422" hits="0"/><line number="423" hits="0"/><line number="424" hits="0"/><line number="425" hits="0"/><line number="426" hits="0"/><line number="427" hits="0"/><line number="431" hits="0"/><line number="432" hits="0"/><line number="434" hits="0"/><line number="435" hits="0"/><line number="436" hits="0"/><line number="437" hits="0"/><line number="438" hits="0"/><line number="439" hits="0"/><line number="441" hits="0"/><line number="442" hits="0"/><line number="445" hits="0"/><line number="446" hits="0"/><line number="447" hits="0"/><line number="449" hits="0"/><line number="450" hits="0"/><line number="451" hits="0"/><line number="452" hits="0"/><line number="454" hits="0"/><line number="455" hits="0"/><line number="456" hits="0"/><line number="461" hits="0"/><line number="468" hits="0"/><line number="469" hits="0"/><line number="470" hits="0"/><line number="472" hits="0"/><line number="475" hits="0"/><line number="476" hits="0"/><line number="477" hits="0"/><line number="478" hits="0"/><line number="479" hits="0"/><line number="480" hits="0"/><line number="483" hits="0"/><line number="485" hits="0"/><line number="488" hits="0"/><line number="501" hits="0"/><line number="514" hits="0"/><line number="523" hits="0"/><line number="524" hits="0"/><line number="528" hits="0"/><line number="532" hits="0"/><line number="533" hits="0"/><line number="534" hits="0"/><line number="536" hits="0"/><line number="539" hits="0"/><line number="542" hits="0"/><line number="545" hits="0"/><line number="548" hits="0"/><line number="550" hits="0"/><line number="559" hits="0"/><line number="564" hits="0"/><line number="567" hits="0"/><line number="568" hits="0"/><line number="569" hits="0"/><line number="570" hits="0"/><line number="573" hits="0"/><line number="575" hits="0"/><line number="576" hits="0"/><line number="579" hits="0"/><line number="580" hits="0"/><line number="582" hits="0"/><line number="583" hits="0"/><line number="584" hits="0"/><line number="585" hits="0"/><line number="586" hits="0"/><line number="588" hits="0"/><line number="589" hits="0"/><line number="590" hits="0"/><line number="591" hits="0"/><line number="593" hits="0"/><line number="594" hits="0"/><line number="598" hits="0"/><line number="599" hits="0"/><line number="600" hits="0"/><line number="601" hits="0"/><line number="602" hits="0"/><line number="605" hits="0"/><line number="606" hits="0"/><line number="611" hits="0"/><line number="615" hits="0"/><line number="616" hits="0"/><line number="617" hits="0"/><line number="618" hits="0"/><line number="622" hits="0"/><line number="623" hits="0"/><line number="624" hits="0"/><line number="625" hits="0"/><line number="626" hits="0"/><line number="629" hits="0"/><line number="630" hits="0"/><line number="631" hits="0"/><line number="632" hits="0"/><line number="633" hits="0"/><line number="635" hits="0"/><line number="636" hits="0"/><line number="639" hits="0"/><line number="640" hits="0"/><line number="643" hits="0"/><line number="644" hits="0"/><line number="645" hits="0"/><line number="646" hits="0"/><line number="649" hits="0"/><line number="651" hits="0"/><line number="652" hits="0"/><line number="653" hits="0"/><line number="656" hits="0"/><line number="657" hits="0"/><line number="659" hits="0"/><line number="660" hits="0"/><line number="661" hits="0"/><line number="662" hits="0"/><line number="663" hits="0"/><line number="665" hits="0"/><line number="666" hits="0"/><line number="667" hits="0"/><line number="668" hits="0"/><line number="670" hits="0"/><line number="671" hits="0"/><line number="675" hits="0"/><line number="679" hits="0"/><line number="680" hits="0"/><line number="681" hits="0"/><line number="682" hits="0"/><line number="683" hits="0"/><line number="686" hits="0"/><line number="687" hits="0"/><line number="689" hits="0"/><line number="690" hits="0"/><line number="691" hits="0"/><line number="692" hits="0"/><line number="693" hits="0"/><line number="694" hits="0"/><line number="695" hits="0"/><line number="699" hits="0"/><line number="700" hits="0"/><line number="701" hits="0"/><line number="702" hits="0"/><line number="703" hits="0"/><line number="705" hits="0"/><line number="706" hits="0"/><line number="707" hits="0"/><line number="709" hits="0"/><line number="713" hits="0"/><line number="714" hits="0"/><line number="715" hits="0"/><line number="717" hits="0"/><line number="721" hits="0"/><line number="725" hits="0"/><line number="730" hits="0"/><line number="736" hits="0"/><line number="738" hits="0"/><line number="746" hits="0"/></lines></class><class name="title_screen" filename="src/game/screens/title_screen.rs" line-rate="0" branch-rate="0" complexity="0"><methods/><lines><line number="22" hits="0"/><line number="24" hits="0"/><line number="25" hits="0"/><line number="28" hits="0"/><line number="29" hits="0"/><line number="32" hits="0"/><line number="36" hits="0"/><line number="37" hits="0"/><line number="38" hits="0"/><line number="39" hits="0"/><line number="40" hits="0"/><line number="41" hits="0"/><line number="42" hits="0"/><line number="45" hits="0"/><line number="46" hits="0"/><line number="48" hits="0"/><line number="49" hits="0"/><line number="50" hits="0"/><line number="53" hits="0"/><line number="55" hits="0"/><line number="62" hits="0"/><line number="65" hits="0"/><line number="69" hits="0"/><line number="75" hits="0"/><line number="78" hits="0"/><line number="79" hits="0"/><line number="83" hits="0"/><line number="84" hits="0"/><line number="85" hits="0"/><line number="87" hits="0"/><line number="88" hits="0"/><line number="91" hits="0"/><line number="92" hits="0"/><line number="93" hits="0"/><line number="95" hits="0"/><line number="98" hits="0"/><line number="99" hits="0"/><line number="101" hits="0"/><line number="103" hits="0"/><line number="105" hits="0"/><line number="107" hits="0"/><line number="108" hits="0"/><line number="110" hits="0"/><line number="117" hits="0"/><line number="126" hits="0"/><line number="133" hits="0"/><line number="143" hits="0"/><line number="144" hits="0"/><line number="145" hits="0"/><line number="147" hits="0"/><line number="148" hits="0"/><line number="149" hits="0"/><line number="150" hits="0"/><line number="151" hits="0"/><line number="152" hits="0"/><line number="154" hits="0"/><line number="155" hits="0"/><line number="159" hits="0"/><line number="160" hits="0"/><line number="161" hits="0"/><line number="162" hits="0"/><line number="163" hits="0"/><line number="164" hits="0"/><line number="167" hits="0"/><line number="168" hits="0"/><line number="170" hits="0"/><line number="171" hits="0"/><line number="172" hits="0"/><line number="173" hits="0"/><line number="174" hits="0"/><line number="175" hits="0"/><line number="176" hits="0"/><line number="177" hits="0"/><line number="178" hits="0"/><line number="179" hits="0"/><line number="182" hits="0"/><line number="184" hits="0"/><line number="187" hits="0"/><line number="195" hits="0"/><line number="196" hits="0"/><line number="197" hits="0"/><line number="200" hits="0"/><line number="201" hits="0"/><line number="202" hits="0"/><line number="206" hits="0"/><line number="207" hits="0"/><line number="209" hits="0"/><line number="210" hits="0"/><line number="211" hits="0"/><line number="212" hits="0"/><line number="213" hits="0"/><line number="214" hits="0"/><line number="215" hits="0"/><line number="216" hits="0"/><line number="217" hits="0"/><line number="219" hits="0"/><line number="220" hits="0"/><line number="221" hits="0"/><line number="222" hits="0"/><line number="225" hits="0"/><line number="226" hits="0"/><line number="228" hits="0"/><line number="230" hits="0"/><line number="232" hits="0"/><line number="233" hits="0"/><line number="234" hits="0"/><line number="235" hits="0"/><line number="238" hits="0"/><line number="239" hits="0"/><line number="240" hits="0"/><line number="241" hits="0"/><line number="242" hits="0"/><line number="243" hits="0"/><line number="244" hits="0"/><line number="247" hits="0"/><line number="250" hits="0"/><line number="254" hits="0"/><line number="255" hits="0"/><line number="256" hits="0"/><line number="259" hits="0"/><line number="261" hits="0"/><line number="262" hits="0"/><line number="265" hits="0"/><line number="266" hits="0"/><line number="269" hits="0"/><line number="270" hits="0"/><line number="272" hits="0"/><line number="276" hits="0"/><line number="277" hits="0"/><line number="280" hits="0"/><line number="282" hits="0"/><line number="283" hits="0"/><line number="284" hits="0"/><line number="285" hits="0"/><line number="287" hits="0"/><line number="290" hits="0"/><line number="291" hits="0"/><line number="293" hits="0"/><line number="296" hits="0"/><line number="302" hits="0"/></lines></class><class name="typing_screen" filename="src/game/screens/typing_screen.rs" line-rate="0" branch-rate="0" complexity="0"><methods/><lines><line number="47" hits="0"/><line number="48" hits="0"/><line number="49" hits="0"/><line number="50" hits="0"/><line number="51" hits="0"/><line number="53" hits="0"/><line number="55" hits="0"/><line number="57" hits="0"/><line number="58" hits="0"/><line number="59" hits="0"/><line number="61" hits="0"/><line number="62" hits="0"/><line number="63" hits="0"/><line number="64" hits="0"/><line number="67" hits="0"/><line number="68" hits="0"/><line number="69" hits="0"/><line number="70" hits="0"/><line number="71" hits="0"/><line number="72" hits="0"/><line number="73" hits="0"/><line number="75" hits="0"/><line number="80" hits="0"/><line number="83" hits="0"/><line number="85" hits="0"/><line number="86" hits="0"/><line number="89" hits="0"/><line number="90" hits="0"/><line number="92" hits="0"/><line number="94" hits="0"/><line number="96" hits="0"/><line number="97" hits="0"/><line number="98" hits="0"/><line number="100" hits="0"/><line number="101" hits="0"/><line number="102" hits="0"/><line number="103" hits="0"/><line number="106" hits="0"/><line number="107" hits="0"/><line number="108" hits="0"/><line number="109" hits="0"/><line number="110" hits="0"/><line number="111" hits="0"/><line number="112" hits="0"/><line number="114" hits="0"/><line number="119" hits="0"/><line number="120" hits="0"/><line number="122" hits="0"/><line number="123" hits="0"/><line number="131" hits="0"/><line number="132" hits="0"/><line number="133" hits="0"/><line number="135" hits="0"/><line number="143" hits="0"/><line number="146" hits="0"/><line number="148" hits="0"/><line number="149" hits="0"/><line number="150" hits="0"/><line number="151" hits="0"/><line number="152" hits="0"/><line number="153" hits="0"/><line number="154" hits="0"/><line number="155" hits="0"/><line number="156" hits="0"/><line number="157" hits="0"/><line number="158" hits="0"/><line number="159" hits="0"/><line number="163" hits="0"/><line number="164" hits="0"/><line number="165" hits="0"/><line number="167" hits="0"/><line number="185" hits="0"/><line number="192" hits="0"/><line number="195" hits="0"/><line number="196" hits="0"/><line number="198" hits="0"/><line number="199" hits="0"/><line number="200" hits="0"/><line number="203" hits="0"/><line number="205" hits="0"/><line number="207" hits="0"/><line number="208" hits="0"/><line number="209" hits="0"/><line number="210" hits="0"/><line number="211" hits="0"/><line number="212" hits="0"/><line number="213" hits="0"/><line number="214" hits="0"/><line number="215" hits="0"/><line number="216" hits="0"/><line number="217" hits="0"/><line number="218" hits="0"/><line number="222" hits="0"/><line number="223" hits="0"/><line number="224" hits="0"/><line number="226" hits="0"/><line number="244" hits="0"/><line number="251" hits="0"/><line number="252" hits="0"/><line number="255" hits="0"/><line number="257" hits="0"/><line number="259" hits="0"/><line number="260" hits="0"/><line number="261" hits="0"/><line number="262" hits="0"/><line number="263" hits="0"/><line number="264" hits="0"/><line number="265" hits="0"/><line number="266" hits="0"/><line number="267" hits="0"/><line number="268" hits="0"/><line number="269" hits="0"/><line number="270" hits="0"/><line number="274" hits="0"/><line number="275" hits="0"/><line number="276" hits="0"/><line number="278" hits="0"/><line number="281" hits="0"/><line number="287" hits="0"/><line number="294" hits="0"/><line number="295" hits="0"/><line number="298" hits="0"/><line number="300" hits="0"/><line number="301" hits="0"/><line number="304" hits="0"/><line number="306" hits="0"/><line number="308" hits="0"/><line number="309" hits="0"/><line number="310" hits="0"/><line number="313" hits="0"/><line number="314" hits="0"/><line number="315" hits="0"/><line number="319" hits="0"/><line number="320" hits="0"/><line number="321" hits="0"/><line number="322" hits="0"/><line number="323" hits="0"/><line number="324" hits="0"/><line number="326" hits="0"/><line number="330" hits="0"/><line number="331" hits="0"/><line number="333" hits="0"/><line number="335" hits="0"/><line number="339" hits="0"/><line number="340" hits="0"/><line number="341" hits="0"/><line number="342" hits="0"/><line number="345" hits="0"/><line number="346" hits="0"/><line number="348" hits="0"/><line number="350" hits="0"/><line number="353" hits="0"/><line number="355" hits="0"/><line number="357" hits="0"/><line number="358" hits="0"/><line number="360" hits="0"/><line number="361" hits="0"/><line number="362" hits="0"/><line number="365" hits="0"/><line number="370" hits="0"/><line number="371" hits="0"/><line number="374" hits="0"/><line number="376" hits="0"/><line number="379" hits="0"/><line number="380" hits="0"/><line number="382" hits="0"/><line number="383" hits="0"/><line number="384" hits="0"/><line number="386" hits="0"/><line number="387" hits="0"/><line number="388" hits="0"/><line number="391" hits="0"/><line number="392" hits="0"/><line number="393" hits="0"/><line number="396" hits="0"/><line number="400" hits="0"/><line number="401" hits="0"/><line number="404" hits="0"/><line number="405" hits="0"/><line number="408" hits="0"/><line number="410" hits="0"/><line number="411" hits="0"/><line number="412" hits="0"/><line number="413" hits="0"/><line number="416" hits="0"/><line number="417" hits="0"/><line number="418" hits="0"/><line number="421" hits="0"/><line number="423" hits="0"/><line number="427" hits="0"/><line number="428" hits="0"/><line number="429" hits="0"/><line number="430" hits="0"/><line number="431" hits="0"/><line number="432" hits="0"/><line number="433" hits="0"/><line number="434" hits="0"/><line number="435" hits="0"/><line number="436" hits="0"/><line number="437" hits="0"/><line number="438" hits="0"/><line number="439" hits="0"/><line number="443" hits="0"/><line number="445" hits="0"/><line number="446" hits="0"/><line number="447" hits="0"/><line number="448" hits="0"/><line number="452" hits="0"/><line number="453" hits="0"/><line number="456" hits="0"/><line number="457" hits="0"/><line number="461" hits="0"/><line number="462" hits="0"/><line number="463" hits="0"/><line number="464" hits="0"/><line number="467" hits="0"/><line number="470" hits="0"/><line number="471" hits="0"/><line number="472" hits="0"/><line number="473" hits="0"/><line number="474" hits="0"/><line number="478" hits="0"/><line number="479" hits="0"/><line number="480" hits="0"/><line number="481" hits="0"/><line number="482" hits="0"/><line number="486" hits="0"/><line number="487" hits="0"/><line number="490" hits="0"/><line number="491" hits="0"/><line number="494" hits="0"/><line number="495" hits="0"/><line number="498" hits="0"/><line number="500" hits="0"/><line number="503" hits="0"/><line number="508" hits="0"/><line number="509" hits="0"/><line number="510" hits="0"/><line number="511" hits="0"/><line number="514" hits="0"/><line number="515" hits="0"/><line number="517" hits="0"/><line number="518" hits="0"/><line number="519" hits="0"/><line number="521" hits="0"/><line number="522" hits="0"/><line number="523" hits="0"/><line number="526" hits="0"/><line number="527" hits="0"/><line number="528" hits="0"/><line number="531" hits="0"/><line number="534" hits="0"/><line number="535" hits="0"/><line number="538" hits="0"/><line number="539" hits="0"/><line number="540" hits="0"/><line number="541" hits="0"/><line number="543" hits="0"/></lines></class></classes></package><package name="src/game" line-rate="0.16507763552165622" branch-rate="0" complexity="0"><classes><class name="ascii_digits" filename="src/game/ascii_digits.rs" line-rate="0" branch-rate="0" complexity="0"><methods/><lines><line number="3" hits="0"/><line number="6" hits="0"/><line number="8" hits="0"/><line number="10" hits="0"/><line number="12" hits="0"/><line number="14" hits="0"/><line number="16" hits="0"/><line number="18" hits="0"/><line number="20" hits="0"/><line number="22" hits="0"/><line number="24" hits="0"/></lines></class><class name="ascii_rank_titles_generated" filename="src/game/ascii_rank_titles_generated.rs" line-rate="1" branch-rate="0" complexity="0"><methods/><lines><line number="5" hits="3"/><line number="6" hits="3"/><line number="9" hits="12"/><line number="10" hits="3"/><line number="11" hits="3"/><line number="12" hits="3"/><line number="13" hits="3"/><line number="14" hits="3"/><line number="15" hits="3"/><line number="19" hits="9"/><line number="20" hits="3"/><line number="21" hits="3"/><line number="22" hits="3"/><line number="23" hits="3"/><line number="24" hits="3"/><line number="25" hits="3"/><line number="29" hits="9"/><line number="30" hits="3"/><line number="31" hits="3"/><line number="32" hits="3"/><line number="33" hits="3"/><line number="34" hits="3"/><line number="35" hits="3"/><line number="39" hits="9"/><line number="40" hits="3"/><line number="41" hits="3"/><line number="42" hits="3"/><line number="43" hits="3"/><line number="44" hits="3"/><line number="45" hits="3"/><line number="49" hits="9"/><line number="50" hits="3"/><line number="51" hits="3"/><line number="52" hits="3"/><line number="53" hits="3"/><line number="54" hits="3"/><line number="55" hits="3"/><line number="59" hits="9"/><line number="60" hits="3"/><line number="61" hits="3"/><line number="62" hits="3"/><line number="63" hits="3"/><line number="64" hits="3"/><line number="65" hits="3"/><line number="69" hits="9"/><line number="70" hits="3"/><line number="71" hits="3"/><line number="72" hits="3"/><line number="73" hits="3"/><line number="74" hits="3"/><line number="75" hits="3"/><line number="79" hits="9"/><line number="80" hits="3"/><line number="81" hits="3"/><line number="82" hits="3"/><line number="83" hits="3"/><line number="84" hits="3"/><line number="85" hits="3"/><line number="89" hits="9"/><line number="90" hits="3"/><line number="91" hits="3"/><line number="92" hits="3"/><line number="93" hits="3"/><line number="94" hits="3"/><line number="95" hits="3"/><line number="96" hits="3"/><line number="97" hits="3"/><line number="98" hits="3"/><line number="99" hits="3"/><line number="100" hits="3"/><line number="104" hits="9"/><line number="105" hits="3"/><line number="106" hits="3"/><line number="107" hits="3"/><line number="108" hits="3"/><line number="109" hits="3"/><line number="110" hits="3"/><line number="114" hits="9"/><line number="115" hits="3"/><line number="116" hits="3"/><line number="117" hits="3"/><line number="118" hits="3"/><line number="119" hits="3"/><line number="120" hits="3"/><line number="124" hits="9"/><line number="125" hits="3"/><line number="126" hits="3"/><line number="127" hits="3"/><line number="128" hits="3"/><line number="129" hits="3"/><line number="130" hits="3"/><line number="134" hits="9"/><line number="135" hits="3"/><line number="136" hits="3"/><line number="137" hits="3"/><line number="138" hits="3"/><line number="139" hits="3"/><line number="140" hits="3"/><line number="144" hits="9"/><line number="145" hits="3"/><line number="146" hits="3"/><line number="147" hits="3"/><line number="148" hits="3"/><line number="149" hits="3"/><line number="150" hits="3"/><line number="154" hits="9"/><line number="155" hits="3"/><line number="156" hits="3"/><line number="157" hits="3"/><line number="158" hits="3"/><line number="159" hits="3"/><line number="160" hits="3"/><line number="164" hits="9"/><line number="165" hits="3"/><line number="166" hits="3"/><line number="167" hits="3"/><line number="168" hits="3"/><line number="169" hits="3"/><line number="170" hits="3"/><line number="174" hits="9"/><line number="175" hits="3"/><line number="176" hits="3"/><line number="177" hits="3"/><line number="178" hits="3"/><line number="179" hits="3"/><line number="180" hits="3"/><line number="181" hits="3"/><line number="182" hits="3"/><line number="183" hits="3"/><line number="184" hits="3"/><line number="188" hits="9"/><line number="189" hits="3"/><line number="190" hits="3"/><line number="191" hits="3"/><line number="192" hits="3"/><line number="193" hits="3"/><line number="194" hits="3"/><line number="195" hits="3"/><line number="196" hits="3"/><line number="197" hits="3"/><line number="198" hits="3"/><line number="199" hits="3"/><line number="203" hits="9"/><line number="204" hits="3"/><line number="205" hits="3"/><line number="206" hits="3"/><line number="207" hits="3"/><line number="208" hits="3"/><line number="209" hits="3"/><line number="213" hits="9"/><line number="214" hits="3"/><line number="215" hits="3"/><line number="216" hits="3"/><line number="217" hits="3"/><line number="218" hits="3"/><line number="219" hits="3"/><line number="220" hits="3"/><line number="221" hits="3"/><line number="222" hits="3"/><line number="223" hits="3"/><line number="227" hits="9"/><line number="228" hits="3"/><line number="229" hits="3"/><line number="230" hits="3"/><line number="231" hits="3"/><line number="232" hits="3"/><line number="233" hits="3"/><line number="237" hits="9"/><line number="238" hits="3"/><line number="239" hits="3"/><line number="240" hits="3"/><line number="241" hits="3"/><line number="242" hits="3"/><line number="243" hits="3"/><line number="247" hits="9"/><line number="248" hits="3"/><line number="249" hits="3"/><line number="250" hits="3"/><line number="251" hits="3"/><line number="252" hits="3"/><line number="253" hits="3"/><line number="257" hits="9"/><line number="258" hits="3"/><line number="259" hits="3"/><line number="260" hits="3"/><line number="261" hits="3"/><line number="262" hits="3"/><line number="263" hits="3"/><line number="267" hits="9"/><line number="268" hits="3"/><line number="269" hits="3"/><line number="270" hits="3"/><line number="271" hits="3"/><line number="272" hits="3"/><line number="273" hits="3"/><line number="277" hits="9"/><line number="278" hits="3"/><line number="279" hits="3"/><line number="280" hits="3"/><line number="281" hits="3"/><line number="282" hits="3"/><line number="283" hits="3"/><line number="287" hits="9"/><line number="288" hits="3"/><line number="289" hits="3"/><line number="290" hits="3"/><line number="291" hits="3"/><line number="292" hits="3"/><line number="293" hits="3"/><line number="297" hits="9"/><line number="298" hits="3"/><line number="299" hits="3"/><line number="300" hits="3"/><line number="301" hits="3"/><line number="302" hits="3"/><line number="303" hits="3"/><line number="307" hits="9"/><line number="308" hits="3"/><line number="309" hits="3"/><line number="310" hits="3"/><line number="311" hits="3"/><line number="312" hits="3"/><line number="313" hits="3"/><line number="314" hits="3"/><line number="315" hits="3"/><line number="316" hits="3"/><line number="317" hits="3"/><line number="321" hits="9"/><line number="322" hits="3"/><line number="323" hits="3"/><line number="324" hits="3"/><line number="325" hits="3"/><line number="326" hits="3"/><line number="327" hits="3"/><line number="331" hits="9"/><line number="332" hits="3"/><line number="333" hits="3"/><line number="334" hits="3"/><line number="335" hits="3"/><line number="336" hits="3"/><line number="337" hits="3"/><line number="341" hits="9"/><line number="342" hits="3"/><line number="343" hits="3"/><line number="344" hits="3"/><line number="345" hits="3"/><line number="346" hits="3"/><line number="347" hits="3"/><line number="351" hits="9"/><line number="352" hits="3"/><line number="353" hits="3"/><line number="354" hits="3"/><line number="355" hits="3"/><line number="356" hits="3"/><line number="357" hits="3"/><line number="358" hits="3"/><line number="359" hits="3"/><line number="360" hits="3"/><line number="361" hits="3"/><line number="365" hits="9"/><line number="366" hits="3"/><line number="367" hits="3"/><line number="368" hits="3"/><line number="369" hits="3"/><line number="370" hits="3"/><line number="371" hits="3"/><line number="372" hits="3"/><line number="373" hits="3"/><line number="374" hits="3"/><line number="375" hits="3"/><line number="379" hits="9"/><line number="380" hits="3"/><line number="381" hits="3"/><line number="382" hits="3"/><line number="383" hits="3"/><line number="384" hits="3"/><line number="385" hits="3"/><line number="389" hits="9"/><line number="390" hits="3"/><line number="391" hits="3"/><line number="392" hits="3"/><line number="393" hits="3"/><line number="394" hits="3"/><line number="395" hits="3"/><line number="399" hits="9"/><line number="400" hits="3"/><line number="401" hits="3"/><line number="402" hits="3"/><line number="403" hits="3"/><line number="404" hits="3"/><line number="405" hits="3"/><line number="409" hits="9"/><line number="410" hits="3"/><line number="411" hits="3"/><line number="412" hits="3"/><line number="413" hits="3"/><line number="414" hits="3"/><line number="415" hits="3"/><line number="416" hits="3"/><line number="417" hits="3"/><line number="418" hits="3"/><line number="419" hits="3"/><line number="423" hits="9"/><line number="424" hits="3"/><line number="425" hits="3"/><line number="426" hits="3"/><line number="427" hits="3"/><line number="428" hits="3"/><line number="429" hits="3"/><line number="430" hits="3"/><line number="431" hits="3"/><line number="432" hits="3"/><line number="433" hits="3"/><line number="437" hits="9"/><line number="438" hits="3"/><line number="439" hits="3"/><line number="440" hits="3"/><line number="441" hits="3"/><line number="442" hits="3"/><line number="443" hits="3"/><line number="447" hits="9"/><line number="448" hits="3"/><line number="449" hits="3"/><line number="450" hits="3"/><line number="451" hits="3"/><line number="452" hits="3"/><line number="453" hits="3"/><line number="454" hits="3"/><line number="455" hits="3"/><line number="456" hits="3"/><line number="457" hits="3"/><line number="461" hits="9"/><line number="462" hits="3"/><line number="463" hits="3"/><line number="464" hits="3"/><line number="465" hits="3"/><line number="466" hits="3"/><line number="467" hits="3"/><line number="471" hits="9"/><line number="472" hits="3"/><line number="473" hits="3"/><line number="474" hits="3"/><line number="475" hits="3"/><line number="476" hits="3"/><line number="477" hits="3"/><line number="478" hits="3"/><line number="479" hits="3"/><line number="480" hits="3"/><line number="481" hits="3"/><line number="485" hits="9"/><line number="486" hits="3"/><line number="487" hits="3"/><line number="488" hits="3"/><line number="489" hits="3"/><line number="490" hits="3"/><line number="491" hits="3"/><line number="495" hits="9"/><line number="496" hits="3"/><line number="497" hits="3"/><line number="498" hits="3"/><line number="499" hits="3"/><line number="500" hits="3"/><line number="501" hits="3"/><line number="505" hits="9"/><line number="506" hits="3"/><line number="507" hits="3"/><line number="508" hits="3"/><line number="509" hits="3"/><line number="510" hits="3"/><line number="511" hits="3"/><line number="515" hits="9"/><line number="516" hits="3"/><line number="517" hits="3"/><line number="518" hits="3"/><line number="519" hits="3"/><line number="520" hits="3"/><line number="521" hits="3"/><line number="522" hits="3"/><line number="523" hits="3"/><line number="524" hits="3"/><line number="525" hits="3"/><line number="529" hits="9"/><line number="530" hits="3"/><line number="531" hits="3"/><line number="532" hits="3"/><line number="533" hits="3"/><line number="534" hits="3"/><line number="535" hits="3"/><line number="539" hits="9"/><line number="540" hits="3"/><line number="541" hits="3"/><line number="542" hits="3"/><line number="543" hits="3"/><line number="544" hits="3"/><line number="545" hits="3"/><line number="549" hits="9"/><line number="550" hits="3"/><line number="551" hits="3"/><line number="552" hits="3"/><line number="553" hits="3"/><line number="554" hits="3"/><line number="555" hits="3"/><line number="556" hits="3"/><line number="557" hits="3"/><line number="558" hits="3"/><line number="559" hits="3"/><line number="563" hits="9"/><line number="564" hits="3"/><line number="565" hits="3"/><line number="566" hits="3"/><line number="567" hits="3"/><line number="568" hits="3"/><line number="569" hits="3"/><line number="573" hits="9"/><line number="574" hits="3"/><line number="575" hits="3"/><line number="576" hits="3"/><line number="577" hits="3"/><line number="578" hits="3"/><line number="579" hits="3"/><line number="583" hits="8"/><line number="584" hits="3"/><line number="585" hits="3"/><line number="586" hits="3"/><line number="587" hits="3"/><line number="588" hits="2"/><line number="589" hits="2"/><line number="593" hits="6"/><line number="594" hits="2"/><line number="595" hits="2"/><line number="596" hits="2"/><line number="597" hits="2"/><line number="598" hits="2"/><line number="599" hits="2"/><line number="600" hits="2"/><line number="601" hits="2"/><line number="602" hits="2"/><line number="603" hits="2"/><line number="607" hits="6"/><line number="608" hits="2"/><line number="609" hits="2"/><line number="610" hits="3"/><line number="611" hits="2"/><line number="612" hits="2"/><line number="613" hits="2"/><line number="617" hits="6"/><line number="618" hits="2"/><line number="619" hits="2"/><line number="620" hits="2"/><line number="621" hits="2
[...]
number="10" hits="0"/><line number="11" hits="0"/><line number="12" hits="0"/><line number="15" hits="0"/><line number="17" hits="0"/></lines></class><class name="history" filename="src/storage/history.rs" line-rate="0" branch-rate="0" complexity="0"><methods/><lines><line number="6" hits="0"/><line number="7" hits="0"/><line number="16" hits="0"/><line number="18" hits="0"/></lines></class></classes></package><package name="tests" line-rate="0" branch-rate="0" complexity="0"><classes></classes></package><package name="src/cli" line-rate="0" branch-rate="0" complexity="0"><classes><class name="config" filename="src/cli/config.rs" line-rate="0" branch-rate="0" complexity="0"><methods/><lines><line number="22" hits="0"/><line number="24" hits="0"/></lines></class></classes></package><package name="src/extractor" line-rate="0.5167464114832536" branch-rate="0" complexity="0"><classes><class name="centered_progress" filename="src/extractor/centered_progress.rs" line-rate="0" branch-rate="0" complexity="0"><methods/><lines><line number="10" hits="0"/><line number="11" hits="0"/><line number="12" hits="0"/><line number="13" hits="0"/><line number="16" hits="0"/><line number="17" hits="0"/><line number="22" hits="0"/><line number="23" hits="0"/><line number="26" hits="0"/><line number="30" hits="0"/><line number="34" hits="0"/><line number="35" hits="0"/><line number="36" hits="0"/><line number="37" hits="0"/><line number="41" hits="0"/><line number="42" hits="0"/><line number="45" hits="0"/><line number="46" hits="0"/></lines></class><class name="challenge_converter" filename="src/extractor/challenge_converter.rs" line-rate="0.6369426751592356" branch-rate="0" complexity="0"><methods/><lines><line number="8" hits="0"/><line number="9" hits="0"/><line number="18" hits="2"/><line number="19" hits="4"/><line number="20" hits="4"/><line number="21" hits="4"/><line number="23" hits="2"/><line number="24" hits="2"/><line number="25" hits="2"/><line number="26" hits="2"/><line number="29" hits="2"/><line number="30" hits="2"/><line number="32" hits="4"/><line number="34" hits="2"/><line number="35" hits="2"/><line number="36" hits="2"/><line number="37" hits="2"/><line number="38" hits="2"/><line number="41" hits="4"/><line number="42" hits="2"/><line number="43" hits="2"/><line number="48" hits="2"/><line number="55" hits="0"/><line number="57" hits="0"/><line number="58" hits="0"/><line number="62" hits="0"/><line number="67" hits="0"/><line number="69" hits="0"/><line number="70" hits="0"/><line number="71" hits="0"/><line number="74" hits="0"/><line number="77" hits="0"/><line number="82" hits="0"/><line number="84" hits="0"/><line number="85" hits="0"/><line number="86" hits="0"/><line number="87" hits="0"/><line number="88" hits="0"/><line number="90" hits="0"/><line number="91" hits="0"/><line number="92" hits="0"/><line number="93" hits="0"/><line number="94" hits="0"/><line number="96" hits="0"/><line number="100" hits="0"/><line number="103" hits="0"/><line number="104" hits="0"/><line number="105" hits="0"/><line number="106" hits="0"/><line number="107" hits="0"/><line number="108" hits="0"/><line number="109" hits="0"/><line number="113" hits="2"/><line number="120" hits="2"/><line number="121" hits="0"/><line number="125" hits="2"/><line number="126" hits="2"/><line number="127" hits="4"/><line number="128" hits="2"/><line number="131" hits="2"/><line number="133" hits="2"/><line number="134" hits="2"/><line number="137" hits="4"/><line number="140" hits="2"/><line number="141" hits="4"/><line number="145" hits="2"/><line number="146" hits="4"/><line number="147" hits="4"/><line number="149" hits="2"/><line number="153" hits="2"/><line number="155" hits="2"/><line number="158" hits="1"/><line number="160" hits="1"/><line number="161" hits="3"/><line number="164" hits="2"/><line number="165" hits="2"/><line number="168" hits="1"/><line number="169" hits="1"/><line number="170" hits="1"/><line number="172" hits="2"/><line number="176" hits="1"/><line number="177" hits="2"/><line number="178" hits="2"/><line number="179" hits="2"/><line number="181" hits="3"/><line number="183" hits="1"/><line number="184" hits="1"/><line number="185" hits="1"/><line number="187" hits="1"/><line number="188" hits="1"/><line number="189" hits="2"/><line number="191" hits="2"/><line number="197" hits="0"/><line number="200" hits="2"/><line number="201" hits="2"/><line number="202" hits="2"/><line number="204" hits="4"/><line number="206" hits="4"/><line number="211" hits="4"/><line number="213" hits="4"/><line number="215" hits="4"/><line number="216" hits="2"/><line number="220" hits="2"/><line number="223" hits="1"/><line number="229" hits="1"/><line number="230" hits="1"/><line number="231" hits="1"/><line number="232" hits="1"/><line number="234" hits="3"/><line number="235" hits="2"/><line number="238" hits="2"/><line number="239" hits="2"/><line number="241" hits="2"/><line number="246" hits="2"/><line number="248" hits="1"/><line number="250" hits="2"/><line number="251" hits="1"/><line number="256" hits="1"/><line number="258" hits="2"/><line number="262" hits="3"/><line number="263" hits="1"/><line number="267" hits="2"/><line number="271" hits="0"/><line number="274" hits="1"/><line number="275" hits="1"/><line number="278" hits="1"/><line number="279" hits="1"/><line number="283" hits="3"/><line number="284" hits="1"/><line number="288" hits="1"/><line number="295" hits="1"/><line number="302" hits="1"/><line number="304" hits="0"/><line number="305" hits="0"/><line number="306" hits="0"/><line number="307" hits="0"/><line number="309" hits="0"/><line number="312" hits="0"/><line number="318" hits="0"/><line number="322" hits="0"/><line number="324" hits="0"/><line number="325" hits="0"/><line number="326" hits="0"/><line number="327" hits="0"/><line number="328" hits="0"/><line number="330" hits="0"/><line number="331" hits="0"/><line number="332" hits="0"/><line number="333" hits="0"/><line number="334" hits="0"/><line number="336" hits="0"/><line number="340" hits="0"/><line number="343" hits="2"/><line number="344" hits="2"/><line number="345" hits="2"/><line number="346" hits="0"/><line number="347" hits="0"/></lines></class><class name="git_info" filename="src/extractor/git_info.rs" line-rate="0.13043478260869565" branch-rate="0" complexity="0"><methods/><lines><line number="19" hits="0"/><line number="20" hits="0"/><line number="29" hits="3"/><line number="31" hits="3"/><line number="32" hits="3"/><line number="35" hits="0"/><line number="40" hits="6"/><line number="41" hits="0"/><line number="42" hits="3"/><line number="45" hits="0"/><line number="46" hits="0"/><line number="47" hits="0"/><line number="48" hits="0"/><line number="49" hits="0"/><line number="51" hits="0"/><line number="52" hits="0"/><line number="53" hits="0"/><line number="54" hits="0"/><line number="55" hits="0"/><line number="56" hits="0"/><line number="60" hits="0"/><line number="64" hits="3"/><line number="65" hits="3"/><line number="68" hits="3"/><line number="69" hits="6"/><line number="70" hits="0"/><line number="74" hits="6"/><line number="75" hits="3"/><line number="76" hits="3"/><line number="82" hits="0"/><line number="83" hits="0"/><line number="84" hits="0"/><line number="87" hits="0"/><line number="88" hits="0"/><line number="89" hits="0"/><line number="90" hits="0"/><line number="92" hits="0"/><line number="94" hits="0"/><line number="95" hits="0"/><line number="96" hits="0"/><line number="100" hits="0"/><line number="101" hits="0"/><line number="104" hits="0"/><line number="106" hits="0"/><line number="107" hits="0"/><line number="108" hits="0"/><line number="109" hits="0"/><line number="110" hits="0"/><line number="111" hits="0"/><line number="116" hits="0"/><line number="117" hits="0"/><line number="118" hits="0"/><line number="119" hits="0"/><line number="120" hits="0"/><line number="121" hits="0"/><line number="126" hits="0"/><line number="127" hits="0"/><line number="128" hits="0"/><line number="129" hits="0"/><line number="130" hits="0"/><line number="131" hits="0"/><line number="135" hits="0"/><line number="138" hits="0"/><line number="139" hits="0"/><line number="140" hits="0"/><line number="141" hits="0"/><line number="143" hits="0"/><line number="145" hits="0"/><line number="146" hits="0"/><line number="147" hits="0"/><line number="151" hits="0"/><line number="152" hits="0"/><line number="155" hits="0"/><line number="156" hits="0"/><line number="157" hits="0"/><line number="158" hits="0"/><line number="160" hits="0"/><line number="162" hits="0"/><line number="163" hits="0"/><line number="164" hits="0"/><line number="168" hits="0"/><line number="169" hits="0"/><line number="172" hits="0"/><line number="173" hits="0"/><line number="174" hits="0"/><line number="175" hits="0"/><line number="177" hits="0"/><line number="179" hits="0"/><line number="180" hits="0"/><line number="181" hits="0"/><line number="185" hits="0"/><line number="186" hits="0"/></lines></class><class name="language" filename="src/extractor/language.rs" line-rate="0.5" branch-rate="0" complexity="0"><methods/><lines><line number="9" hits="3"/><line number="11" hits="6"/><line number="12" hits="2"/><line number="13" hits="2"/><line number="14" hits="1"/><line number="18" hits="0"/><line number="19" hits="0"/><line number="20" hits="0"/><line number="21" hits="0"/><line number="22" hits="0"/></lines></class><class name="parser" filename="src/extractor/parser.rs" line-rate="0.7931034482758621" branch-rate="0" complexity="0"><methods/><lines><line number="17" hits="3"/><line number="19" hits="9"/><line number="25" hits="11"/><line number="38" hits="7"/><line number="39" hits="6"/><line number="42" hits="6"/><line number="43" hits="4"/><line number="44" hits="6"/><line number="46" hits="5"/><line number="47" hits="9"/><line number="48" hits="4"/><line number="49" hits="0"/><line number="56" hits="1"/><line number="57" hits="2"/><line number="58" hits="1"/><line number="59" hits="0"/><line number="66" hits="0"/><line number="67" hits="0"/><line number="68" hits="0"/><line number="69" hits="0"/><line number="76" hits="4"/><line number="79" hits="3"/><line number="84" hits="1"/><line number="87" hits="5"/><line number="93" hits="7"/><line number="96" hits="2"/><line number="104" hits="5"/><line number="105" hits="11"/><line number="106" hits="8"/><line number="107" hits="0"/><line number="108" hits="8"/><line number="110" hits="5"/><line number="111" hits="0"/><line number="114" hits="9"/><line number="115" hits="8"/><line number="116" hits="5"/><line number="117" hits="5"/><line number="123" hits="4"/><line number="124" hits="5"/><line number="128" hits="2"/><line number="129" hits="4"/><line number="130" hits="4"/><line number="132" hits="12"/><line number="134" hits="0"/><line number="136" hits="13"/><line number="140" hits="2"/><line number="141" hits="5"/><line number="144" hits="2"/><line number="147" hits="5"/><line number="148" hits="9"/><line number="149" hits="8"/><line number="153" hits="2"/><line number="154" hits="2"/><line number="155" hits="3"/><line number="157" hits="3"/><line number="161" hits="0"/><line number="162" hits="0"/><line number="165" hits="3"/><line number="166" hits="5"/><line number="169" hits="8"/><line number="170" hits="13"/><line number="171" hits="11"/><line number="174" hits="0"/><line number="179" hits="3"/><line number="180" hits="14"/><line number="181" hits="11"/><line number="184" hits="3"/><line number="188" hits="0"/><line number="191" hits="0"/><line number="197" hits="0"/><line number="200" hits="3"/><line number="205" hits="5"/><line number="206" hits="9"/><line number="208" hits="9"/><line number="209" hits="0"/><line number="212" hits="10"/><line number="216" hits="0"/><line number="224" hits="0"/><line number="227" hits="4"/><line number="234" hits="6"/><line number="237" hits="4"/><line number="239" hits="6"/><line number="240" hits="2"/><line number="245" hits="1"/><line number="251" hits="1"/><line number="252" hits="0"/><line number="258" hits="7"/><line number="259" hits="0"/><line number="262" hits="7"/><line number="263" hits="5"/><line number="265" hits="7"/><line number="266" hits="13"/><line number="267" hits="2"/><line number="268" hits="4"/><line number="275" hits="3"/><line number="277" hits="3"/><line number="279" hits="7"/><line number="284" hits="4"/><line number="289" hits="0"/><line number="310" hits="2"/><line number="319" hits="4"/><line number="320" hits="3"/><line number="321" hits="3"/><line number="323" hits="2"/><line number="324" hits="7"/><line number="325" hits="3"/><line number="327" hits="3"/><line number="328" hits="2"/><line number="329" hits="1"/><line number="334" hits="6"/><line number="335" hits="3"/><line number="336" hits="4"/><line number="337" hits="4"/><line number="338" hits="2"/><line number="339" hits="6"/><line number="340" hits="2"/><line number="343" hits="3"/><line number="349" hits="7"/><line number="350" hits="3"/><line number="352" hits="2"/><line number="354" hits="1"/><line number="363" hits="2"/><line number="366" hits="3"/><line number="367" hits="2"/><line number="368" hits="2"/><line number="372" hits="2"/><line number="373" hits="2"/><line number="374" hits="2"/><line number="380" hits="0"/><line number="381" hits="0"/><line number="384" hits="4"/><line number="386" hits="5"/><line number="387" hits="0"/><line number="388" hits="0"/><line number="389" hits="0"/><line number="390" hits="0"/><line number="391" hits="0"/><line number="392" hits="0"/><line number="393" hits="0"/><line number="399" hits="5"/><line number="400" hits="7"/><line number="402" hits="5"/><line number="403" hits="2"/><line number="404" hits="7"/><line number="405" hits="5"/><line number="407" hits="7"/><line number="408" hits="5"/><line number="409" hits="2"/><line number="411" hits="2"/><line number="416" hits="0"/><line number="420" hits="0"/><line number="426" hits="0"/><line number="429" hits="5"/><line number="434" hits="2"/><line number="435" hits="8"/><line number="436" hits="0"/><line number="440" hits="5"/><line number="441" hits="2"/><line number="442" hits="5"/><line number="443" hits="2"/><line number="445" hits="7"/><line number="446" hits="7"/><line number="448" hits="5"/><line number="450" hits="9"/><line number="451" hits="2"/><line number="452" hits="5"/><line number="453" hits="7"/><line number="455" hits="5"/><line number="456" hits="7"/><line number="458" hits="4"/><line number="459" hits="0"/><line number="460" hits="0"/><line number="462" hits="2"/><line number="465" hits="7"/><line number="466" hits="4"/><line number="468" hits="10"/><line number="469" hits="7"/><line number="470" hits="4"/><line number="472" hits="4"/><line number="473" hits="3"/><line number="475" hits="7"/><line number="477" hits="4"/><line number="480" hits="0"/><line number="481" hits="0"/><line number="482" hits="0"/><line number="483" hits="0"/><line number="485" hits="0"/><line number="490" hits="10"/><line number="491" hits="2"/><line number="492" hits="4"/><line number="493" hits="6"/><line number="497" hits="2"/><line number="500" hits="2"/><line number="502" hits="4"/><line number="503" hits="2"/><line number="505" hits="3"/><line number="508" hits="1"/><line number="510" hits="2"/><line number="512" hits="5"/><line number="513" hits="3"/><line number="515" hits="0"/><line number="518" hits="2"/><line number="519" hits="1"/><line number="520" hits="1"/><line number="526" hits="2"/><line number="530" hits="0"/><line number="536" hits="0"/><line number="539" hits="6"/><line number="544" hits="4"/><line number="546" hits="6"/><line number="547" hits="4"/><line number="548" hits="1"/><line number="549" hits="0"/><line number="552" hits="9"/><line number="553" hits="4"/><line number="554" hits="0"/><line number="557" hits="8"/><line number="558" hits="7"/><line number="560" hits="10"/><line number="561" hits="2"/><line number="562" hits="1"/><line number="563" hits="1"/><line number="564" hits="1"/><line number="567" hits="1"/><line number="568" hits="1"/><line number="569" hits="2"/><line number="570" hits="0"/><line number="571" hits="0"/><line number="574" hits="1"/><line number="578" hits="1"/><line number="582" hits="8"/><line number="583" hits="2"/></lines></class><class name="progress" filename="src/extractor/progress.rs" line-rate="0.08" branch-rate="0" complexity="0"><methods/><lines><line number="7" hits="0"/><line number="8" hits="0"/><line number="15" hits="6"/><line number="16" hits="0"/><line number="17" hits="4"/><line number="18" hits="7"/><line number="19" hits="7"/><line number="30" hits="0"/><line number="31" hits="0"/><line number="36" hits="0"/><line number="38" hits="0"/><line number="39" hits="0"/><line number="41" hits="0"/><line number="45" hits="0"/><line number="46" hits="0"/><line number="47" hits="0"/><line number="50" hits="0"/><line number="51" hits="0"/><line number="52" hits="0"/><line number="53" hits="0"/><line number="58" hits="0"/><line number="59" hits="0"/><line number="60" hits="0"/><line number="61" hits="0"/><line number="62" hits="0"/><line number="64" hits="0"/><line number="65" hits="0"/><line number="66" hits="0"/><line number="70" hits="0"/><line number="71" hits="0"/><line number="74" hits="0"/><line number="75" hits="0"/><line number="76" hits="0"/><line number="77" hits="0"/><line number="78" hits="0"/><line number="79" hits="0"/><line number="81" hits="0"/><line number="82" hits="0"/><line number="84" hits="0"/><line number="91" hits="0"/><line number="95" hits="0"/><line number="96" hits="0"/><line number="97" hits="0"/><line number="98" hits="0"/><line number="99" hits="0"/><line number="101" hits="0"/><line number="109" hits="0"/><line number="113" hits="0"/><line number="114" hits="0"/><line number="115" hits="0"/></lines></class><class name="repository_loader" filename="src/extractor/repository_loader.rs" line-rate="0.27941176470588236" branch-rate="0" complexity="0"><methods/><lines><line number="16" hits="4"/><line number="17" hits="4"/><line number="18" hits="4"/><line number="20" hits="4"/><line number="23" hits="4"/><line number="27" hits="4"/><line number="32" hits="4"/><line number="39" hits="4"/><line number="45" hits="8"/><line number="46" hits="2"/><line number="50" hits="6"/><line number="52" hits="3"/><line number="53" hits="5"/><line number="54" hits="0"/><line number="55" hits="3"/><line number="57" hits="4"/><line number="58" hits="0"/><line number="61" hits="4"/><line number="63" hits="2"/><line number="65" hits="4"/><line number="66" hits="2"/><line number="78" hits="0"/><line number="79" hits="0"/><line number="82" hits="0"/><line number="83" hits="0"/><line number="84" hits="0"/><line number="85" hits="0"/><line number="86" hits="0"/><line number="87" hits="0"/><line number="88" hits="0"/><line number="90" hits="0"/><line number="91" hits="0"/><line number="92" hits="0"/><line number="93" hits="0"/><line number="94" hits="0"/><line number="95" hits="0"/><line number="98" hits="0"/><line number="99" hits="0"/><line number="102" hits="0"/><line number="103" hits="0"/><line number="104" hits="0"/><line number="105" hits="0"/><line number="107" hits="0"/><line number="108" hits="0"/><line number="113" hits="0"/><line number="116" hits="0"/><line number="117" hits="0"/><line number="119" hits="0"/><line number="124" hits="0"/><line number="125" hits="0"/><line number="126" hits="0"/><line number="127" hits="0"/><line number="129" hits="0"/><line number="130" hits="0"/><line number="131" hits="0"/><line number="133" hits="0"/><line number="136" hits="0"/><line number="137" hits="0"/><line number="138" hits="0"/><line number="143" hits="0"/><line number="146" hits="0"/><line number="148" hits="0"/><line number="151" hits="0"/><line number="153" hits="0"/><line number="156" hits="0"/><line number="158" hits="0"/><line number="160" hits="0"/><line number="163" hits="0"/></lines></class></classes></package></packages></coverage>