SF:/home/owner/.ghq/github.com/unhappychoice/gittype/generate_all_ascii_titles.rs
FN:20,_RNCNvCs6ZVsxm6bH5c_25generate_all_ascii_titles4main0B3_
FN:46,_RNCNvCs6ZVsxm6bH5c_25generate_all_ascii_titles4mains0_0B3_
FN:45,_RNCNvCs6ZVsxm6bH5c_25generate_all_ascii_titles4mains_0B3_
FN:10,_RNvCs6ZVsxm6bH5c_25generate_all_ascii_titles4main
FN:10,_RNvCsfSkhsc1jHZS_25generate_all_ascii_titles4main
FN:20,_RNCNvCsfSkhsc1jHZS_25generate_all_ascii_titles4main0B3_
FN:46,_RNCNvCsfSkhsc1jHZS_25generate_all_ascii_titles4mains0_0B3_
FN:45,_RNCNvCsfSkhsc1jHZS_25generate_all_ascii_titles4mains_0B3_
FNDA:0,_RNCNvCs6ZVsxm6bH5c_25generate_all_ascii_titles4main0B3_
FNDA:0,_RNCNvCs6ZVsxm6bH5c_25generate_all_ascii_titles4mains0_0B3_
FNDA:0,_RNCNvCs6ZVsxm6bH5c_25generate_all_ascii_titles4mains_0B3_
FNDA:0,_RNvCs6ZVsxm6bH5c_25generate_all_ascii_titles4main
FNDA:0,_RNvCsfSkhsc1jHZS_25generate_all_ascii_titles4main
FNDA:0,_RNCNvCsfSkhsc1jHZS_25generate_all_ascii_titles4main0B3_
FNDA:0,_RNCNvCsfSkhsc1jHZS_25generate_all_ascii_titles4mains0_0B3_
FNDA:0,_RNCNvCsfSkhsc1jHZS_25generate_all_ascii_titles4mains_0B3_
FNF:4
FNH:0
DA:10,0
DA:12,0
DA:13,0
DA:14,0
DA:15,0
DA:18,0
DA:19,0
DA:20,0
DA:21,0
DA:23,0
DA:24,0
DA:25,0
DA:28,0
DA:31,0
DA:32,0
DA:33,0
DA:36,0
DA:37,0
DA:38,0
DA:39,0
DA:41,0
DA:42,0
DA:43,0
DA:44,0
DA:45,0
DA:46,0
DA:47,0
DA:49,0
DA:50,0
DA:51,0
DA:52,0
DA:53,0
DA:54,0
DA:56,0
DA:57,0
DA:58,0
DA:59,0
DA:60,0
DA:64,0
DA:65,0
DA:66,0
DA:70,0
DA:72,0
DA:74,0
DA:75,0
DA:76,0
DA:77,0
DA:78,0
DA:79,0
DA:80,0
DA:81,0
DA:82,0
DA:83,0
DA:84,0
DA:85,0
DA:86,0
DA:87,0
DA:88,0
DA:89,0
DA:90,0
DA:93,0
DA:94,0
DA:96,0
DA:97,0
DA:98,0
DA:99,0
DA:101,0
DA:103,0
DA:104,0
DA:105,0
DA:106,0
DA:107,0
DA:110,0
DA:111,0
DA:114,0
DA:115,0
DA:116,0
DA:117,0
DA:118,0
DA:119,0
DA:120,0
DA:121,0
DA:122,0
DA:123,0
DA:124,0
DA:125,0
DA:126,0
DA:127,0
DA:128,0
DA:130,0
DA:131,0
DA:134,0
DA:135,0
DA:136,0
DA:137,0
DA:138,0
DA:141,0
DA:142,0
DA:143,0
DA:144,0
DA:146,0
DA:147,0
BRF:0
BRH:0
LF:105
LH:0
end_of_record
SF:/home/owner/.ghq/github.com/unhappychoice/gittype/src/cli/config.rs
FN:22,_RNvXNtNtCscZjyiejqBjN_7gittype3cli6configNtB2_6ConfigNtNtCs66KPHxksi63_4core7default7Default7default
FNDA:0,_RNvXNtNtCscZjyiejqBjN_7gittype3cli6configNtB2_6ConfigNtNtCs66KPHxksi63_4core7default7Default7default
FNF:1
FNH:0
DA:22,0
DA:23,0
DA:24,0
DA:25,0
DA:26,0
DA:27,0
DA:28,0
DA:29,0
DA:30,0
DA:31,0
DA:32,0
DA:33,0
DA:34,0
DA:35,0
DA:36,0
DA:37,0
DA:38,0
DA:39,0
BRF:0
BRH:0
LF:18
LH:0
end_of_record
SF:/home/owner/.ghq/github.com/unhappychoice/gittype/src/extractor/centered_progress.rs
FN:10,_RNvMNtNtCscZjyiejqBjN_7gittype9extractor17centered_progressNtB2_24CenteredProgressReporter3new
FN:16,_RNvMNtNtCscZjyiejqBjN_7gittype9extractor17centered_progressNtB2_24CenteredProgressReporter6finish
FN:26,_RNvXs_NtNtCscZjyiejqBjN_7gittype9extractor17centered_progressNtB4_24CenteredProgressReporterNtNtB6_8progress16ProgressReporter12set_progress
FN:41,_RNvXs_NtNtCscZjyiejqBjN_7gittype9extractor17centered_progressNtB4_24CenteredProgressReporterNtNtB6_8progress16ProgressReporter14update_spinner
FN:34,_RNvXs_NtNtCscZjyiejqBjN_7gittype9extractor17centered_progressNtB4_24CenteredProgressReporterNtNtB6_8progress16ProgressReporter15set_file_counts
FN:30,_RNvXs_NtNtCscZjyiejqBjN_7gittype9extractor17centered_progressNtB4_24CenteredProgressReporterNtNtB6_8progress16ProgressReporter16set_current_file
FN:45,_RNvXs_NtNtCscZjyiejqBjN_7gittype9extractor17centered_progressNtB4_24CenteredProgressReporterNtNtB6_8progress16ProgressReporter6finish
FN:22,_RNvXs_NtNtCscZjyiejqBjN_7gittype9extractor17centered_progressNtB4_24CenteredProgressReporterNtNtB6_8progress16ProgressReporter9set_phase
FNDA:0,_RNvMNtNtCscZjyiejqBjN_7gittype9extractor17centered_progressNtB2_24CenteredProgressReporter3new
FNDA:0,_RNvMNtNtCscZjyiejqBjN_7gittype9extractor17centered_progressNtB2_24CenteredProgressReporter6finish
FNDA:0,_RNvXs_NtNtCscZjyiejqBjN_7gittype9extractor17centered_progressNtB4_24CenteredProgressReporterNtNtB6_8progress16ProgressReporter12set_progress
FNDA:0,_RNvXs_NtNtCscZjyiejqBjN_7gittype9extractor17centered_progressNtB4_24CenteredProgressReporterNtNtB6_8progress16ProgressReporter14update_spinner
FNDA:0,_RNvXs_NtNtCscZjyiejqBjN_7gittype9extractor17centered_progressNtB4_24CenteredProgressReporterNtNtB6_8progress16ProgressReporter15set_file_counts
FNDA:0,_RNvXs_NtNtCscZjyiejqBjN_7gittype9extractor17centered_progressNtB4_24CenteredProgressReporterNtNtB6_8progress16ProgressReporter16set_current_file
FNDA:0,_RNvXs_NtNtCscZjyiejqBjN_7gittype9extractor17centered_progressNtB4_24CenteredProgressReporterNtNtB6_8progress16ProgressReporter6finish
FNDA:0,_RNvXs_NtNtCscZjyiejqBjN_7gittype9extractor17centered_progressNtB4_24CenteredProgressReporterNtNtB6_8progress16ProgressReporter9set_phase
FNF:8
FNH:0
DA:10,0
DA:11,0
DA:12,0
DA:13,0
DA:14,0
DA:16,0
DA:17,0
DA:18,0
DA:22,0
DA:23,0
DA:24,0
DA:26,0
DA:28,0
DA:30,0
DA:32,0
DA:34,0
DA:35,0
DA:36,0
DA:37,0
DA:38,0
DA:39,0
DA:41,0
DA:42,0
DA:43,0
DA:45,0
DA:46,0
DA:47,0
BRF:0
BRH:0
LF:27
LH:0
end_of_record
SF:/home/owner/.ghq/github.com/unhappychoice/gittype/src/extractor/challenge_converter.rs
FN:343,_RNvMs_NtNtCs4PyLZvEkasu_7gittype9extractor19challenge_converterNtB4_18ChallengeConverter18language_to_string
FN:274,_RNvMs_NtNtCs4PyLZvEkasu_7gittype9extractor19challenge_converterNtB4_18ChallengeConverter19is_natural_boundary
FN:200,_RNvMs_NtNtCs4PyLZvEkasu_7gittype9extractor19challenge_converterNtB4_18ChallengeConverter21count_code_characters
FN:223,_RNvMs_NtNtCs4PyLZvEkasu_7gittype9extractor19challenge_converterNtB4_18ChallengeConverter24find_optimal_break_point
FN:103,_RNvMs_NtNtCs4PyLZvEkasu_7gittype9extractor19challenge_converterNtB4_18ChallengeConverter25detect_language_from_path
FN:113,_RNvMs_NtNtCs4PyLZvEkasu_7gittype9extractor19challenge_converterNtB4_18ChallengeConverter25split_chunk_by_difficulty
FN:18,_RNvMs_NtNtCs4PyLZvEkasu_7gittype9extractor19challenge_converterNtB4_18ChallengeConverter26convert_chunk_to_challenge
FN:29,_RNvMs_NtNtCs4PyLZvEkasu_7gittype9extractor19challenge_converterNtB4_18ChallengeConverter28convert_chunks_to_challenges
FN:62,_RNvMs_NtNtCs4PyLZvEkasu_7gittype9extractor19challenge_converterNtB4_18ChallengeConverter29convert_with_difficulty_split
FN:77,_RNvMs_NtNtCs4PyLZvEkasu_7gittype9extractor19challenge_converterNtB4_18ChallengeConverter33convert_whole_files_to_challenges
FN:295,_RNvMs_NtNtCs4PyLZvEkasu_7gittype9extractor19challenge_converterNtB4_18ChallengeConverter36adjust_comment_ranges_for_truncation
FN:14,_RNvMs_NtNtCs4PyLZvEkasu_7gittype9extractor19challenge_converterNtB4_18ChallengeConverter3new
FN:318,_RNvMs_NtNtCs4PyLZvEkasu_7gittype9extractor19challenge_converterNtB4_18ChallengeConverter42convert_whole_files_to_zen_challenges_only
FN:8,_RNvXNtNtCs4PyLZvEkasu_7gittype9extractor19challenge_converterNtB2_18ChallengeConverterNtNtCs66KPHxksi63_4core7default7Default7default
FN:213,_RNCNvMs_NtNtCs4PyLZvEkasu_7gittype9extractor19challenge_converterNtB6_18ChallengeConverter21count_code_characters0Ba_
FN:248,_RNCNvMs_NtNtCs4PyLZvEkasu_7gittype9extractor19challenge_converterNtB6_18ChallengeConverter24find_optimal_break_point0Ba_
FN:104,_RNCNvMs_NtNtCs4PyLZvEkasu_7gittype9extractor19challenge_converterNtB6_18ChallengeConverter25detect_language_from_path0Ba_
FN:161,_RNCNvMs_NtNtCs4PyLZvEkasu_7gittype9extractor19challenge_converterNtB6_18ChallengeConverter25split_chunk_by_difficulty0Ba_
FN:302,_RNCNvMs_NtNtCs4PyLZvEkasu_7gittype9extractor19challenge_converterNtB6_18ChallengeConverter36adjust_comment_ranges_for_truncation0Ba_
FN:51,_RINvMs_NtNtCs4PyLZvEkasu_7gittype9extractor19challenge_converterNtB5_18ChallengeConverter19convert_with_filterpEB9_
FN:58,_RNCINvMs_NtNtCs4PyLZvEkasu_7gittype9extractor19challenge_converterNtB7_18ChallengeConverter19convert_with_filterpE0Bb_
FN:51,_RINvMs_NtNtCscZjyiejqBjN_7gittype9extractor19challenge_converterNtB5_18ChallengeConverter19convert_with_filterpEB9_
FN:58,_RNCINvMs_NtNtCscZjyiejqBjN_7gittype9extractor19challenge_converterNtB7_18ChallengeConverter19convert_with_filterpE0Bb_
FN:213,_RNCNvMs_NtNtCscZjyiejqBjN_7gittype9extractor19challenge_converterNtB6_18ChallengeConverter21count_code_characters0Ba_
FN:248,_RNCNvMs_NtNtCscZjyiejqBjN_7gittype9extractor19challenge_converterNtB6_18ChallengeConverter24find_optimal_break_point0Ba_
FN:104,_RNCNvMs_NtNtCscZjyiejqBjN_7gittype9extractor19challenge_converterNtB6_18ChallengeConverter25detect_language_from_path0Ba_
FN:161,_RNCNvMs_NtNtCscZjyiejqBjN_7gittype9extractor19challenge_converterNtB6_18ChallengeConverter25split_chunk_by_difficulty0Ba_
FN:302,_RNCNvMs_NtNtCscZjyiejqBjN_7gittype9extractor19challenge_converterNtB6_18ChallengeConverter36adjust_comment_ranges_for_truncation0Ba_
FN:343,_RNvMs_NtNtCscZjyiejqBjN_7gittype9extractor19challenge_converterNtB4_18ChallengeConverter18language_to_string
FN:274,_RNvMs_NtNtCscZjyiejqBjN_7gittype9extractor19challenge_converterNtB4_18ChallengeConverter19is_natural_boundary
FN:200,_RNvMs_NtNtCscZjyiejqBjN_7gittype9extractor19challenge_converterNtB4_18ChallengeConverter21count_code_characters
FN:223,_RNvMs_NtNtCscZjyiejqBjN_7gittype9extractor19challenge_converterNtB4_18ChallengeConverter24find_optimal_break_point
FN:103,_RNvMs_NtNtCscZjyiejqBjN_7gittype9extractor19challenge_converterNtB4_18ChallengeConverter25detect_language_from_path
FN:113,_RNvMs_NtNtCscZjyiejqBjN_7gittype9extractor19challenge_converterNtB4_18ChallengeConverter25split_chunk_by_difficulty
FN:18,_RNvMs_NtNtCscZjyiejqBjN_7gittype9extractor19challenge_converterNtB4_18ChallengeConverter26convert_chunk_to_challenge
FN:29,_RNvMs_NtNtCscZjyiejqBjN_7gittype9extractor19challenge_converterNtB4_18ChallengeConverter28convert_chunks_to_challenges
FN:62,_RNvMs_NtNtCscZjyiejqBjN_7gittype9extractor19challenge_converterNtB4_18ChallengeConverter29convert_with_difficulty_split
FN:77,_RNvMs_NtNtCscZjyiejqBjN_7gittype9extractor19challenge_converterNtB4_18ChallengeConverter33convert_whole_files_to_challenges
FN:295,_RNvMs_NtNtCscZjyiejqBjN_7gittype9extractor19challenge_converterNtB4_18ChallengeConverter36adjust_comment_ranges_for_truncation
FN:14,_RNvMs_NtNtCscZjyiejqBjN_7gittype9extractor19challenge_converterNtB4_18ChallengeConverter3new
FN:318,_RNvMs_NtNtCscZjyiejqBjN_7gittype9extractor19challenge_converterNtB4_18ChallengeConverter42convert_whole_files_to_zen_challenges_only
FN:8,_RNvXNtNtCscZjyiejqBjN_7gittype9extractor19challenge_converterNtB2_18ChallengeConverterNtNtCs66KPHxksi63_4core7default7Default7default
FNDA:24,_RNvMs_NtNtCs4PyLZvEkasu_7gittype9extractor19challenge_converterNtB4_18ChallengeConverter18language_to_string
FNDA:4,_RNvMs_NtNtCs4PyLZvEkasu_7gittype9extractor19challenge_converterNtB4_18ChallengeConverter19is_natural_boundary
FNDA:34,_RNvMs_NtNtCs4PyLZvEkasu_7gittype9extractor19challenge_converterNtB4_18ChallengeConverter21count_code_characters
FNDA:1,_RNvMs_NtNtCs4PyLZvEkasu_7gittype9extractor19challenge_converterNtB4_18ChallengeConverter24find_optimal_break_point
FNDA:0,_RNvMs_NtNtCs4PyLZvEkasu_7gittype9extractor19challenge_converterNtB4_18ChallengeConverter25detect_language_from_path
FNDA:44,_RNvMs_NtNtCs4PyLZvEkasu_7gittype9extractor19challenge_converterNtB4_18ChallengeConverter25split_chunk_by_difficulty
FNDA:23,_RNvMs_NtNtCs4PyLZvEkasu_7gittype9extractor19challenge_converterNtB4_18ChallengeConverter26convert_chunk_to_challenge
FNDA:3,_RNvMs_NtNtCs4PyLZvEkasu_7gittype9extractor19challenge_converterNtB4_18ChallengeConverter28convert_chunks_to_challenges
FNDA:0,_RNvMs_NtNtCs4PyLZvEkasu_7gittype9extractor19challenge_converterNtB4_18ChallengeConverter29convert_with_difficulty_split
FNDA:0,_RNvMs_NtNtCs4PyLZvEkasu_7gittype9extractor19challenge_converterNtB4_18ChallengeConverter33convert_whole_files_to_challenges
FNDA:1,_RNvMs_NtNtCs4PyLZvEkasu_7gittype9extractor19challenge_converterNtB4_18ChallengeConverter36adjust_comment_ranges_for_truncation
FNDA:5,_RNvMs_NtNtCs4PyLZvEkasu_7gittype9extractor19challenge_converterNtB4_18ChallengeConverter3new
FNDA:0,_RNvMs_NtNtCs4PyLZvEkasu_7gittype9extractor19challenge_converterNtB4_18ChallengeConverter42convert_whole_files_to_zen_challenges_only
FNDA:0,_RNvXNtNtCs4PyLZvEkasu_7gittype9extractor19challenge_converterNtB2_18ChallengeConverterNtNtCs66KPHxksi63_4core7default7Default7default
FNDA:495,_RNCNvMs_NtNtCs4PyLZvEkasu_7gittype9extractor19challenge_converterNtB6_18ChallengeConverter21count_code_characters0Ba_
FNDA:0,_RNCNvMs_NtNtCs4PyLZvEkasu_7gittype9extractor19challenge_converterNtB6_18ChallengeConverter24find_optimal_break_point0Ba_
FNDA:0,_RNCNvMs_NtNtCs4PyLZvEkasu_7gittype9extractor19challenge_converterNtB6_18ChallengeConverter25detect_language_from_path0Ba_
FNDA:3,_RNCNvMs_NtNtCs4PyLZvEkasu_7gittype9extractor19challenge_converterNtB6_18ChallengeConverter25split_chunk_by_difficulty0Ba_
FNDA:0,_RNCNvMs_NtNtCs4PyLZvEkasu_7gittype9extractor19challenge_converterNtB6_18ChallengeConverter36adjust_comment_ranges_for_truncation0Ba_
FNDA:0,_RINvMs_NtNtCs4PyLZvEkasu_7gittype9extractor19challenge_converterNtB5_18ChallengeConverter19convert_with_filterpEB9_
FNDA:0,_RNCINvMs_NtNtCs4PyLZvEkasu_7gittype9extractor19challenge_converterNtB7_18ChallengeConverter19convert_with_filterpE0Bb_
FNDA:0,_RINvMs_NtNtCscZjyiejqBjN_7gittype9extractor19challenge_converterNtB5_18ChallengeConverter19convert_with_filterpEB9_
FNDA:0,_RNCINvMs_NtNtCscZjyiejqBjN_7gittype9extractor19challenge_converterNtB7_18ChallengeConverter19convert_with_filterpE0Bb_
FNDA:0,_RNCNvMs_NtNtCscZjyiejqBjN_7gittype9extractor19challenge_converterNtB6_18ChallengeConverter21count_code_characters0Ba_
FNDA:0,_RNCNvMs_NtNtCscZjyiejqBjN_7gittype9extractor19challenge_converterNtB6_18ChallengeConverter24find_optimal_break_point0Ba_
FNDA:0,_RNCNvMs_NtNtCscZjyiejqBjN_7gittype9extractor19challenge_converterNtB6_18ChallengeConverter25detect_language_from_path0Ba_
FNDA:0,_RNCNvMs_NtNtCscZjyiejqBjN_7gittype9extractor19challenge_converterNtB6_18ChallengeConverter25split_chunk_by_difficulty0Ba_
FNDA:0,_RNCNvMs_NtNtCscZjyiejqBjN_7gittype9extractor19challenge_converterNtB6_18ChallengeConverter36adjust_comment_ranges_for_truncation0Ba_
FNDA:0,_RNvMs_NtNtCscZjyiejqBjN_7gittype9extractor19challenge_converterNtB4_18ChallengeConverter18language_to_string
FNDA:0,_RNvMs_NtNtCscZjyiejqBjN_7gittype9extractor19challenge_converterNtB4_18ChallengeConverter19is_natural_boundary
FNDA:0,_RNvMs_NtNtCscZjyiejqBjN_7gittype9extractor19challenge_converterNtB4_18ChallengeConverter21count_code_characters
FNDA:0,_RNvMs_NtNtCscZjyiejqBjN_7gittype9extractor19challenge_converterNtB4_18ChallengeConverter24find_optimal_break_point
FNDA:0,_RNvMs_NtNtCscZjyiejqBjN_7gittype9extractor19challenge_converterNtB4_18ChallengeConverter25detect_language_from_path
FNDA:0,_RNvMs_NtNtCscZjyiejqBjN_7gittype9extractor19challenge_converterNtB4_18ChallengeConverter25split_chunk_by_difficulty
FNDA:0,_RNvMs_NtNtCscZjyiejqBjN_7gittype9extractor19challenge_converterNtB4_18ChallengeConverter26convert_chunk_to_challenge
FNDA:0,_RNvMs_NtNtCscZjyiejqBjN_7gittype9extractor19challenge_converterNtB4_18ChallengeConverter28convert_chunks_to_challenges
FNDA:0,_RNvMs_NtNtCscZjyiejqBjN_7gittype9extractor19challenge_converterNtB4_18ChallengeConverter29convert_with_difficulty_split
FNDA:0,_RNvMs_NtNtCscZjyiejqBjN_7gittype9extractor19challenge_converterNtB4_18ChallengeConverter33convert_whole_files_to_challenges
FNDA:0,_RNvMs_NtNtCscZjyiejqBjN_7gittype9extractor19challenge_converterNtB4_18ChallengeConverter36adjust_comment_ranges_for_truncation
FNDA:0,_RNvMs_NtNtCscZjyiejqBjN_7gittype9extractor19challenge_converterNtB4_18ChallengeConverter3new
FNDA:0,_RNvMs_NtNtCscZjyiejqBjN_7gittype9extractor19challenge_converterNtB4_18ChallengeConverter42convert_whole_files_to_zen_challenges_only
FNDA:0,_RNvXNtNtCscZjyiejqBjN_7gittype9extractor19challenge_converterNtB2_18ChallengeConverterNtNtCs66KPHxksi63_4core7default7Default7default
FNF:21
FNH:11
DA:8,0
DA:9,0
DA:10,0
DA:14,5
DA:15,5
DA:16,5
DA:18,23
DA:19,23
DA:20,23
DA:21,23
DA:23,23
DA:24,23
DA:25,23
DA:26,23
DA:27,23
DA:29,3
DA:30,3
DA:32,14
DA:34,11
DA:35,11
DA:36,11
DA:37,11
DA:38,11
DA:39,11
DA:41,55
DA:42,44
DA:43,44
DA:44,44
DA:48,3
DA:49,3
DA:51,0
DA:52,0
DA:53,0
DA:55,0
DA:56,0
DA:57,0
DA:58,0
DA:59,0
DA:60,0
DA:62,0
DA:63,0
DA:64,0
DA:65,0
DA:66,0
DA:67,0
DA:69,0
DA:70,0
DA:71,0
DA:72,0
DA:74,0
DA:75,0
DA:77,0
DA:78,0
DA:79,0
DA:80,0
DA:82,0
DA:84,0
DA:85,0
DA:86,0
DA:87,0
DA:88,0
DA:89,0
DA:90,0
DA:91,0
DA:92,0
DA:93,0
DA:94,0
DA:95,0
DA:96,0
DA:97,0
DA:100,0
DA:101,0
DA:103,0
DA:104,0
DA:105,0
DA:106,0
DA:107,0
DA:108,0
DA:109,0
DA:111,0
DA:113,44
DA:114,44
DA:115,44
DA:116,44
DA:117,44
DA:120,44
DA:121,0
DA:122,44
DA:125,44
DA:126,11
DA:127,11
DA:128,11
DA:129,33
DA:131,33
DA:133,33
DA:134,33
DA:137,33
DA:140,33
DA:141,21
DA:142,12
DA:145,12
DA:146,11
DA:147,11
DA:149,11
DA:150,1
DA:153,1
DA:155,1
DA:158,1
DA:159,1
DA:160,1
DA:161,3
DA:162,1
DA:164,1
DA:165,1
DA:168,1
DA:169,1
DA:170,1
DA:172,1
DA:173,1
DA:176,1
DA:177,1
DA:178,1
DA:179,1
DA:181,1
DA:182,1
DA:183,1
DA:184,1
DA:185,1
DA:187,1
DA:188,1
DA:189,1
DA:191,1
DA:192,0
DA:193,0
DA:194,0
DA:197,0
DA:198,44
DA:200,34
DA:201,34
DA:202,34
DA:204,2466
DA:206,2466
DA:207,629
DA:208,1837
DA:211,1837
DA:212,1837
DA:213,1837
DA:215,1837
DA:216,1732
DA:217,1732
DA:220,34
DA:221,34
DA:223,1
DA:224,1
DA:225,1
DA:226,1
DA:227,1
DA:228,1
DA:229,1
DA:230,1
DA:231,1
DA:232,1
DA:234,5
DA:235,5
DA:238,139
DA:239,139
DA:241,139
DA:242,32
DA:243,107
DA:246,107
DA:247,107
DA:248,107
DA:250,107
DA:251,107
DA:252,107
DA:256,5
DA:258,1
DA:259,4
DA:262,4
DA:263,2
DA:264,2
DA:267,4
DA:271,0
DA:272,1
DA:274,4
DA:275,4
DA:278,4
DA:279,1
DA:280,3
DA:283,3
DA:284,1
DA:285,2
DA:288,2
DA:289,0
DA:290,2
DA:292,2
DA:293,4
DA:295,1
DA:296,1
DA:297,1
DA:298,1
DA:299,1
DA:300,1
DA:301,1
DA:302,1
DA:304,0
DA:305,0
DA:306,0
DA:307,0
DA:309,0
DA:312,0
DA:314,0
DA:315,1
DA:316,1
DA:318,0
DA:319,0
DA:320,0
DA:321,0
DA:322,0
DA:324,0
DA:325,0
DA:326,0
DA:327,0
DA:328,0
DA:329,0
DA:330,0
DA:331,0
DA:332,0
DA:333,0
DA:334,0
DA:335,0
DA:336,0
DA:337,0
DA:340,0
DA:341,0
DA:343,24
DA:344,24
DA:345,24
DA:346,0
DA:347,0
DA:349,24
BRF:0
BRH:0
LF:247
LH:153
end_of_record
SF:/home/owner/.ghq/github.com/unhappychoice/gittype/src/extractor/git_info.rs
FN:87,_RNvMs_NtNtCs4PyLZvEkasu_7gittype9extractor8git_infoNtB4_16GitInfoExtractor14get_remote_url
FN:29,_RNvMs_NtNtCs4PyLZvEkasu_7gittype9extractor8git_infoNtB4_16GitInfoExtractor16extract_git_info
FN:104,_RNvMs_NtNtCs4PyLZvEkasu_7gittype9extractor8git_infoNtB4_16GitInfoExtractor16parse_remote_url
FN:138,_RNvMs_NtNtCs4PyLZvEkasu_7gittype9extractor8git_infoNtB4_16GitInfoExtractor18get_current_branch
FN:155,_RNvMs_NtNtCs4PyLZvEkasu_7gittype9extractor8git_infoNtB4_16GitInfoExtractor23get_current_commit_hash
FN:64,_RNvMs_NtNtCs4PyLZvEkasu_7gittype9extractor8git_infoNtB4_16GitInfoExtractor24find_git_repository_root
FN:172,_RNvMs_NtNtCs4PyLZvEkasu_7gittype9extractor8git_infoNtB4_16GitInfoExtractor26is_working_directory_dirty
FN:25,_RNvMs_NtNtCs4PyLZvEkasu_7gittype9extractor8git_infoNtB4_16GitInfoExtractor3new
FN:19,_RNvXNtNtCs4PyLZvEkasu_7gittype9extractor8git_infoNtB2_16GitInfoExtractorNtNtCs66KPHxksi63_4core7default7Default7default
FN:82,_RNvMs_NtNtCs4PyLZvEkasu_7gittype9extractor8git_infoNtB4_16GitInfoExtractor17is_git_repository
FN:87,_RNvMs_NtNtCscZjyiejqBjN_7gittype9extractor8git_infoNtB4_16GitInfoExtractor14get_remote_url
FN:29,_RNvMs_NtNtCscZjyiejqBjN_7gittype9extractor8git_infoNtB4_16GitInfoExtractor16extract_git_info
FN:104,_RNvMs_NtNtCscZjyiejqBjN_7gittype9extractor8git_infoNtB4_16GitInfoExtractor16parse_remote_url
FN:82,_RNvMs_NtNtCscZjyiejqBjN_7gittype9extractor8git_infoNtB4_16GitInfoExtractor17is_git_repository
FN:138,_RNvMs_NtNtCscZjyiejqBjN_7gittype9extractor8git_infoNtB4_16GitInfoExtractor18get_current_branch
FN:155,_RNvMs_NtNtCscZjyiejqBjN_7gittype9extractor8git_infoNtB4_16GitInfoExtractor23get_current_commit_hash
FN:64,_RNvMs_NtNtCscZjyiejqBjN_7gittype9extractor8git_infoNtB4_16GitInfoExtractor24find_git_repository_root
FN:172,_RNvMs_NtNtCscZjyiejqBjN_7gittype9extractor8git_infoNtB4_16GitInfoExtractor26is_working_directory_dirty
FN:25,_RNvMs_NtNtCscZjyiejqBjN_7gittype9extractor8git_infoNtB4_16GitInfoExtractor3new
FN:19,_RNvXNtNtCscZjyiejqBjN_7gittype9extractor8git_infoNtB2_16GitInfoExtractorNtNtCs66KPHxksi63_4core7default7Default7default
FNDA:0,_RNvMs_NtNtCs4PyLZvEkasu_7gittype9extractor8git_infoNtB4_16GitInfoExtractor14get_remote_url
FNDA:3,_RNvMs_NtNtCs4PyLZvEkasu_7gittype9extractor8git_infoNtB4_16GitInfoExtractor16extract_git_info
FNDA:0,_RNvMs_NtNtCs4PyLZvEkasu_7gittype9extractor8git_infoNtB4_16GitInfoExtractor16parse_remote_url
FNDA:0,_RNvMs_NtNtCs4PyLZvEkasu_7gittype9extractor8git_infoNtB4_16GitInfoExtractor18get_current_branch
FNDA:0,_RNvMs_NtNtCs4PyLZvEkasu_7gittype9extractor8git_infoNtB4_16GitInfoExtractor23get_current_commit_hash
FNDA:3,_RNvMs_NtNtCs4PyLZvEkasu_7gittype9extractor8git_infoNtB4_16GitInfoExtractor24find_git_repository_root
FNDA:0,_RNvMs_NtNtCs4PyLZvEkasu_7gittype9extractor8git_infoNtB4_16GitInfoExtractor26is_working_directory_dirty
FNDA:0,_RNvMs_NtNtCs4PyLZvEkasu_7gittype9extractor8git_infoNtB4_16GitInfoExtractor3new
FNDA:0,_RNvXNtNtCs4PyLZvEkasu_7gittype9extractor8git_infoNtB2_16GitInfoExtractorNtNtCs66KPHxksi63_4core7default7Default7default
FNDA:0,_RNvMs_NtNtCs4PyLZvEkasu_7gittype9extractor8git_infoNtB4_16GitInfoExtractor17is_git_repository
FNDA:0,_RNvMs_NtNtCscZjyiejqBjN_7gittype9extractor8git_infoNtB4_16GitInfoExtractor14get_remote_url
FNDA:0,_RNvMs_NtNtCscZjyiejqBjN_7gittype9extractor8git_infoNtB4_16GitInfoExtractor16extract_git_info
FNDA:0,_RNvMs_NtNtCscZjyiejqBjN_7gittype9extractor8git_infoNtB4_16GitInfoExtractor16parse_remote_url
FNDA:0,_RNvMs_NtNtCscZjyiejqBjN_7gittype9extractor8git_infoNtB4_16GitInfoExtractor17is_git_repository
FNDA:0,_RNvMs_NtNtCscZjyiejqBjN_7gittype9extractor8git_infoNtB4_16GitInfoExtractor18get_current_branch
FNDA:0,_RNvMs_NtNtCscZjyiejqBjN_7gittype9extractor8git_infoNtB4_16GitInfoExtractor23get_current_commit_hash
FNDA:0,_RNvMs_NtNtCscZjyiejqBjN_7gittype9extractor8git_infoNtB4_16GitInfoExtractor24find_git_repository_root
FNDA:0,_RNvMs_NtNtCscZjyiejqBjN_7gittype9extractor8git_infoNtB4_16GitInfoExtractor26is_working_directory_dirty
FNDA:0,_RNvMs_NtNtCscZjyiejqBjN_7gittype9extractor8git_infoNtB4_16GitInfoExtractor3new
FNDA:0,_RNvXNtNtCscZjyiejqBjN_7gittype9extractor8git_infoNtB2_16GitInfoExtractorNtNtCs66KPHxksi63_4core7default7Default7default
FNF:10
FNH:2
DA:19,0
DA:20,0
DA:21,0
DA:25,0
DA:26,0
DA:27,0
DA:29,3
DA:31,3
DA:32,3
DA:35,0
DA:40,3
DA:41,0
DA:42,3
DA:45,0
DA:46,0
DA:47,0
DA:48,0
DA:49,0
DA:51,0
DA:52,0
DA:53,0
DA:54,0
DA:55,0
DA:56,0
DA:57,0
DA:58,0
DA:60,0
DA:62,3
DA:64,3
DA:65,3
DA:68,9
DA:69,9
DA:70,0
DA:71,9
DA:74,9
DA:75,6
DA:76,3
DA:79,3
DA:82,0
DA:83,0
DA:84,0
DA:85,0
DA:87,0
DA:88,0
DA:89,0
DA:90,0
DA:91,0
DA:92,0
DA:94,0
DA:95,0
DA:96,0
DA:97,0
DA:98,0
DA:100,0
DA:101,0
DA:102,0
DA:104,0
DA:106,0
DA:107,0
DA:108,0
DA:109,0
DA:110,0
DA:111,0
DA:112,0
DA:113,0
DA:116,0
DA:117,0
DA:118,0
DA:119,0
DA:120,0
DA:121,0
DA:122,0
DA:123,0
DA:126,0
DA:127,0
DA:128,0
DA:129,0
DA:130,0
DA:131,0
DA:132,0
DA:133,0
DA:135,0
DA:136,0
DA:138,0
DA:139,0
DA:140,0
DA:141,0
DA:142,0
DA:143,0
DA:145,0
DA:146,0
DA:147,0
DA:148,0
DA:149,0
DA:151,0
DA:152,0
DA:153,0
DA:155,0
DA:156,0
DA:157,0
DA:158,0
DA:159,0
DA:160,0
DA:162,0
DA:163,0
DA:164,0
DA:165,0
DA:166,0
DA:168,0
DA:169,0
DA:170,0
DA:172,0
DA:173,0
DA:174,0
DA:175,0
DA:176,0
DA:177,0
DA:179,0
DA:180,0
DA:181,0
DA:182,0
DA:183,0
DA:185,0
DA:186,0
DA:187,0
BRF:0
BRH:0
LF:125
LH:15
end_of_record
SF:/home/owner/.ghq/github.com/unhappychoice/gittype/src/extractor/language.rs
FN:9,_RNvMNtNtCs4PyLZvEkasu_7gittype9extractor8languageNtB2_8Language14from_extension
FN:18,_RNvMNtNtCs4PyLZvEkasu_7gittype9extractor8languageNtB2_8Language9extension
FN:9,_RNvMNtNtCscZjyiejqBjN_7gittype9extractor8languageNtB2_8Language14from_extension
FN:18,_RNvMNtNtCscZjyiejqBjN_7gittype9extractor8languageNtB2_8Language9extension
FNDA:46,_RNvMNtNtCs4PyLZvEkasu_7gittype9extractor8languageNtB2_8Language14from_extension
FNDA:0,_RNvMNtNtCs4PyLZvEkasu_7gittype9extractor8languageNtB2_8Language9extension
FNDA:0,_RNvMNtNtCscZjyiejqBjN_7gittype9extractor8languageNtB2_8Language14from_extension
FNDA:0,_RNvMNtNtCscZjyiejqBjN_7gittype9extractor8languageNtB2_8Language9extension
FNF:2
FNH:1
DA:9,46
DA:10,46
DA:11,46
DA:12,28
DA:13,16
DA:14,15
DA:16,46
DA:18,0
DA:19,0
DA:20,0
DA:21,0
DA:22,0
DA:24,0
BRF:0
BRH:0
LF:13
LH:7
end_of_record
SF:/home/owner/.ghq/github.com/unhappychoice/gittype/src/extractor/parser.rs
FN:380,_RNvMs_NtNtCs4PyLZvEkasu_7gittype9extractor6parserNtB4_13CodeExtractor12extract_name
FN:289,_RNvMs_NtNtCs4PyLZvEkasu_7gittype9extractor6parserNtB4_13CodeExtractor13node_to_chunk
FN:161,_RNvMs_NtNtCs4PyLZvEkasu_7gittype9extractor6parserNtB4_13CodeExtractor19should_process_file
FN:420,_RNvMs_NtNtCs4PyLZvEkasu_7gittype9extractor6parserNtB4_13CodeExtractor21normalize_indentation
FN:530,_RNvMs_NtNtCs4PyLZvEkasu_7gittype9extractor6parserNtB4_13CodeExtractor22extract_comment_ranges
FN:216,_RNvMs_NtNtCs4PyLZvEkasu_7gittype9extractor6parserNtB4_13CodeExtractor24extract_chunks_from_tree
FN:87,_RINvMs_NtNtCs4PyLZvEkasu_7gittype9extractor6parserNtB5_13CodeExtractor28extract_chunks_with_progressNtNtB7_8progress20NoOpProgressReporterEB9_
FN:107,_RNCINvMs_NtNtCs4PyLZvEkasu_7gittype9extractor6parserNtB7_13CodeExtractor28extract_chunks_with_progressNtNtB9_8progress20NoOpProgressReporterE0Bb_
FN:136,_RNCINvMs_NtNtCs4PyLZvEkasu_7gittype9extractor6parserNtB7_13CodeExtractor28extract_chunks_with_progressNtNtB9_8progress20NoOpProgressReporterEs0_0Bb_
FN:114,_RNCINvMs_NtNtCs4PyLZvEkasu_7gittype9extractor6parserNtB7_13CodeExtractor28extract_chunks_with_progressNtNtB9_8progress20NoOpProgressReporterEs_0Bb_
FN:344,_RNCNvMs_NtNtCs4PyLZvEkasu_7gittype9extractor6parserNtB6_13CodeExtractor20node_to_chunk_static0Ba_
FN:349,_RNCNvMs_NtNtCs4PyLZvEkasu_7gittype9extractor6parserNtB6_13CodeExtractor20node_to_chunk_statics_0Ba_
FN:208,_RNCNvMs_NtNtCs4PyLZvEkasu_7gittype9extractor6parserNtB6_13CodeExtractor24extract_from_file_static0Ba_
FN:48,_RNCNvMs_NtNtCs4PyLZvEkasu_7gittype9extractor6parserNtB6_13CodeExtractor26create_parser_for_language0Ba_
FN:68,_RNCNvMs_NtNtCs4PyLZvEkasu_7gittype9extractor6parserNtB6_13CodeExtractor26create_parser_for_languages0_0Ba_
FN:58,_RNCNvMs_NtNtCs4PyLZvEkasu_7gittype9extractor6parserNtB6_13CodeExtractor26create_parser_for_languages_0Ba_
FN:171,_RNCNvMs_NtNtCs4PyLZvEkasu_7gittype9extractor6parserNtB6_13CodeExtractor26should_process_file_static0Ba_
FN:181,_RNCNvMs_NtNtCs4PyLZvEkasu_7gittype9extractor6parserNtB6_13CodeExtractor26should_process_file_statics_0Ba_
FN:513,_RNCNvMs_NtNtCs4PyLZvEkasu_7gittype9extractor6parserNtB6_13CodeExtractor28normalize_indentation_statics0_0Ba_
FN:512,_RNCNvMs_NtNtCs4PyLZvEkasu_7gittype9extractor6parserNtB6_13CodeExtractor28normalize_indentation_statics_0Ba_
FN:258,_RNCNvMs_NtNtCs4PyLZvEkasu_7gittype9extractor6parserNtB6_13CodeExtractor31extract_chunks_from_tree_static0Ba_
FN:79,_RNvMs_NtNtCs4PyLZvEkasu_7gittype9extractor6parserNtB4_13CodeExtractor14extract_chunks
FN:191,_RNvMs_NtNtCs4PyLZvEkasu_7gittype9extractor6parserNtB4_13CodeExtractor17extract_from_file
FN:384,_RNvMs_NtNtCs4PyLZvEkasu_7gittype9extractor6parserNtB4_13CodeExtractor19extract_name_static
FN:310,_RNvMs_NtNtCs4PyLZvEkasu_7gittype9extractor6parserNtB4_13CodeExtractor20node_to_chunk_static
FN:200,_RNvMs_NtNtCs4PyLZvEkasu_7gittype9extractor6parserNtB4_13CodeExtractor24extract_from_file_static
FN:42,_RNvMs_NtNtCs4PyLZvEkasu_7gittype9extractor6parserNtB4_13CodeExtractor26create_parser_for_language
FN:165,_RNvMs_NtNtCs4PyLZvEkasu_7gittype9extractor6parserNtB4_13CodeExtractor26should_process_file_static
FN:429,_RNvMs_NtNtCs4PyLZvEkasu_7gittype9extractor6parserNtB4_13CodeExtractor28normalize_indentation_static
FN:539,_RNvMs_NtNtCs4PyLZvEkasu_7gittype9extractor6parserNtB4_13CodeExtractor29extract_comment_ranges_static
FN:227,_RNvMs_NtNtCs4PyLZvEkasu_7gittype9extractor6parserNtB4_13CodeExtractor31extract_chunks_from_tree_static
FN:38,_RNvMs_NtNtCs4PyLZvEkasu_7gittype9extractor6parserNtB4_13CodeExtractor3new
FN:17,_RNvXNtNtCs4PyLZvEkasu_7gittype9extractor6parserNtB2_17ExtractionOptionsNtNtCs66KPHxksi63_4core7default7Default7default
FN:87,_RINvMs_NtNtCscZjyiejqBjN_7gittype9extractor6parserNtB5_13CodeExtractor28extract_chunks_with_progresspEB9_
FN:107,_RNCINvMs_NtNtCscZjyiejqBjN_7gittype9extractor6parserNtB7_13CodeExtractor28extract_chunks_with_progresspE0Bb_
FN:136,_RNCINvMs_NtNtCscZjyiejqBjN_7gittype9extractor6parserNtB7_13CodeExtractor28extract_chunks_with_progresspEs0_0Bb_
FN:114,_RNCINvMs_NtNtCscZjyiejqBjN_7gittype9extractor6parserNtB7_13CodeExtractor28extract_chunks_with_progresspEs_0Bb_
FN:344,_RNCNvMs_NtNtCscZjyiejqBjN_7gittype9extractor6parserNtB6_13CodeExtractor20node_to_chunk_static0Ba_
FN:349,_RNCNvMs_NtNtCscZjyiejqBjN_7gittype9extractor6parserNtB6_13CodeExtractor20node_to_chunk_statics_0Ba_
FN:208,_RNCNvMs_NtNtCscZjyiejqBjN_7gittype9extractor6parserNtB6_13CodeExtractor24extract_from_file_static0Ba_
FN:48,_RNCNvMs_NtNtCscZjyiejqBjN_7gittype9extractor6parserNtB6_13CodeExtractor26create_parser_for_language0Ba_
FN:68,_RNCNvMs_NtNtCscZjyiejqBjN_7gittype9extractor6parserNtB6_13CodeExtractor26create_parser_for_languages0_0Ba_
FN:58,_RNCNvMs_NtNtCscZjyiejqBjN_7gittype9extractor6parserNtB6_13CodeExtractor26create_parser_for_languages_0Ba_
FN:171,_RNCNvMs_NtNtCscZjyiejqBjN_7gittype9extractor6parserNtB6_13CodeExtractor26should_process_file_static0Ba_
FN:181,_RNCNvMs_NtNtCscZjyiejqBjN_7gittype9extractor6parserNtB6_13CodeExtractor26should_process_file_statics_0Ba_
FN:513,_RNCNvMs_NtNtCscZjyiejqBjN_7gittype9extractor6parserNtB6_13CodeExtractor28normalize_indentation_statics0_0Ba_
FN:512,_RNCNvMs_NtNtCscZjyiejqBjN_7gittype9extractor6parserNtB6_13CodeExtractor28normalize_indentation_statics_0Ba_
FN:258,_RNCNvMs_NtNtCscZjyiejqBjN_7gittype9extractor6parserNtB6_13CodeExtractor31extract_chunks_from_tree_static0Ba_
FN:380,_RNvMs_NtNtCscZjyiejqBjN_7gittype9extractor6parserNtB4_13CodeExtractor12extract_name
FN:289,_RNvMs_NtNtCscZjyiejqBjN_7gittype9extractor6parserNtB4_13CodeExtractor13node_to_chunk
FN:79,_RNvMs_NtNtCscZjyiejqBjN_7gittype9extractor6parserNtB4_13CodeExtractor14extract_chunks
FN:191,_RNvMs_NtNtCscZjyiejqBjN_7gittype9extractor6parserNtB4_13CodeExtractor17extract_from_file
FN:384,_RNvMs_NtNtCscZjyiejqBjN_7gittype9extractor6parserNtB4_13CodeExtractor19extract_name_static
FN:161,_RNvMs_NtNtCscZjyiejqBjN_7gittype9extractor6parserNtB4_13CodeExtractor19should_process_file
FN:310,_RNvMs_NtNtCscZjyiejqBjN_7gittype9extractor6parserNtB4_13CodeExtractor20node_to_chunk_static
FN:420,_RNvMs_NtNtCscZjyiejqBjN_7gittype9extractor6parserNtB4_13CodeExtractor21normalize_indentation
FN:530,_RNvMs_NtNtCscZjyiejqBjN_7gittype9extractor6parserNtB4_13CodeExtractor22extract_comment_ranges
FN:216,_RNvMs_NtNtCscZjyiejqBjN_7gittype9extractor6parserNtB4_13CodeExtractor24extract_chunks_from_tree
FN:200,_RNvMs_NtNtCscZjyiejqBjN_7gittype9extractor6parserNtB4_13CodeExtractor24extract_from_file_static
FN:42,_RNvMs_NtNtCscZjyiejqBjN_7gittype9extractor6parserNtB4_13CodeExtractor26create_parser_for_language
FN:165,_RNvMs_NtNtCscZjyiejqBjN_7gittype9extractor6parserNtB4_13CodeExtractor26should_process_file_static
FN:429,_RNvMs_NtNtCscZjyiejqBjN_7gittype9extractor6parserNtB4_13CodeExtractor28normalize_indentation_static
FN:539,_RNvMs_NtNtCscZjyiejqBjN_7gittype9extractor6parserNtB4_13CodeExtractor29extract_comment_ranges_static
FN:227,_RNvMs_NtNtCscZjyiejqBjN_7gittype9extractor6parserNtB4_13CodeExtractor31extract_chunks_from_tree_static
FN:38,_RNvMs_NtNtCscZjyiejqBjN_7gittype9extractor6parserNtB4_13CodeExtractor3new
FN:17,_RNvXNtNtCscZjyiejqBjN_7gittype9extractor6parserNtB2_17ExtractionOptionsNtNtCs66KPHxksi63_4core7default7Default7default
FN:87,_RINvMs_NtNtCs4PyLZvEkasu_7gittype9extractor6parserNtB5_13CodeExtractor28extract_chunks_with_progressNtNtNtNtB9_4game7screens14loading_screen13LoadingScreenECsbo6X0jOJBx_7gittype
FN:107,_RNCINvMs_NtNtCs4PyLZvEkasu_7gittype9extractor6parserNtB7_13CodeExtractor28extract_chunks_with_progressNtNtNtNtBb_4game7screens14loading_screen13LoadingScreenE0Csbo6X0jOJBx_7gittype
FN:136,_RNCINvMs_NtNtCs4PyLZvEkasu_7gittype9extractor6parserNtB7_13CodeExtractor28extract_chunks_with_progressNtNtNtNtBb_4game7screens14loading_screen13LoadingScreenEs0_0Csbo6X0jOJBx_7gittype
FN:114,_RNCINvMs_NtNtCs4PyLZvEkasu_7gittype9extractor6parserNtB7_13CodeExtractor28extract_chunks_with_progressNtNtNtNtBb_4game7screens14loading_screen13LoadingScreenEs_0Csbo6X0jOJBx_7gittype
FNDA:0,_RNvMs_NtNtCs4PyLZvEkasu_7gittype9extractor6parserNtB4_13CodeExtractor12extract_name
FNDA:0,_RNvMs_NtNtCs4PyLZvEkasu_7gittype9extractor6parserNtB4_13CodeExtractor13node_to_chunk
FNDA:0,_RNvMs_NtNtCs4PyLZvEkasu_7gittype9extractor6parserNtB4_13CodeExtractor19should_process_file
FNDA:0,_RNvMs_NtNtCs4PyLZvEkasu_7gittype9extractor6parserNtB4_13CodeExtractor21normalize_indentation
FNDA:0,_RNvMs_NtNtCs4PyLZvEkasu_7gittype9extractor6parserNtB4_13CodeExtractor22extract_comment_ranges
FNDA:0,_RNvMs_NtNtCs4PyLZvEkasu_7gittype9extractor6parserNtB4_13CodeExtractor24extract_chunks_from_tree
FNDA:8,_RINvMs_NtNtCs4PyLZvEkasu_7gittype9extractor6parserNtB5_13CodeExtractor28extract_chunks_with_progressNtNtB7_8progress20NoOpProgressReporterEB9_
FNDA:0,_RNCINvMs_NtNtCs4PyLZvEkasu_7gittype9extractor6parserNtB7_13CodeExtractor28extract_chunks_with_progressNtNtB9_8progress20NoOpProgressReporterE0Bb_
FNDA:27,_RNCINvMs_NtNtCs4PyLZvEkasu_7gittype9extractor6parserNtB7_13CodeExtractor28extract_chunks_with_progressNtNtB9_8progress20NoOpProgressReporterEs0_0Bb_
FNDA:41,_RNCINvMs_NtNtCs4PyLZvEkasu_7gittype9extractor6parserNtB7_13CodeExtractor28extract_chunks_with_progressNtNtB9_8progress20NoOpProgressReporterEs_0Bb_
FNDA:0,_RNCNvMs_NtNtCs4PyLZvEkasu_7gittype9extractor6parserNtB6_13CodeExtractor20node_to_chunk_static0Ba_
FNDA:3,_RNCNvMs_NtNtCs4PyLZvEkasu_7gittype9extractor6parserNtB6_13CodeExtractor20node_to_chunk_statics_0Ba_
FNDA:0,_RNCNvMs_NtNtCs4PyLZvEkasu_7gittype9extractor6parserNtB6_13CodeExtractor24extract_from_file_static0Ba_
FNDA:0,_RNCNvMs_NtNtCs4PyLZvEkasu_7gittype9extractor6parserNtB6_13CodeExtractor26create_parser_for_language0Ba_
FNDA:0,_RNCNvMs_NtNtCs4PyLZvEkasu_7gittype9extractor6parserNtB6_13CodeExtractor26create_parser_for_languages0_0Ba_
FNDA:0,_RNCNvMs_NtNtCs4PyLZvEkasu_7gittype9extractor6parserNtB6_13CodeExtractor26create_parser_for_languages_0Ba_
FNDA:81,_RNCNvMs_NtNtCs4PyLZvEkasu_7gittype9extractor6parserNtB6_13CodeExtractor26should_process_file_static0Ba_
FNDA:37,_RNCNvMs_NtNtCs4PyLZvEkasu_7gittype9extractor6parserNtB6_13CodeExtractor26should_process_file_statics_0Ba_
FNDA:2,_RNCNvMs_NtNtCs4PyLZvEkasu_7gittype9extractor6parserNtB6_13CodeExtractor28normalize_indentation_statics0_0Ba_
FNDA:2,_RNCNvMs_NtNtCs4PyLZvEkasu_7gittype9extractor6parserNtB6_13CodeExtractor28normalize_indentation_statics_0Ba_
FNDA:0,_RNCNvMs_NtNtCs4PyLZvEkasu_7gittype9extractor6parserNtB6_13CodeExtractor31extract_chunks_from_tree_static0Ba_
FNDA:5,_RNvMs_NtNtCs4PyLZvEkasu_7gittype9extractor6parserNtB4_13CodeExtractor14extract_chunks
FNDA:0,_RNvMs_NtNtCs4PyLZvEkasu_7gittype9extractor6parserNtB4_13CodeExtractor17extract_from_file
FNDA:87,_RNvMs_NtNtCs4PyLZvEkasu_7gittype9extractor6parserNtB4_13CodeExtractor19extract_name_static
FNDA:176,_RNvMs_NtNtCs4PyLZvEkasu_7gittype9extractor6parserNtB4_13CodeExtractor20node_to_chunk_static
FNDA:27,_RNvMs_NtNtCs4PyLZvEkasu_7gittype9extractor6parserNtB4_13CodeExtractor24extract_from_file_static
FNDA:27,_RNvMs_NtNtCs4PyLZvEkasu_7gittype9extractor6parserNtB4_13CodeExtractor26create_parser_for_language
FNDA:27,_RNvMs_NtNtCs4PyLZvEkasu_7gittype9extractor6parserNtB4_13CodeExtractor26should_process_file_static
FNDA:87,_RNvMs_NtNtCs4PyLZvEkasu_7gittype9extractor6parserNtB4_13CodeExtractor28normalize_indentation_static
FNDA:27,_RNvMs_NtNtCs4PyLZvEkasu_7gittype9extractor6parserNtB4_13CodeExtractor29extract_comment_ranges_static
FNDA:27,_RNvMs_NtNtCs4PyLZvEkasu_7gittype9extractor6parserNtB4_13CodeExtractor31extract_chunks_from_tree_static
FNDA:10,_RNvMs_NtNtCs4PyLZvEkasu_7gittype9extractor6parserNtB4_13CodeExtractor3new
FNDA:9,_RNvXNtNtCs4PyLZvEkasu_7gittype9extractor6parserNtB2_17ExtractionOptionsNtNtCs66KPHxksi63_4core7default7Default7default
FNDA:0,_RINvMs_NtNtCscZjyiejqBjN_7gittype9extractor6parserNtB5_13CodeExtractor28extract_chunks_with_progresspEB9_
FNDA:0,_RNCINvMs_NtNtCscZjyiejqBjN_7gittype9extractor6parserNtB7_13CodeExtractor28extract_chunks_with_progresspE0Bb_
FNDA:0,_RNCINvMs_NtNtCscZjyiejqBjN_7gittype9extractor6parserNtB7_13CodeExtractor28extract_chunks_with_progresspEs0_0Bb_
FNDA:0,_RNCINvMs_NtNtCscZjyiejqBjN_7gittype9extractor6parserNtB7_13CodeExtractor28extract_chunks_with_progresspEs_0Bb_
FNDA:0,_RNCNvMs_NtNtCscZjyiejqBjN_7gittype9extractor6parserNtB6_13CodeExtractor20node_to_chunk_static0Ba_
FNDA:0,_RNCNvMs_NtNtCscZjyiejqBjN_7gittype9extractor6parserNtB6_13CodeExtractor20node_to_chunk_statics_0Ba_
FNDA:0,_RNCNvMs_NtNtCscZjyiejqBjN_7gittype9extractor6parserNtB6_13CodeExtractor24extract_from_file_static0Ba_
FNDA:0,_RNCNvMs_NtNtCscZjyiejqBjN_7gittype9extractor6parserNtB6_13CodeExtractor26create_parser_for_language0Ba_
FNDA:0,_RNCNvMs_NtNtCscZjyiejqBjN_7gittype9extractor6parserNtB6_13CodeExtractor26create_parser_for_languages0_0Ba_
FNDA:0,_RNCNvMs_NtNtCscZjyiejqBjN_7gittype9extractor6parserNtB6_13CodeExtractor26create_parser_for_languages_0Ba_
FNDA:0,_RNCNvMs_NtNtCscZjyiejqBjN_7gittype9extractor6parserNtB6_13CodeExtractor26should_process_file_static0Ba_
FNDA:0,_RNCNvMs_NtNtCscZjyiejqBjN_7gittype9extractor6parserNtB6_13CodeExtractor26should_process_file_statics_0Ba_
FNDA:0,_RNCNvMs_NtNtCscZjyiejqBjN_7gittype9extractor6parserNtB6_13CodeExtractor28normalize_indentation_statics0_0Ba_
FNDA:0,_RNCNvMs_NtNtCscZjyiejqBjN_7gittype9extractor6parserNtB6_13CodeExtractor28normalize_indentation_statics_0Ba_
FNDA:0,_RNCNvMs_NtNtCscZjyiejqBjN_7gittype9extractor6parserNtB6_13CodeExtractor31extract_chunks_from_tree_static0Ba_
FNDA:0,_RNvMs_NtNtCscZjyiejqBjN_7gittype9extractor6parserNtB4_13CodeExtractor12extract_name
FNDA:0,_RNvMs_NtNtCscZjyiejqBjN_7gittype9extractor6parserNtB4_13CodeExtractor13node_to_chunk
FNDA:0,_RNvMs_NtNtCscZjyiejqBjN_7gittype9extractor6parserNtB4_13CodeExtractor14extract_chunks
FNDA:0,_RNvMs_NtNtCscZjyiejqBjN_7gittype9extractor6parserNtB4_13CodeExtractor17extract_from_file
FNDA:0,_RNvMs_NtNtCscZjyiejqBjN_7gittype9extractor6parserNtB4_13CodeExtractor19extract_name_static
FNDA:0,_RNvMs_NtNtCscZjyiejqBjN_7gittype9extractor6parserNtB4_13CodeExtractor19should_process_file
FNDA:0,_RNvMs_NtNtCscZjyiejqBjN_7gittype9extractor6parserNtB4_13CodeExtractor20node_to_chunk_static
FNDA:0,_RNvMs_NtNtCscZjyiejqBjN_7gittype9extractor6parserNtB4_13CodeExtractor21normalize_indentation
FNDA:0,_RNvMs_NtNtCscZjyiejqBjN_7gittype9extractor6parserNtB4_13CodeExtractor22extract_comment_ranges
FNDA:0,_RNvMs_NtNtCscZjyiejqBjN_7gittype9extractor6parserNtB4_13CodeExtractor24extract_chunks_from_tree
FNDA:0,_RNvMs_NtNtCscZjyiejqBjN_7gittype9extractor6parserNtB4_13CodeExtractor24extract_from_file_static
FNDA:0,_RNvMs_NtNtCscZjyiejqBjN_7gittype9extractor6parserNtB4_13CodeExtractor26create_parser_for_language
FNDA:0,_RNvMs_NtNtCscZjyiejqBjN_7gittype9extractor6parserNtB4_13CodeExtractor26should_process_file_static
FNDA:0,_RNvMs_NtNtCscZjyiejqBjN_7gittype9extractor6parserNtB4_13CodeExtractor28normalize_indentation_static
FNDA:0,_RNvMs_NtNtCscZjyiejqBjN_7gittype9extractor6parserNtB4_13CodeExtractor29extract_comment_ranges_static
FNDA:0,_RNvMs_NtNtCscZjyiejqBjN_7gittype9extractor6parserNtB4_13CodeExtractor31extract_chunks_from_tree_static
FNDA:0,_RNvMs_NtNtCscZjyiejqBjN_7gittype9extractor6parserNtB4_13CodeExtractor3new
FNDA:0,_RNvXNtNtCscZjyiejqBjN_7gittype9extractor6parserNtB2_17ExtractionOptionsNtNtCs66KPHxksi63_4core7default7Default7default
FNDA:0,_RINvMs_NtNtCs4PyLZvEkasu_7gittype9extractor6parserNtB5_13CodeExtractor28extract_chunks_with_progressNtNtNtNtB9_4game7screens14loading_screen13LoadingScreenECsbo6X0jOJBx_7gittype
FNDA:0,_RNCINvMs_NtNtCs4PyLZvEkasu_7gittype9extractor6parserNtB7_13CodeExtractor28extract_chunks_with_progressNtNtNtNtBb_4game7screens14loading_screen13LoadingScreenE0Csbo6X0jOJBx_7gittype
FNDA:0,_RNCINvMs_NtNtCs4PyLZvEkasu_7gittype9extractor6parserNtB7_13CodeExtractor28extract_chunks_with_progressNtNtNtNtBb_4game7screens14loading_screen13LoadingScreenEs0_0Csbo6X0jOJBx_7gittype
FNDA:0,_RNCINvMs_NtNtCs4PyLZvEkasu_7gittype9extractor6parserNtB7_13CodeExtractor28extract_chunks_with_progressNtNtNtNtBb_4game7screens14loading_screen13LoadingScreenEs_0Csbo6X0jOJBx_7gittype
FNF:33
FNH:19
DA:17,9
DA:18,9
DA:19,9
DA:20,9
DA:21,9
DA:22,9
DA:23,9
DA:24,9
DA:25,9
DA:26,9
DA:27,9
DA:28,9
DA:29,9
DA:30,9
DA:31,9
DA:32,9
DA:38,10
DA:39,10
DA:40,10
DA:42,27
DA:43,27
DA:44,27
DA:46,17
DA:47,17
DA:48,17
DA:49,0
DA:50,0
DA:51,0
DA:52,0
DA:53,0
DA:56,10
DA:57,10
DA:58,10
DA:59,0
DA:60,0
DA:61,0
DA:62,0
DA:63,0
DA:66,0
DA:67,0
DA:68,0
DA:69,0
DA:70,0
DA:71,0
DA:72,0
DA:73,0
DA:76,27
DA:77,27
DA:79,5
DA:80,5
DA:81,5
DA:82,5
DA:83,5
DA:84,5
DA:85,5
DA:87,8
DA:88,8
DA:89,8
DA:90,8
DA:91,8
DA:92,8
DA:93,8
DA:96,8
DA:97,8
DA:98,8
DA:99,8
DA:100,8
DA:101,8
DA:104,8
DA:105,71
DA:106,63
DA:107,63
DA:108,63
DA:110,63
DA:111,17
DA:112,46
DA:114,46
DA:115,41
DA:116,27
DA:117,27
DA:118,27
DA:119,14
DA:120,5
DA:123,8
DA:124,8
DA:128,8
DA:129,8
DA:130,8
DA:132,27
DA:134,27
DA:135,27
DA:136,27
DA:137,27
DA:140,27
DA:141,27
DA:144,27
DA:147,27
DA:148,54
DA:149,27
DA:150,27
DA:153,8
DA:154,8
DA:155,8
DA:157,8
DA:158,8
DA:161,0
DA:162,0
DA:163,0
DA:165,27
DA:166,27
DA:169,108
DA:170,81
DA:171,81
DA:172,81
DA:174,0
DA:175,81
DA:179,37
DA:180,37
DA:181,37
DA:182,37
DA:184,27
DA:185,10
DA:188,0
DA:189,27
DA:191,0
DA:192,0
DA:193,0
DA:194,0
DA:195,0
DA:196,0
DA:197,0
DA:198,0
DA:200,27
DA:201,27
DA:202,27
DA:203,27
DA:204,27
DA:205,27
DA:206,27
DA:208,27
DA:209,0
DA:210,0
DA:212,27
DA:213,27
DA:216,0
DA:217,0
DA:218,0
DA:219,0
DA:220,0
DA:221,0
DA:222,0
DA:223,0
DA:224,0
DA:225,0
DA:227,27
DA:228,27
DA:229,27
DA:230,27
DA:231,27
DA:232,27
DA:233,27
DA:234,27
DA:237,27
DA:239,27
DA:240,17
DA:241,17
DA:242,17
DA:243,17
DA:244,17
DA:245,10
DA:246,10
DA:247,10
DA:248,10
DA:249,10
DA:250,10
DA:251,10
DA:252,0
DA:253,0
DA:254,0
DA:255,0
DA:258,27
DA:259,0
DA:260,0
DA:262,27
DA:263,27
DA:265,115
DA:266,264
DA:267,176
DA:268,176
DA:270,176
DA:271,176
DA:272,176
DA:273,176
DA:274,176
DA:275,176
DA:276,176
DA:277,176
DA:278,176
DA:279,87
DA:280,89
DA:284,27
DA:285,27
DA:289,0
DA:290,0
DA:291,0
DA:292,0
DA:293,0
DA:294,0
DA:295,0
DA:296,0
DA:297,0
DA:298,0
DA:299,0
DA:300,0
DA:301,0
DA:302,0
DA:303,0
DA:304,0
DA:305,0
DA:306,0
DA:308,0
DA:310,176
DA:311,176
DA:312,176
DA:313,176
DA:314,176
DA:315,176
DA:316,176
DA:317,176
DA:318,176
DA:319,176
DA:320,176
DA:321,176
DA:323,176
DA:324,176
DA:325,176
DA:327,176
DA:328,4
DA:329,1
DA:330,3
DA:331,172
DA:333,175
DA:334,175
DA:335,135
DA:336,125
DA:337,102
DA:338,88
DA:339,88
DA:340,88
DA:343,87
DA:344,87
DA:347,87
DA:348,87
DA:349,87
DA:350,3
DA:352,2
DA:354,1
DA:356,3
DA:357,87
DA:360,87
DA:361,87
DA:362,87
DA:363,87
DA:364,87
DA:366,87
DA:367,87
DA:368,87
DA:369,87
DA:370,87
DA:371,87
DA:372,87
DA:373,87
DA:374,87
DA:375,87
DA:376,87
DA:377,176
DA:380,0
DA:381,0
DA:382,0
DA:384,87
DA:386,87
DA:387,0
DA:388,0
DA:389,0
DA:390,0
DA:391,0
DA:392,0
DA:393,0
DA:394,0
DA:395,0
DA:396,87
DA:399,87
DA:400,87
DA:402,180
DA:403,180
DA:404,140
DA:405,103
DA:407,87
DA:408,87
DA:409,87
DA:410,93
DA:411,93
DA:412,0
DA:413,93
DA:415,0
DA:416,0
DA:417,87
DA:420,0
DA:421,0
DA:422,0
DA:423,0
DA:424,0
DA:425,0
DA:426,0
DA:427,0
DA:429,87
DA:430,87
DA:431,87
DA:432,87
DA:433,87
DA:434,87
DA:435,87
DA:436,0
DA:437,87
DA:440,87
DA:441,87
DA:442,87
DA:443,87
DA:445,328
DA:446,328
DA:448,328
DA:450,2096
DA:451,2009
DA:452,2009
DA:453,2009
DA:454,2009
DA:455,87
DA:456,241
DA:458,11
DA:459,0
DA:460,0
DA:461,0
DA:462,11
DA:465,230
DA:466,230
DA:468,3462
DA:469,3462
DA:470,284
DA:471,3178
DA:472,3178
DA:473,3178
DA:474,3178
DA:475,3462
DA:477,230
DA:480,0
DA:481,0
DA:482,0
DA:483,0
DA:484,0
DA:485,0
DA:490,328
DA:491,241
DA:492,241
DA:493,241
DA:494,241
DA:497,87
DA:500,87
DA:502,89
DA:503,2
DA:505,2
DA:508,2
DA:510,2
DA:511,2
DA:512,2
DA:513,2
DA:515,0
DA:518,2
DA:519,2
DA:520,2
DA:521,2
DA:522,0
DA:523,0
DA:526,87
DA:527,87
DA:530,0
DA:531,0
DA:532,0
DA:533,0
DA:534,0
DA:535,0
DA:536,0
DA:537,0
DA:539,27
DA:540,27
DA:541,27
DA:542,27
DA:543,27
DA:544,27
DA:546,27
DA:547,17
DA:548,10
DA:549,0
DA:552,27
DA:553,27
DA:554,0
DA:557,27
DA:558,27
DA:560,30
DA:561,6
DA:562,3
DA:563,3
DA:564,3
DA:567,3
DA:568,3
DA:569,3
DA:570,0
DA:571,0
DA:574,3
DA:575,0
DA:576,3
DA:578,3
DA:582,27
DA:583,27
DA:584,27
BRF:0
BRH:0
LF:443
LH:314
end_of_record
SF:/home/owner/.ghq/github.com/unhappychoice/gittype/src/extractor/progress.rs
FN:81,_RNCNvXs1_NtNtCs4PyLZvEkasu_7gittype9extractor8progressNtB7_23ConsoleProgressReporterNtB7_16ProgressReporter16set_current_file0Bb_
FN:45,_RNvMs0_NtNtCs4PyLZvEkasu_7gittype9extractor8progressNtB5_23ConsoleProgressReporter16get_spinner_char
FN:50,_RNvMs0_NtNtCs4PyLZvEkasu_7gittype9extractor8progressNtB5_23ConsoleProgressReporter19create_progress_bar
FN:36,_RNvMs0_NtNtCs4PyLZvEkasu_7gittype9extractor8progressNtB5_23ConsoleProgressReporter3new
FN:16,_RNvXNtNtCs4PyLZvEkasu_7gittype9extractor8progressNtB2_20NoOpProgressReporterNtB2_16ProgressReporter12set_progress
FN:19,_RNvXNtNtCs4PyLZvEkasu_7gittype9extractor8progressNtB2_20NoOpProgressReporterNtB2_16ProgressReporter14update_spinner
FN:18,_RNvXNtNtCs4PyLZvEkasu_7gittype9extractor8progressNtB2_20NoOpProgressReporterNtB2_16ProgressReporter15set_file_counts
FN:17,_RNvXNtNtCs4PyLZvEkasu_7gittype9extractor8progressNtB2_20NoOpProgressReporterNtB2_16ProgressReporter16set_current_file
FN:15,_RNvXNtNtCs4PyLZvEkasu_7gittype9extractor8progressNtB2_20NoOpProgressReporterNtB2_16ProgressReporter9set_phase
FN:70,_RNvXs1_NtNtCs4PyLZvEkasu_7gittype9extractor8progressNtB5_23ConsoleProgressReporterNtB5_16ProgressReporter12set_progress
FN:113,_RNvXs1_NtNtCs4PyLZvEkasu_7gittype9extractor8progressNtB5_23ConsoleProgressReporterNtB5_16ProgressReporter14update_spinner
FN:95,_RNvXs1_NtNtCs4PyLZvEkasu_7gittype9extractor8progressNtB5_23ConsoleProgressReporterNtB5_16ProgressReporter15set_file_counts
FN:74,_RNvXs1_NtNtCs4PyLZvEkasu_7gittype9extractor8progressNtB5_23ConsoleProgressReporterNtB5_16ProgressReporter16set_current_file
FN:58,_RNvXs1_NtNtCs4PyLZvEkasu_7gittype9extractor8progressNtB5_23ConsoleProgressReporterNtB5_16ProgressReporter9set_phase
FN:30,_RNvXs_NtNtCs4PyLZvEkasu_7gittype9extractor8progressNtB4_23ConsoleProgressReporterNtNtCs66KPHxksi63_4core7default7Default7default
FN:7,_RNvYpNtNtNtCs4PyLZvEkasu_7gittype9extractor8progress16ProgressReporter6finishB9_
FN:81,_RNCNvXs1_NtNtCscZjyiejqBjN_7gittype9extractor8progressNtB7_23ConsoleProgressReporterNtB7_16ProgressReporter16set_current_file0Bb_
FN:45,_RNvMs0_NtNtCscZjyiejqBjN_7gittype9extractor8progressNtB5_23ConsoleProgressReporter16get_spinner_char
FN:50,_RNvMs0_NtNtCscZjyiejqBjN_7gittype9extractor8progressNtB5_23ConsoleProgressReporter19create_progress_bar
FN:36,_RNvMs0_NtNtCscZjyiejqBjN_7gittype9extractor8progressNtB5_23ConsoleProgressReporter3new
FN:16,_RNvXNtNtCscZjyiejqBjN_7gittype9extractor8progressNtB2_20NoOpProgressReporterNtB2_16ProgressReporter12set_progress
FN:19,_RNvXNtNtCscZjyiejqBjN_7gittype9extractor8progressNtB2_20NoOpProgressReporterNtB2_16ProgressReporter14update_spinner
FN:18,_RNvXNtNtCscZjyiejqBjN_7gittype9extractor8progressNtB2_20NoOpProgressReporterNtB2_16ProgressReporter15set_file_counts
FN:17,_RNvXNtNtCscZjyiejqBjN_7gittype9extractor8progressNtB2_20NoOpProgressReporterNtB2_16ProgressReporter16set_current_file
FN:15,_RNvXNtNtCscZjyiejqBjN_7gittype9extractor8progressNtB2_20NoOpProgressReporterNtB2_16ProgressReporter9set_phase
FN:70,_RNvXs1_NtNtCscZjyiejqBjN_7gittype9extractor8progressNtB5_23ConsoleProgressReporterNtB5_16ProgressReporter12set_progress
FN:113,_RNvXs1_NtNtCscZjyiejqBjN_7gittype9extractor8progressNtB5_23ConsoleProgressReporterNtB5_16ProgressReporter14update_spinner
FN:95,_RNvXs1_NtNtCscZjyiejqBjN_7gittype9extractor8progressNtB5_23ConsoleProgressReporterNtB5_16ProgressReporter15set_file_counts
FN:74,_RNvXs1_NtNtCscZjyiejqBjN_7gittype9extractor8progressNtB5_23ConsoleProgressReporterNtB5_16ProgressReporter16set_current_file
FN:58,_RNvXs1_NtNtCscZjyiejqBjN_7gittype9extractor8progressNtB5_23ConsoleProgressReporterNtB5_16ProgressReporter9set_phase
FN:30,_RNvXs_NtNtCscZjyiejqBjN_7gittype9extractor8progressNtB4_23ConsoleProgressReporterNtNtCs66KPHxksi63_4core7default7Default7default
FN:7,_RNvYpNtNtNtCscZjyiejqBjN_7gittype9extractor8progress16ProgressReporter6finishB9_
FNDA:0,_RNCNvXs1_NtNtCs4PyLZvEkasu_7gittype9extractor8progressNtB7_23ConsoleProgressReporterNtB7_16ProgressReporter16set_current_file0Bb_
FNDA:0,_RNvMs0_NtNtCs4PyLZvEkasu_7gittype9extractor8progressNtB5_23ConsoleProgressReporter16get_spinner_char
FNDA:0,_RNvMs0_NtNtCs4PyLZvEkasu_7gittype9extractor8progressNtB5_23ConsoleProgressReporter19create_progress_bar
FNDA:0,_RNvMs0_NtNtCs4PyLZvEkasu_7gittype9extractor8progressNtB5_23ConsoleProgressReporter3new
FNDA:0,_RNvXNtNtCs4PyLZvEkasu_7gittype9extractor8progressNtB2_20NoOpProgressReporterNtB2_16ProgressReporter12set_progress
FNDA:27,_RNvXNtNtCs4PyLZvEkasu_7gittype9extractor8progressNtB2_20NoOpProgressReporterNtB2_16ProgressReporter14update_spinner
FNDA:35,_RNvXNtNtCs4PyLZvEkasu_7gittype9extractor8progressNtB2_20NoOpProgressReporterNtB2_16ProgressReporter15set_file_counts
FNDA:8,_RNvXNtNtCs4PyLZvEkasu_7gittype9extractor8progressNtB2_20NoOpProgressReporterNtB2_16ProgressReporter16set_current_file
FNDA:30,_RNvXNtNtCs4PyLZvEkasu_7gittype9extractor8progressNtB2_20NoOpProgressReporterNtB2_16ProgressReporter9set_phase
FNDA:0,_RNvXs1_NtNtCs4PyLZvEkasu_7gittype9extractor8progressNtB5_23ConsoleProgressReporterNtB5_16ProgressReporter12set_progress
FNDA:0,_RNvXs1_NtNtCs4PyLZvEkasu_7gittype9extractor8progressNtB5_23ConsoleProgressReporterNtB5_16ProgressReporter14update_spinner
FNDA:0,_RNvXs1_NtNtCs4PyLZvEkasu_7gittype9extractor8progressNtB5_23ConsoleProgressReporterNtB5_16ProgressReporter15set_file_counts
FNDA:0,_RNvXs1_NtNtCs4PyLZvEkasu_7gittype9extractor8progressNtB5_23ConsoleProgressReporterNtB5_16ProgressReporter16set_current_file
FNDA:0,_RNvXs1_NtNtCs4PyLZvEkasu_7gittype9extractor8progressNtB5_23ConsoleProgressReporterNtB5_16ProgressReporter9set_phase
FNDA:0,_RNvXs_NtNtCs4PyLZvEkasu_7gittype9extractor8progressNtB4_23ConsoleProgressReporterNtNtCs66KPHxksi63_4core7default7Default7default
FNDA:0,_RNvYpNtNtNtCs4PyLZvEkasu_7gittype9extractor8progress16ProgressReporter6finishB9_
FNDA:0,_RNCNvXs1_NtNtCscZjyiejqBjN_7gittype9extractor8progressNtB7_23ConsoleProgressReporterNtB7_16ProgressReporter16set_current_file0Bb_
FNDA:0,_RNvMs0_NtNtCscZjyiejqBjN_7gittype9extractor8progressNtB5_23ConsoleProgressReporter16get_spinner_char
FNDA:0,_RNvMs0_NtNtCscZjyiejqBjN_7gittype9extractor8progressNtB5_23ConsoleProgressReporter19create_progress_bar
FNDA:0,_RNvMs0_NtNtCscZjyiejqBjN_7gittype9extractor8progressNtB5_23ConsoleProgressReporter3new
FNDA:0,_RNvXNtNtCscZjyiejqBjN_7gittype9extractor8progressNtB2_20NoOpProgressReporterNtB2_16ProgressReporter12set_progress
FNDA:0,_RNvXNtNtCscZjyiejqBjN_7gittype9extractor8progressNtB2_20NoOpProgressReporterNtB2_16ProgressReporter14update_spinner
FNDA:0,_RNvXNtNtCscZjyiejqBjN_7gittype9extractor8progressNtB2_20NoOpProgressReporterNtB2_16ProgressReporter15set_file_counts
FNDA:0,_RNvXNtNtCscZjyiejqBjN_7gittype9extractor8progressNtB2_20NoOpProgressReporterNtB2_16ProgressReporter16set_current_file
FNDA:0,_RNvXNtNtCscZjyiejqBjN_7gittype9extractor8progressNtB2_20NoOpProgressReporterNtB2_16ProgressReporter9set_phase
FNDA:0,_RNvXs1_NtNtCscZjyiejqBjN_7gittype9extractor8progressNtB5_23ConsoleProgressReporterNtB5_16ProgressReporter12set_progress
FNDA:0,_RNvXs1_NtNtCscZjyiejqBjN_7gittype9extractor8progressNtB5_23ConsoleProgressReporterNtB5_16ProgressReporter14update_spinner
FNDA:0,_RNvXs1_NtNtCscZjyiejqBjN_7gittype9extractor8progressNtB5_23ConsoleProgressReporterNtB5_16ProgressReporter15set_file_counts
FNDA:0,_RNvXs1_NtNtCscZjyiejqBjN_7gittype9extractor8progressNtB5_23ConsoleProgressReporterNtB5_16ProgressReporter16set_current_file
FNDA:0,_RNvXs1_NtNtCscZjyiejqBjN_7gittype9extractor8progressNtB5_23ConsoleProgressReporterNtB5_16ProgressReporter9set_phase
FNDA:0,_RNvXs_NtNtCscZjyiejqBjN_7gittype9extractor8progressNtB4_23ConsoleProgressReporterNtNtCs66KPHxksi63_4core7default7Default7default
FNDA:0,_RNvYpNtNtNtCscZjyiejqBjN_7gittype9extractor8progress16ProgressReporter6finishB9_
FNF:16
FNH:4
DA:7,0
DA:8,0
DA:9,0
DA:15,30
DA:16,0
DA:17,8
DA:18,35
DA:19,27
DA:30,0
DA:31,0
DA:32,0
DA:36,0
DA:37,0
DA:38,0
DA:39,0
DA:40,0
DA:41,0
DA:42,0
DA:43,0
DA:45,0
DA:46,0
DA:47,0
DA:48,0
DA:50,0
DA:51,0
DA:52,0
DA:53,0
DA:54,0
DA:58,0
DA:59,0
DA:60,0
DA:61,0
DA:62,0
DA:63,0
DA:64,0
DA:65,0
DA:66,0
DA:67,0
DA:68,0
DA:70,0
DA:71,0
DA:72,0
DA:74,0
DA:75,0
DA:76,0
DA:77,0
DA:78,0
DA:79,0
DA:80,0
DA:81,0
DA:82,0
DA:84,0
DA:85,0
DA:88,0
DA:91,0
DA:92,0
DA:93,0
DA:95,0
DA:96,0
DA:97,0
DA:98,0
DA:99,0
DA:100,0
DA:101,0
DA:102,0
DA:103,0
DA:104,0
DA:105,0
DA:106,0
DA:107,0
DA:108,0
DA:109,0
DA:110,0
DA:111,0
DA:113,0
DA:114,0
DA:115,0
DA:116,0
BRF:0
BRH:0
LF:79
LH:4
end_of_record
SF:/home/owner/.ghq/github.com/unhappychoice/gittype/src/extractor/repository_loader.rs
FN:39,_RINvMNtNtCs4PyLZvEkasu_7gittype9extractor17repository_loaderNtB3_16RepositoryLoader45load_challenges_from_repository_with_progressNtNtB5_8progress20NoOpProgressReporterEB7_
FN:130,_RNCNvNvMNtNtCs4PyLZvEkasu_7gittype9extractor17repository_loaderNtB6_16RepositoryLoader20collect_source_files17collect_recursive0Ba_
FN:136,_RNCNvNvMNtNtCs4PyLZvEkasu_7gittype9extractor17repository_loaderNtB6_16RepositoryLoader20collect_source_files17collect_recursives_0Ba_
FN:69,_RINvMNtNtCs4PyLZvEkasu_7gittype9extractor17repository_loaderNtB3_16RepositoryLoader31load_challenges_with_difficultypEB7_
FN:163,_RNvMNtNtCs4PyLZvEkasu_7gittype9extractor17repository_loaderNtB2_16RepositoryLoader12get_git_info
FN:113,_RNvMNtNtCs4PyLZvEkasu_7gittype9extractor17repository_loaderNtB2_16RepositoryLoader20collect_source_files
FN:27,_RNvMNtNtCs4PyLZvEkasu_7gittype9extractor17repository_loaderNtB2_16RepositoryLoader31load_challenges_from_repository
FN:151,_RNvMNtNtCs4PyLZvEkasu_7gittype9extractor17repository_loaderNtB2_16RepositoryLoader32load_all_files_as_zen_challenges
FN:16,_RNvMNtNtCs4PyLZvEkasu_7gittype9extractor17repository_loaderNtB2_16RepositoryLoader3new
FN:119,_RNvNvMNtNtCs4PyLZvEkasu_7gittype9extractor17repository_loaderNtB4_16RepositoryLoader20collect_source_files17collect_recursive
FN:69,_RINvMNtNtCscZjyiejqBjN_7gittype9extractor17repository_loaderNtB3_16RepositoryLoader31load_challenges_with_difficultypEB7_
FN:39,_RINvMNtNtCscZjyiejqBjN_7gittype9extractor17repository_loaderNtB3_16RepositoryLoader45load_challenges_from_repository_with_progresspEB7_
FN:130,_RNCNvNvMNtNtCscZjyiejqBjN_7gittype9extractor17repository_loaderNtB6_16RepositoryLoader20collect_source_files17collect_recursive0Ba_
FN:136,_RNCNvNvMNtNtCscZjyiejqBjN_7gittype9extractor17repository_loaderNtB6_16RepositoryLoader20collect_source_files17collect_recursives_0Ba_
FN:163,_RNvMNtNtCscZjyiejqBjN_7gittype9extractor17repository_loaderNtB2_16RepositoryLoader12get_git_info
FN:113,_RNvMNtNtCscZjyiejqBjN_7gittype9extractor17repository_loaderNtB2_16RepositoryLoader20collect_source_files
FN:27,_RNvMNtNtCscZjyiejqBjN_7gittype9extractor17repository_loaderNtB2_16RepositoryLoader31load_challenges_from_repository
FN:151,_RNvMNtNtCscZjyiejqBjN_7gittype9extractor17repository_loaderNtB2_16RepositoryLoader32load_all_files_as_zen_challenges
FN:16,_RNvMNtNtCscZjyiejqBjN_7gittype9extractor17repository_loaderNtB2_16RepositoryLoader3new
FN:119,_RNvNvMNtNtCscZjyiejqBjN_7gittype9extractor17repository_loaderNtB4_16RepositoryLoader20collect_source_files17collect_recursive
FN:39,_RINvMNtNtCs4PyLZvEkasu_7gittype9extractor17repository_loaderNtB3_16RepositoryLoader45load_challenges_from_repository_with_progressNtNtNtNtB7_4game7screens14loading_screen13LoadingScreenECsbo6X0jOJBx_7gittype
FNDA:4,_RINvMNtNtCs4PyLZvEkasu_7gittype9extractor17repository_loaderNtB3_16RepositoryLoader45load_challenges_from_repository_with_progressNtNtB5_8progress20NoOpProgressReporterEB7_
FNDA:0,_RNCNvNvMNtNtCs4PyLZvEkasu_7gittype9extractor17repository_loaderNtB6_16RepositoryLoader20collect_source_files17collect_recursive0Ba_
FNDA:0,_RNCNvNvMNtNtCs4PyLZvEkasu_7gittype9extractor17repository_loaderNtB6_16RepositoryLoader20collect_source_files17collect_recursives_0Ba_
FNDA:0,_RINvMNtNtCs4PyLZvEkasu_7gittype9extractor17repository_loaderNtB3_16RepositoryLoader31load_challenges_with_difficultypEB7_
FNDA:0,_RNvMNtNtCs4PyLZvEkasu_7gittype9extractor17repository_loaderNtB2_16RepositoryLoader12get_git_info
FNDA:0,_RNvMNtNtCs4PyLZvEkasu_7gittype9extractor17repository_loaderNtB2_16RepositoryLoader20collect_source_files
FNDA:4,_RNvMNtNtCs4PyLZvEkasu_7gittype9extractor17repository_loaderNtB2_16RepositoryLoader31load_challenges_from_repository
FNDA:0,_RNvMNtNtCs4PyLZvEkasu_7gittype9extractor17repository_loaderNtB2_16RepositoryLoader32load_all_files_as_zen_challenges
FNDA:4,_RNvMNtNtCs4PyLZvEkasu_7gittype9extractor17repository_loaderNtB2_16RepositoryLoader3new
FNDA:0,_RNvNvMNtNtCs4PyLZvEkasu_7gittype9extractor17repository_loaderNtB4_16RepositoryLoader20collect_source_files17collect_recursive
FNDA:0,_RINvMNtNtCscZjyiejqBjN_7gittype9extractor17repository_loaderNtB3_16RepositoryLoader31load_challenges_with_difficultypEB7_
FNDA:0,_RINvMNtNtCscZjyiejqBjN_7gittype9extractor17repository_loaderNtB3_16RepositoryLoader45load_challenges_from_repository_with_progresspEB7_
FNDA:0,_RNCNvNvMNtNtCscZjyiejqBjN_7gittype9extractor17repository_loaderNtB6_16RepositoryLoader20collect_source_files17collect_recursive0Ba_
FNDA:0,_RNCNvNvMNtNtCscZjyiejqBjN_7gittype9extractor17repository_loaderNtB6_16RepositoryLoader20collect_source_files17collect_recursives_0Ba_
FNDA:0,_RNvMNtNtCscZjyiejqBjN_7gittype9extractor17repository_loaderNtB2_16RepositoryLoader12get_git_info
FNDA:0,_RNvMNtNtCscZjyiejqBjN_7gittype9extractor17repository_loaderNtB2_16RepositoryLoader20collect_source_files
FNDA:0,_RNvMNtNtCscZjyiejqBjN_7gittype9extractor17repository_loaderNtB2_16RepositoryLoader31load_challenges_from_repository
FNDA:0,_RNvMNtNtCscZjyiejqBjN_7gittype9extractor17repository_loaderNtB2_16RepositoryLoader32load_all_files_as_zen_challenges
FNDA:0,_RNvMNtNtCscZjyiejqBjN_7gittype9extractor17repository_loaderNtB2_16RepositoryLoader3new
FNDA:0,_RNvNvMNtNtCscZjyiejqBjN_7gittype9extractor17repository_loaderNtB4_16RepositoryLoader20collect_source_files17collect_recursive
FNDA:0,_RINvMNtNtCs4PyLZvEkasu_7gittype9extractor17repository_loaderNtB3_16RepositoryLoader45load_challenges_from_repository_with_progressNtNtNtNtB7_4game7screens14loading_screen13LoadingScreenECsbo6X0jOJBx_7gittype
FNF:10
FNH:3
DA:16,4
DA:17,4
DA:18,4
DA:20,4
DA:21,4
DA:22,4
DA:23,4
DA:24,4
DA:25,4
DA:27,4
DA:28,4
DA:29,4
DA:30,4
DA:31,4
DA:32,4
DA:33,4
DA:34,4
DA:35,4
DA:37,4
DA:39,4
DA:40,4
DA:41,4
DA:42,4
DA:43,4
DA:44,4
DA:45,4
DA:46,1
DA:47,3
DA:50,3
DA:52,3
DA:53,3
DA:54,3
DA:55,3
DA:57,3
DA:58,0
DA:59,3
DA:61,3
DA:63,3
DA:65,3
DA:66,3
DA:67,4
DA:69,0
DA:70,0
DA:71,0
DA:72,0
DA:73,0
DA:74,0
DA:75,0
DA:78,0
DA:79,0
DA:80,0
DA:82,0
DA:84,0
DA:85,0
DA:86,0
DA:87,0
DA:88,0
DA:91,0
DA:92,0
DA:93,0
DA:94,0
DA:95,0
DA:96,0
DA:98,0
DA:99,0
DA:100,0
DA:102,0
DA:103,0
DA:104,0
DA:105,0
DA:107,0
DA:108,0
DA:111,0
DA:113,0
DA:116,0
DA:117,0
DA:119,0
DA:120,0
DA:121,0
DA:122,0
DA:123,0
DA:124,0
DA:125,0
DA:126,0
DA:127,0
DA:129,0
DA:130,0
DA:131,0
DA:133,0
DA:134,0
DA:135,0
DA:136,0
DA:137,0
DA:138,0
DA:139,0
DA:140,0
DA:142,0
DA:143,0
DA:144,0
DA:146,0
DA:148,0
DA:149,0
DA:151,0
DA:153,0
DA:156,0
DA:157,0
DA:158,0
DA:160,0
DA:161,0
DA:163,0
DA:164,0
DA:165,0
BRF:0
BRH:0
LF:114
LH:40
end_of_record
SF:/home/owner/.ghq/github.com/unhappychoice/gittype/src/game/ascii_digits.rs
FN:3,_RNvNtNtCs4PyLZvEkasu_7gittype4game12ascii_digits18get_digit_patterns
FN:3,_RNvNtNtCscZjyiejqBjN_7gittype4game12ascii_digits18get_digit_patterns
FNDA:0,_RNvNtNtCs4PyLZvEkasu_7gittype4game12ascii_digits18get_digit_patterns
FNDA:0,_RNvNtNtCscZjyiejqBjN_7gittype4game12ascii_digits18get_digit_patterns
FNF:1
FNH:0
DA:3,0
DA:4,0
DA:5,0
DA:6,0
DA:7,0
DA:8,0
DA:9,0
DA:10,0
DA:11,0
DA:12,0
DA:13,0
DA:14,0
DA:15,0
DA:16,0
DA:17,0
DA:18,0
DA:19,0
DA:20,0
DA:21,0
DA:22,0
DA:23,0
DA:24,0
DA:25,0
DA:26,0
BRF:0
BRH:0
LF:24
LH:0
end_of_record
SF:/home/owner/.ghq/github.com/unhappychoice/gittype/src/game/ascii_rank_titles_generated.rs
FN:5,_RNvNtNtCs4PyLZvEkasu_7gittype4game27ascii_rank_titles_generated21get_all_rank_patterns
FN:703,_RNvNtNtCs4PyLZvEkasu_7gittype4game27ascii_rank_titles_generated22get_rank_title_display
FN:708,_RNCNvNtNtCs4PyLZvEkasu_7gittype4game27ascii_rank_titles_generated22get_rank_title_display0B7_
FN:708,_RNCNvNtNtCscZjyiejqBjN_7gittype4game27ascii_rank_titles_generated22get_rank_title_display0B7_
FN:5,_RNvNtNtCscZjyiejqBjN_7gittype4game27ascii_rank_titles_generated21get_all_rank_patterns
FN:703,_RNvNtNtCscZjyiejqBjN_7gittype4game27ascii_rank_titles_generated22get_rank_title_display
FNDA:136,_RNvNtNtCs4PyLZvEkasu_7gittype4game27ascii_rank_titles_generated21get_all_rank_patterns
FNDA:136,_RNvNtNtCs4PyLZvEkasu_7gittype4game27ascii_rank_titles_generated22get_rank_title_display
FNDA:0,_RNCNvNtNtCs4PyLZvEkasu_7gittype4game27ascii_rank_titles_generated22get_rank_title_display0B7_
FNDA:0,_RNCNvNtNtCscZjyiejqBjN_7gittype4game27ascii_rank_titles_generated22get_rank_title_display0B7_
FNDA:0,_RNvNtNtCscZjyiejqBjN_7gittype4game27ascii_rank_titles_generated21get_all_rank_patterns
FNDA:0,_RNvNtNtCscZjyiejqBjN_7gittype4game27ascii_rank_titles_generated22get_rank_title_display
FNF:3
FNH:2
DA:5,136
DA:6,136
DA:9,136
DA:10,136
DA:11,136
DA:12,136
DA:13,136
DA:14,136
DA:15,136
DA:19,136
DA:20,136
DA:21,136
DA:22,136
DA:23,136
DA:24,136
DA:25,136
DA:29,136
DA:30,136
DA:31,136
DA:32,136
DA:33,136
DA:34,136
DA:35,136
DA:39,136
DA:40,136
DA:41,136
DA:42,136
DA:43,136
DA:44,136
DA:45,136
DA:49,136
DA:50,136
DA:51,136
DA:52,136
DA:53,136
DA:54,136
DA:55,136
DA:59,136
DA:60,136
DA:61,136
DA:62,136
DA:63,136
DA:64,136
DA:65,136
DA:69,136
DA:70,136
DA:71,136
DA:72,136
DA:73,136
DA:74,136
DA:75,136
DA:79,136
DA:80,136
DA:81,136
DA:82,136
DA:83,136
DA:84,136
DA:85,136
DA:89,136
DA:90,136
DA:91,136
DA:92,136
DA:93,136
DA:94,136
DA:95,136
DA:96,136
DA:97,136
DA:98,136
DA:99,136
DA:100,136
DA:104,136
DA:105,136
DA:106,136
DA:107,136
DA:108,136
DA:109,136
DA:110,136
DA:114,136
DA:115,136
DA:116,136
DA:117,136
DA:118,136
DA:119,136
DA:120,136
DA:124,136
DA:125,136
DA:126,136
DA:127,136
DA:128,136
DA:129,136
DA:130,136
DA:134,136
DA:135,136
DA:136,136
DA:137,136
DA:138,136
DA:139,136
DA:140,136
DA:144,136
DA:145,136
DA:146,136
DA:147,136
DA:148,136
DA:149,136
DA:150,136
DA:154,136
DA:155,136
DA:156,136
DA:157,136
DA:158,136
DA:159,136
DA:160,136
DA:164,136
DA:165,136
DA:166,136
DA:167,136
DA:168,136
DA:169,136
DA:170,136
DA:174,136
DA:175,136
DA:176,136
DA:177,136
DA:178,136
DA:179,136
DA:180,136
DA:181,136
DA:182,136
DA:183,136
DA:184,136
DA:188,136
DA:189,136
DA:190,136
DA:191,136
DA:192,136
DA:193,136
DA:194,136
DA:195,136
DA:196,136
DA:197,136
DA:198,136
DA:199,136
DA:203,136
DA:204,136
DA:205,136
DA:206,136
DA:207,136
DA:208,136
DA:209,136
DA:213,136
DA:214,136
DA:215,136
DA:216,136
DA:217,136
DA:218,136
DA:219,136
DA:220,136
DA:221,136
DA:222,136
DA:223,136
DA:227,136
DA:228,136
DA:229,136
DA:230,136
DA:231,136
DA:232,136
DA:233,136
DA:237,136
DA:238,136
DA:239,136
DA:240,136
DA:241,136
DA:242,136
DA:243,136
DA:247,136
DA:248,136
DA:249,136
DA:250,136
DA:251,136
DA:252,136
DA:253,136
DA:257,136
DA:258,136
DA:259,136
DA:260,136
DA:261,136
DA:262,136
DA:263,136
DA:267,136
DA:268,136
DA:269,136
DA:270,136
DA:271,136
DA:272,136
DA:273,136
DA:277,136
DA:278,136
DA:279,136
DA:280,136
DA:281,136
DA:282,136
DA:283,136
DA:287,136
DA:288,136
DA:289,136
DA:290,136
DA:291,136
DA:292,136
DA:293,136
DA:297,136
DA:298,136
DA:299,136
DA:300,136
DA:301,136
DA:302,136
DA:303,136
DA:307,136
DA:308,136
DA:309,136
DA:310,136
DA:311,136
DA:312,136
DA:313,136
DA:314,136
DA:315,136
DA:316,136
DA:317,136
DA:321,136
DA:322,136
DA:323,136
DA:324,136
DA:325,136
DA:326,136
DA:327,136
DA:331,136
DA:332,136
DA:333,136
DA:334,136
DA:335,136
DA:336,136
DA:337,136
DA:341,136
DA:342,136
DA:343,136
DA:344,136
DA:345,136
DA:346,136
DA:347,136
DA:351,136
DA:352,136
DA:353,136
DA:354,136
DA:355,136
DA:356,136
DA:357,136
DA:358,136
DA:359,136
DA:360,136
DA:361,136
DA:365,136
DA:366,136
DA:367,136
DA:368,136
DA:369,136
DA:370,136
DA:371,136
DA:372,136
DA:373,136
DA:374,136
DA:375,136
DA:379,136
DA:380,136
DA:381,136
DA:382,136
DA:383,136
DA:384,136
DA:385,136
DA:389,136
DA:390,136
DA:391,136
DA:392,136
DA:393,136
DA:394,136
DA:395,136
DA:399,136
DA:400,136
DA:401,136
DA:402,136
DA:403,136
DA:404,136
DA:405,136
DA:409,136
DA:410,136
DA:411,136
DA:412,136
DA:413,136
DA:414,136
DA:415,136
DA:416,136
DA:417,136
DA:418,136
DA:419,136
DA:423,136
DA:424,136
DA:425,136
DA:426,136
DA:427,136
DA:428,136
DA:429,136
DA:430,136
DA:431,136
DA:432,136
DA:433,136
DA:437,136
DA:438,136
DA:439,136
DA:440,136
DA:441,136
DA:442,136
DA:443,136
DA:447,136
DA:448,136
DA:449,136
DA:450,136
DA:451,136
DA:452,136
DA:453,136
DA:454,136
DA:455,136
DA:456,136
DA:457,136
DA:461,136
DA:462,136
DA:463,136
DA:464,136
DA:465,136
DA:466,136
DA:467,136
DA:471,136
DA:472,136
DA:473,136
DA:474,136
DA:475,136
DA:476,136
DA:477,136
DA:478,136
DA:479,136
DA:480,136
DA:481,136
DA:485,136
DA:486,136
DA:487,136
DA:488,136
DA:489,136
DA:490,136
DA:491,136
DA:495,136
DA:496,136
DA:497,136
DA:498,136
DA:499,136
DA:500,136
DA:501,136
DA:505,136
DA:506,136
DA:507,136
DA:508,136
DA:509,136
DA:510,136
DA:511,136
DA:515,136
DA:516,136
DA:517,136
DA:518,136
DA:519,136
DA:520,136
DA:521,136
DA:522,136
DA:523,136
DA:524,136
DA:525,136
DA:529,136
DA:530,136
DA:531,136
DA:532,136
DA:533,136
DA:534,136
DA:535,136
DA:539,136
DA:540,136
DA:541,136
DA:542,136
DA:543,136
DA:544,136
DA:545,136
DA:549,136
DA:550,136
DA:551,136
DA:552,136
DA:553,136
DA:554,136
DA:555,136
DA:556,136
DA:557,136
DA:558,136
DA:559,136
DA:563,136
DA:564,136
DA:565,136
DA:566,136
DA:567,136
DA:568,136
DA:569,136
DA:573,136
DA:574,136
DA:575,136
DA:576,136
DA:577,136
DA:578,136
DA:579,136
DA:583,136
DA:584,136
DA:585,136
DA:586,136
DA:587,136
DA:588,136
DA:589,136
DA:593,136
DA:594,136
DA:595,136
DA:596,136
DA:597,136
DA:598,136
DA:599,136
DA:600,136
DA:601,136
DA:602,136
DA:603,136
DA:607,136
DA:608,136
DA:609,136
DA:610,136
DA:611,136
DA:612,136
DA:613,136
DA:617,136
DA:618,136
DA:619,136
DA:620,136
DA:621,136
DA:622,136
DA:623,136
DA:627,136
DA:628,136
DA:629,136
DA:630,136
DA:631,136
DA:632,136
DA:633,136
DA:637,136
DA:638,136
DA:639,136
DA:640,136
DA:641,136
DA:642,136
DA:643,136
DA:647,136
DA:648,136
DA:649,136
DA:650,136
DA:651,136
DA:652,136
DA:653,136
DA:657,136
DA:658,136
DA:659,136
DA:660,136
DA:661,136
DA:662,136
DA:663,136
DA:667,136
DA:668,136
DA:669,136
DA:670,136
DA:671,136
DA:672,136
DA:673,136
DA:674,136
DA:675,136
DA:676,136
DA:677,136
DA:681,136
DA:682,136
DA:683,136
DA:684,136
DA:685,136
DA:686,136
DA:687,136
DA:691,136
DA:692,136
DA:693,136
DA:694,136
DA:695,136
DA:696,136
DA:697,136
DA:700,136
DA:701,136
DA:703,136
DA:704,136
DA:705,136
DA:706,136
DA:707,136
DA:708,136
DA:709,136
BRF:0
BRH:0
LF:515
LH:514
end_of_record
SF:/home/owner/.ghq/github.com/unhappychoice/gittype/src/game/challenge.rs
FN:41,_RNvMNtNtCs4PyLZvEkasu_7gittype4game9challengeNtB2_9Challenge13with_language
FN:29,_RNvMNtNtCs4PyLZvEkasu_7gittype4game9challengeNtB2_9Challenge16with_source_info
FN:56,_RNvMNtNtCs4PyLZvEkasu_7gittype4game9challengeNtB2_9Challenge17get_display_title
FN:46,_RNvMNtNtCs4PyLZvEkasu_7gittype4game9challengeNtB2_9Challenge19with_comment_ranges
FN:51,_RNvMNtNtCs4PyLZvEkasu_7gittype4game9challengeNtB2_9Challenge21with_difficulty_level
FN:16,_RNvMNtNtCs4PyLZvEkasu_7gittype4game9challengeNtB2_9Challenge3new
FN:41,_RNvMNtNtCscZjyiejqBjN_7gittype4game9challengeNtB2_9Challenge13with_language
FN:29,_RNvMNtNtCscZjyiejqBjN_7gittype4game9challengeNtB2_9Challenge16with_source_info
FN:56,_RNvMNtNtCscZjyiejqBjN_7gittype4game9challengeNtB2_9Challenge17get_display_title
FN:46,_RNvMNtNtCscZjyiejqBjN_7gittype4game9challengeNtB2_9Challenge19with_comment_ranges
FN:51,_RNvMNtNtCscZjyiejqBjN_7gittype4game9challengeNtB2_9Challenge21with_difficulty_level
FN:16,_RNvMNtNtCscZjyiejqBjN_7gittype4game9challengeNtB2_9Challenge3new
FNDA:58,_RNvMNtNtCs4PyLZvEkasu_7gittype4game9challengeNtB2_9Challenge13with_language
FNDA:24,_RNvMNtNtCs4PyLZvEkasu_7gittype4game9challengeNtB2_9Challenge16with_source_info
FNDA:0,_RNvMNtNtCs4PyLZvEkasu_7gittype4game9challengeNtB2_9Challenge17get_display_title
FNDA:24,_RNvMNtNtCs4PyLZvEkasu_7gittype4game9challengeNtB2_9Challenge19with_comment_ranges
FNDA:35,_RNvMNtNtCs4PyLZvEkasu_7gittype4game9challengeNtB2_9Challenge21with_difficulty_level
FNDA:58,_RNvMNtNtCs4PyLZvEkasu_7gittype4game9challengeNtB2_9Challenge3new
FNDA:0,_RNvMNtNtCscZjyiejqBjN_7gittype4game9challengeNtB2_9Challenge13with_language
FNDA:0,_RNvMNtNtCscZjyiejqBjN_7gittype4game9challengeNtB2_9Challenge16with_source_info
FNDA:0,_RNvMNtNtCscZjyiejqBjN_7gittype4game9challengeNtB2_9Challenge17get_display_title
FNDA:0,_RNvMNtNtCscZjyiejqBjN_7gittype4game9challengeNtB2_9Challenge19with_comment_ranges
FNDA:0,_RNvMNtNtCscZjyiejqBjN_7gittype4game9challengeNtB2_9Challenge21with_difficulty_level
FNDA:0,_RNvMNtNtCscZjyiejqBjN_7gittype4game9challengeNtB2_9Challenge3new
FNF:6
FNH:5
DA:16,58
DA:17,58
DA:18,58
DA:19,58
DA:20,58
DA:21,58
DA:22,58
DA:23,58
DA:24,58
DA:25,58
DA:26,58
DA:27,58
DA:29,24
DA:30,24
DA:31,24
DA:32,24
DA:33,24
DA:34,24
DA:35,24
DA:36,24
DA:37,24
DA:38,24
DA:39,24
DA:41,58
DA:42,58
DA:43,58
DA:44,58
DA:46,24
DA:47,24
DA:48,24
DA:49,24
DA:51,35
DA:52,35
DA:53,35
DA:54,35
DA:56,0
DA:57,0
DA:58,0
DA:59,0
DA:61,0
DA:64,0
DA:66,0
BRF:0
BRH:0
LF:42
LH:35
end_of_record
SF:/home/owner/.ghq/github.com/unhappychoice/gittype/src/game/display.rs
FN:338,_RNCNvMNtNtCs4PyLZvEkasu_7gittype4game7displayNtB4_11GameDisplay22is_position_in_comment0B8_
FN:279,_RNCNvMNtNtCs4PyLZvEkasu_7gittype4game7displayNtB4_11GameDisplay27display_challenge_with_info0B8_
FN:338,_RNCNvMNtNtCscZjyiejqBjN_7gittype4game7displayNtB4_11GameDisplay22is_position_in_comment0B8_
FN:279,_RNCNvMNtNtCscZjyiejqBjN_7gittype4game7displayNtB4_11GameDisplay27display_challenge_with_info0B8_
FN:16,_RNvMNtNtCscZjyiejqBjN_7gittype4game7displayNtB2_11GameDisplay17display_challenge
FN:300,_RNvMNtNtCscZjyiejqBjN_7gittype4game7displayNtB2_11GameDisplay18print_visible_char
FN:326,_RNvMNtNtCscZjyiejqBjN_7gittype4game7displayNtB2_11GameDisplay22find_line_for_position
FN:335,_RNvMNtNtCscZjyiejqBjN_7gittype4game7displayNtB2_11GameDisplay22is_position_in_comment
FN:38,_RNvMNtNtCscZjyiejqBjN_7gittype4game7displayNtB2_11GameDisplay27display_challenge_with_info
FNDA:0,_RNCNvMNtNtCs4PyLZvEkasu_7gittype4game7displayNtB4_11GameDisplay22is_position_in_comment0B8_
FNDA:0,_RNCNvMNtNtCs4PyLZvEkasu_7gittype4game7displayNtB4_11GameDisplay27display_challenge_with_info0B8_
FNDA:0,_RNCNvMNtNtCscZjyiejqBjN_7gittype4game7displayNtB4_11GameDisplay22is_position_in_comment0B8_
FNDA:0,_RNCNvMNtNtCscZjyiejqBjN_7gittype4game7displayNtB4_11GameDisplay27display_challenge_with_info0B8_
FNDA:0,_RNvMNtNtCscZjyiejqBjN_7gittype4game7displayNtB2_11GameDisplay17display_challenge
FNDA:0,_RNvMNtNtCscZjyiejqBjN_7gittype4game7displayNtB2_11GameDisplay18print_visible_char
FNDA:0,_RNvMNtNtCscZjyiejqBjN_7gittype4game7displayNtB2_11GameDisplay22find_line_for_position
FNDA:0,_RNvMNtNtCscZjyiejqBjN_7gittype4game7displayNtB2_11GameDisplay22is_position_in_comment
FNDA:0,_RNvMNtNtCscZjyiejqBjN_7gittype4game7displayNtB2_11GameDisplay27display_challenge_with_info
FNF:7
FNH:0
DA:16,0
DA:17,0
DA:18,0
DA:19,0
DA:20,0
DA:21,0
DA:22,0
DA:23,0
DA:24,0
DA:25,0
DA:26,0
DA:27,0
DA:28,0
DA:29,0
DA:30,0
DA:31,0
DA:32,0
DA:35,0
DA:38,0
DA:39,0
DA:40,0
DA:41,0
DA:42,0
DA:43,0
DA:44,0
DA:45,0
DA:46,0
DA:47,0
DA:48,0
DA:49,0
DA:50,0
DA:53,0
DA:57,0
DA:60,0
DA:61,0
DA:62,0
DA:63,0
DA:69,0
DA:71,0
DA:72,0
DA:74,0
DA:76,0
DA:77,0
DA:78,0
DA:80,0
DA:81,0
DA:82,0
DA:85,0
DA:86,0
DA:89,0
DA:92,0
DA:93,0
DA:95,0
DA:99,0
DA:100,0
DA:101,0
DA:102,0
DA:104,0
DA:106,0
DA:108,0
DA:109,0
DA:110,0
DA:111,0
DA:114,0
DA:115,0
DA:116,0
DA:117,0
DA:118,0
DA:119,0
DA:120,0
DA:121,0
DA:124,0
DA:126,0
DA:127,0
DA:128,0
DA:132,0
DA:133,0
DA:134,0
DA:135,0
DA:136,0
DA:139,0
DA:140,0
DA:141,0
DA:143,0
DA:144,0
DA:148,0
DA:149,0
DA:151,0
DA:153,0
DA:154,0
DA:155,0
DA:156,0
DA:157,0
DA:158,0
DA:161,0
DA:162,0
DA:163,0
DA:164,0
DA:167,0
DA:168,0
DA:169,0
DA:172,0
DA:173,0
DA:174,0
DA:175,0
DA:176,0
DA:179,0
DA:180,0
DA:181,0
DA:182,0
DA:183,0
DA:185,0
DA:188,0
DA:190,0
DA:192,0
DA:193,0
DA:197,0
DA:198,0
DA:200,0
DA:201,0
DA:205,0
DA:208,0
DA:209,0
DA:213,0
DA:215,0
DA:216,0
DA:218,0
DA:219,0
DA:221,0
DA:222,0
DA:225,0
DA:228,0
DA:229,0
DA:232,0
DA:236,0
DA:237,0
DA:240,0
DA:242,0
DA:243,0
DA:246,0
DA:248,0
DA:249,0
DA:253,0
DA:256,0
DA:257,0
DA:261,0
DA:263,0
DA:266,0
DA:270,0
DA:271,0
DA:272,0
DA:273,0
DA:275,0
DA:276,0
DA:277,0
DA:278,0
DA:279,0
DA:280,0
DA:281,0
DA:282,0
DA:284,0
DA:287,0
DA:292,0
DA:295,0
DA:296,0
DA:297,0
DA:298,0
DA:300,0
DA:301,0
DA:304,0
DA:308,0
DA:312,0
DA:314,0
DA:316,0
DA:318,0
DA:320,0
DA:323,0
DA:324,0
DA:326,0
DA:327,0
DA:328,0
DA:329,0
DA:330,0
DA:332,0
DA:333,0
DA:335,0
DA:336,0
DA:337,0
DA:338,0
DA:339,0
BRF:0
BRH:0
LF:192
LH:0
end_of_record
SF:/home/owner/.ghq/github.com/unhappychoice/gittype/src/game/display_optimized.rs
FN:436,_RNCNvMNtNtCs4PyLZvEkasu_7gittype4game17display_optimizedNtB4_20GameDisplayOptimized22is_position_in_comment0B8_
FN:118,_RNvMNtNtCs4PyLZvEkasu_7gittype4game17display_optimizedNtB2_20GameDisplayOptimized14display_header
FN:174,_RNvMNtNtCs4PyLZvEkasu_7gittype4game17display_optimizedNtB2_20GameDisplayOptimized15display_content
FN:383,_RNvMNtNtCs4PyLZvEkasu_7gittype4game17display_optimizedNtB2_20GameDisplayOptimized15display_metrics
FN:371,_RNvMNtNtCs4PyLZvEkasu_7gittype4game17display_optimizedNtB2_20GameDisplayOptimized18print_visible_char
FN:424,_RNvMNtNtCs4PyLZvEkasu_7gittype4game17display_optimizedNtB2_20GameDisplayOptimized22find_line_for_position
FN:433,_RNvMNtNtCs4PyLZvEkasu_7gittype4game17display_optimizedNtB2_20GameDisplayOptimized22is_position_in_comment
FN:275,_RNvMNtNtCs4PyLZvEkasu_7gittype4game17display_optimizedNtB2_20GameDisplayOptimized26render_character_optimized
FN:36,_RNvMNtNtCs4PyLZvEkasu_7gittype4game17display_optimizedNtB2_20GameDisplayOptimized27display_challenge_with_info
FN:27,_RNvMNtNtCs4PyLZvEkasu_7gittype4game17display_optimizedNtB2_20GameDisplayOptimized3new
FN:436,_RNCNvMNtNtCscZjyiejqBjN_7gittype4game17display_optimizedNtB4_20GameDisplayOptimized22is_position_in_comment0B8_
FN:118,_RNvMNtNtCscZjyiejqBjN_7gittype4game17display_optimizedNtB2_20GameDisplayOptimized14display_header
FN:174,_RNvMNtNtCscZjyiejqBjN_7gittype4game17display_optimizedNtB2_20GameDisplayOptimized15display_content
FN:383,_RNvMNtNtCscZjyiejqBjN_7gittype4game17display_optimizedNtB2_20GameDisplayOptimized15display_metrics
FN:371,_RNvMNtNtCscZjyiejqBjN_7gittype4game17display_optimizedNtB2_20GameDisplayOptimized18print_visible_char
FN:424,_RNvMNtNtCscZjyiejqBjN_7gittype4game17display_optimizedNtB2_20GameDisplayOptimized22find_line_for_position
FN:433,_RNvMNtNtCscZjyiejqBjN_7gittype4game17display_optimizedNtB2_20GameDisplayOptimized22is_position_in_comment
FN:275,_RNvMNtNtCscZjyiejqBjN_7gittype4game17display_optimizedNtB2_20GameDisplayOptimized26render_character_optimized
FN:36,_RNvMNtNtCscZjyiejqBjN_7gittype4game17display_optimizedNtB2_20GameDisplayOptimized27display_challenge_with_info
FN:27,_RNvMNtNtCscZjyiejqBjN_7gittype4game17display_optimizedNtB2_20GameDisplayOptimized3new
FNDA:0,_RNCNvMNtNtCs4PyLZvEkasu_7gittype4game17display_optimizedNtB4_20GameDisplayOptimized22is_position_in_comment0B8_
FNDA:0,_RNvMNtNtCs4PyLZvEkasu_7gittype4game17display_optimizedNtB2_20GameDisplayOptimized14display_header
FNDA:0,_RNvMNtNtCs4PyLZvEkasu_7gittype4game17display_optimizedNtB2_20GameDisplayOptimized15display_content
FNDA:0,_RNvMNtNtCs4PyLZvEkasu_7gittype4game17display_optimizedNtB2_20GameDisplayOptimized15display_metrics
FNDA:0,_RNvMNtNtCs4PyLZvEkasu_7gittype4game17display_optimizedNtB2_20GameDisplayOptimized18print_visible_char
FNDA:0,_RNvMNtNtCs4PyLZvEkasu_7gittype4game17display_optimizedNtB2_20GameDisplayOptimized22find_line_for_position
FNDA:0,_RNvMNtNtCs4PyLZvEkasu_7gittype4game17display_optimizedNtB2_20GameDisplayOptimized22is_position_in_comment
FNDA:0,_RNvMNtNtCs4PyLZvEkasu_7gittype4game17display_optimizedNtB2_20GameDisplayOptimized26render_character_optimized
FNDA:0,_RNvMNtNtCs4PyLZvEkasu_7gittype4game17display_optimizedNtB2_20GameDisplayOptimized27display_challenge_with_info
FNDA:0,_RNvMNtNtCs4PyLZvEkasu_7gittype4game17display_optimizedNtB2_20GameDisplayOptimized3new
FNDA:0,_RNCNvMNtNtCscZjyiejqBjN_7gittype4game17display_optimizedNtB4_20GameDisplayOptimized22is_position_in_comment0B8_
FNDA:0,_RNvMNtNtCscZjyiejqBjN_7gittype4game17display_optimizedNtB2_20GameDisplayOptimized14display_header
FNDA:0,_RNvMNtNtCscZjyiejqBjN_7gittype4game17display_optimizedNtB2_20GameDisplayOptimized15display_content
FNDA:0,_RNvMNtNtCscZjyiejqBjN_7gittype4game17display_optimizedNtB2_20GameDisplayOptimized15display_metrics
FNDA:0,_RNvMNtNtCscZjyiejqBjN_7gittype4game17display_optimizedNtB2_20GameDisplayOptimized18print_visible_char
FNDA:0,_RNvMNtNtCscZjyiejqBjN_7gittype4game17display_optimizedNtB2_20GameDisplayOptimized22find_line_for_position
FNDA:0,_RNvMNtNtCscZjyiejqBjN_7gittype4game17display_optimizedNtB2_20GameDisplayOptimized22is_position_in_comment
FNDA:0,_RNvMNtNtCscZjyiejqBjN_7gittype4game17display_optimizedNtB2_20GameDisplayOptimized26render_character_optimized
FNDA:0,_RNvMNtNtCscZjyiejqBjN_7gittype4game17display_optimizedNtB2_20GameDisplayOptimized27display_challenge_with_info
FNDA:0,_RNvMNtNtCscZjyiejqBjN_7gittype4game17display_optimizedNtB2_20GameDisplayOptimized3new
FNF:10
FNH:0
DA:27,0
DA:28,0
DA:29,0
DA:30,0
DA:31,0
DA:32,0
DA:33,0
DA:36,0
DA:37,0
DA:38,0
DA:39,0
DA:40,0
DA:41,0
DA:42,0
DA:43,0
DA:44,0
DA:45,0
DA:46,0
DA:47,0
DA:48,0
DA:49,0
DA:52,0
DA:53,0
DA:54,0
DA:57,0
DA:58,0
DA:61,0
DA:63,0
DA:64,0
DA:65,0
DA:66,0
DA:68,0
DA:71,0
DA:72,0
DA:73,0
DA:74,0
DA:75,0
DA:76,0
DA:77,0
DA:80,0
DA:81,0
DA:85,0
DA:86,0
DA:87,0
DA:89,0
DA:90,0
DA:91,0
DA:92,0
DA:93,0
DA:94,0
DA:95,0
DA:96,0
DA:97,0
DA:98,0
DA:101,0
DA:102,0
DA:103,0
DA:104,0
DA:105,0
DA:106,0
DA:107,0
DA:108,0
DA:109,0
DA:111,0
DA:112,0
DA:114,0
DA:115,0
DA:116,0
DA:118,0
DA:119,0
DA:120,0
DA:121,0
DA:122,0
DA:123,0
DA:124,0
DA:125,0
DA:126,0
DA:127,0
DA:129,0
DA:132,0
DA:133,0
DA:136,0
DA:137,0
DA:138,0
DA:139,0
DA:145,0
DA:147,0
DA:148,0
DA:150,0
DA:153,0
DA:154,0
DA:157,0
DA:158,0
DA:159,0
DA:161,0
DA:163,0
DA:164,0
DA:167,0
DA:168,0
DA:170,0
DA:171,0
DA:174,0
DA:175,0
DA:176,0
DA:177,0
DA:178,0
DA:179,0
DA:180,0
DA:181,0
DA:182,0
DA:183,0
DA:184,0
DA:185,0
DA:186,0
DA:188,0
DA:191,0
DA:192,0
DA:193,0
DA:195,0
DA:199,0
DA:201,0
DA:202,0
DA:203,0
DA:206,0
DA:207,0
DA:208,0
DA:211,0
DA:214,0
DA:217,0
DA:219,0
DA:221,0
DA:222,0
DA:223,0
DA:224,0
DA:225,0
DA:226,0
DA:227,0
DA:230,0
DA:231,0
DA:232,0
DA:233,0
DA:234,0
DA:235,0
DA:236,0
DA:237,0
DA:238,0
DA:239,0
DA:242,0
DA:243,0
DA:244,0
DA:245,0
DA:246,0
DA:247,0
DA:248,0
DA:249,0
DA:252,0
DA:253,0
DA:254,0
DA:257,0
DA:258,0
DA:259,0
DA:260,0
DA:261,0
DA:262,0
DA:263,0
DA:264,0
DA:265,0
DA:266,0
DA:268,0
DA:271,0
DA:272,0
DA:275,0
DA:276,0
DA:277,0
DA:278,0
DA:279,0
DA:280,0
DA:281,0
DA:282,0
DA:283,0
DA:284,0
DA:285,0
DA:287,0
DA:288,0
DA:289,0
DA:290,0
DA:291,0
DA:292,0
DA:293,0
DA:294,0
DA:295,0
DA:296,0
DA:297,0
DA:298,0
DA:299,0
DA:301,0
DA:302,0
DA:303,0
DA:304,0
DA:305,0
DA:307,0
DA:308,0
DA:309,0
DA:310,0
DA:311,0
DA:312,0
DA:313,0
DA:314,0
DA:316,0
DA:317,0
DA:318,0
DA:319,0
DA:320,0
DA:323,0
DA:324,0
DA:325,0
DA:326,0
DA:327,0
DA:329,0
DA:330,0
DA:331,0
DA:332,0
DA:333,0
DA:334,0
DA:336,0
DA:337,0
DA:338,0
DA:339,0
DA:340,0
DA:344,0
DA:345,0
DA:347,0
DA:348,0
DA:349,0
DA:350,0
DA:351,0
DA:352,0
DA:353,0
DA:354,0
DA:355,0
DA:357,0
DA:358,0
DA:360,0
DA:363,0
DA:364,0
DA:365,0
DA:366,0
DA:368,0
DA:369,0
DA:371,0
DA:372,0
DA:373,0
DA:374,0
DA:375,0
DA:376,0
DA:377,0
DA:378,0
DA:379,0
DA:380,0
DA:383,0
DA:384,0
DA:385,0
[...]
DA:120,10
DA:123,6
DA:124,6
DA:125,0
DA:126,6
DA:128,6
DA:129,6
DA:130,6
DA:131,6
DA:134,2
DA:135,2
DA:136,2
DA:139,4
DA:140,4
DA:141,0
DA:142,4
DA:144,4
DA:145,4
DA:146,4
DA:149,8
DA:150,52
DA:151,8
DA:154,3
DA:155,3
DA:156,3
DA:159,4
DA:160,4
DA:161,4
DA:164,2
DA:165,2
DA:166,2
DA:167,0
DA:168,2
DA:169,2
DA:170,2
DA:173,0
DA:174,0
DA:175,0
DA:176,0
DA:179,0
DA:180,0
DA:181,0
DA:184,65
DA:185,65
DA:186,65
DA:189,0
DA:190,0
DA:192,0
DA:193,0
DA:194,0
DA:195,0
DA:196,0
DA:197,0
DA:198,0
DA:199,0
DA:200,0
DA:201,0
DA:202,0
DA:203,0
DA:206,0
DA:207,0
DA:208,0
DA:209,0
DA:210,0
DA:211,0
DA:212,0
DA:213,0
DA:214,0
DA:215,0
DA:216,0
DA:217,0
DA:220,0
DA:221,0
DA:222,0
DA:223,0
DA:224,0
DA:225,0
DA:226,0
DA:227,0
DA:228,0
DA:229,0
DA:230,0
DA:231,0
DA:234,0
DA:235,0
DA:236,0
DA:237,0
DA:238,0
DA:239,0
DA:240,0
DA:241,0
DA:242,0
DA:243,0
DA:244,0
DA:245,0
DA:248,0
DA:249,0
DA:250,0
DA:251,0
DA:252,0
DA:253,0
DA:254,0
DA:255,0
DA:256,0
DA:257,0
DA:258,0
DA:259,0
DA:260,0
DA:261,0
DA:262,0
DA:264,0
DA:267,0
DA:268,0
DA:269,0
DA:273,0
DA:274,0
DA:275,0
DA:279,0
DA:280,0
DA:281,0
DA:282,0
DA:283,0
DA:284,0
DA:286,0
DA:287,0
DA:288,0
DA:289,0
DA:291,0
DA:294,0
DA:295,0
DA:296,0
DA:298,0
DA:299,0
DA:303,0
DA:304,0
DA:305,0
DA:306,0
DA:307,0
DA:309,0
DA:310,0
DA:311,0
DA:314,0
DA:315,0
DA:316,0
DA:320,0
DA:321,0
DA:322,0
DA:323,0
DA:324,0
DA:326,0
DA:327,0
DA:328,0
DA:329,0
DA:331,0
DA:333,0
DA:337,0
DA:338,0
DA:339,0
DA:342,2
DA:343,2
DA:344,2
DA:345,2
DA:346,2
DA:347,2
DA:348,2
DA:350,2
DA:353,65
DA:354,65
DA:355,65
DA:356,65
DA:357,65
DA:358,65
DA:359,65
DA:361,65
DA:364,65
DA:365,65
DA:366,0
DA:367,65
DA:369,2
DA:370,2
DA:371,2
DA:372,63
DA:374,0
DA:377,63
DA:378,63
DA:379,63
DA:381,65
DA:384,65
DA:385,0
DA:386,0
DA:387,0
DA:389,0
DA:392,65
DA:396,65
DA:399,65
DA:400,65
DA:401,65
DA:403,2
DA:404,2
DA:405,2
DA:407,0
DA:408,0
DA:409,0
DA:411,2
DA:412,2
DA:413,2
DA:414,2
DA:415,2
DA:416,2
DA:417,0
DA:418,0
DA:419,0
DA:420,2
DA:422,2
DA:423,2
DA:424,2
DA:425,2
DA:427,2
DA:428,2
DA:429,2
DA:430,2
DA:431,2
DA:432,2
DA:433,2
DA:434,2
DA:435,2
DA:436,2
DA:437,2
DA:438,2
DA:439,2
DA:443,0
DA:444,0
DA:445,0
DA:446,0
DA:447,0
DA:449,0
DA:450,0
DA:451,0
DA:454,0
DA:455,0
DA:456,0
DA:457,0
DA:458,0
DA:459,0
DA:460,0
DA:461,0
DA:463,0
DA:464,0
DA:465,0
DA:466,0
DA:468,0
DA:469,0
DA:470,0
DA:471,0
DA:472,0
DA:473,0
DA:474,0
DA:475,0
DA:476,0
DA:477,0
DA:478,0
DA:479,0
DA:480,0
DA:486,1
DA:488,1
DA:489,1
DA:492,1
DA:493,1
DA:496,1
DA:497,1
DA:498,0
DA:499,0
DA:503,1
DA:504,1
DA:505,0
DA:506,0
DA:510,1
DA:511,0
DA:512,1
DA:513,0
DA:515,1
DA:518,1
DA:519,1
DA:520,1
DA:521,1
DA:522,1
DA:523,1
DA:524,1
DA:525,1
DA:526,1
DA:527,1
DA:528,1
BRF:0
BRH:0
LF:366
LH:169
end_of_record
SF:/home/owner/.ghq/github.com/unhappychoice/gittype/src/scoring/ranking_title.rs
FN:21,_RNvMNtNtCs4PyLZvEkasu_7gittype7scoring13ranking_titleNtB2_11RankingTier13color_palette
FN:67,_RNvMs_NtNtCs4PyLZvEkasu_7gittype7scoring13ranking_titleNtB4_12RankingTitle10all_titles
FN:62,_RNvMs_NtNtCs4PyLZvEkasu_7gittype7scoring13ranking_titleNtB4_12RankingTitle13color_palette
FN:56,_RNvMs_NtNtCs4PyLZvEkasu_7gittype7scoring13ranking_titleNtB4_12RankingTitle14contains_score
FN:44,_RNvMs_NtNtCs4PyLZvEkasu_7gittype7scoring13ranking_titleNtB4_12RankingTitle4name
FN:50,_RNvMs_NtNtCs4PyLZvEkasu_7gittype7scoring13ranking_titleNtB4_12RankingTitle4tier
FN:152,_RNvMs_NtNtCs4PyLZvEkasu_7gittype7scoring13ranking_titleNtB4_12RankingTitle9for_score
FN:34,_RINvMs_NtNtCs4PyLZvEkasu_7gittype7scoring13ranking_titleNtB5_12RankingTitle3newReEB9_
FN:155,_RNCNvMs_NtNtCs4PyLZvEkasu_7gittype7scoring13ranking_titleNtB6_12RankingTitle9for_score0Ba_
FN:156,_RNCNvMs_NtNtCs4PyLZvEkasu_7gittype7scoring13ranking_titleNtB6_12RankingTitle9for_scores_0Ba_
FN:34,_RINvMs_NtCs6ZVsxm6bH5c_25generate_all_ascii_titles13ranking_titleNtB5_12RankingTitle3newReEB7_
FN:155,_RNCNvMs_NtCs6ZVsxm6bH5c_25generate_all_ascii_titles13ranking_titleNtB6_12RankingTitle9for_score0B8_
FN:156,_RNCNvMs_NtCs6ZVsxm6bH5c_25generate_all_ascii_titles13ranking_titleNtB6_12RankingTitle9for_scores_0B8_
FN:195,_RNvNtNtCs6ZVsxm6bH5c_25generate_all_ascii_titles13ranking_title5testss_14test_for_score
FN:186,_RNvNtNtCs6ZVsxm6bH5c_25generate_all_ascii_titles13ranking_title5testss_18test_color_palette
FN:177,_RNvNtNtCs6ZVsxm6bH5c_25generate_all_ascii_titles13ranking_title5testss_19test_contains_score
FN:219,_RNvNtNtCs6ZVsxm6bH5c_25generate_all_ascii_titles13ranking_title5testss_22test_no_gaps_in_ranges
FN:207,_RNvNtNtCs6ZVsxm6bH5c_25generate_all_ascii_titles13ranking_title5testss_24test_all_titles_coverage
FN:168,_RNvNtNtCs6ZVsxm6bH5c_25generate_all_ascii_titles13ranking_title5testss_27test_ranking_title_creation
FN:21,_RNvMNtCs6ZVsxm6bH5c_25generate_all_ascii_titles13ranking_titleNtB2_11RankingTier13color_palette
FN:67,_RNvMs_NtCs6ZVsxm6bH5c_25generate_all_ascii_titles13ranking_titleNtB4_12RankingTitle10all_titles
FN:62,_RNvMs_NtCs6ZVsxm6bH5c_25generate_all_ascii_titles13ranking_titleNtB4_12RankingTitle13color_palette
FN:56,_RNvMs_NtCs6ZVsxm6bH5c_25generate_all_ascii_titles13ranking_titleNtB4_12RankingTitle14contains_score
FN:44,_RNvMs_NtCs6ZVsxm6bH5c_25generate_all_ascii_titles13ranking_titleNtB4_12RankingTitle4name
FN:50,_RNvMs_NtCs6ZVsxm6bH5c_25generate_all_ascii_titles13ranking_titleNtB4_12RankingTitle4tier
FN:152,_RNvMs_NtCs6ZVsxm6bH5c_25generate_all_ascii_titles13ranking_titleNtB4_12RankingTitle9for_score
FN:34,_RINvMs_NtCsfSkhsc1jHZS_25generate_all_ascii_titles13ranking_titleNtB5_12RankingTitle3newReEB7_
FN:155,_RNCNvMs_NtCsfSkhsc1jHZS_25generate_all_ascii_titles13ranking_titleNtB6_12RankingTitle9for_score0B8_
FN:156,_RNCNvMs_NtCsfSkhsc1jHZS_25generate_all_ascii_titles13ranking_titleNtB6_12RankingTitle9for_scores_0B8_
FN:56,_RNvMs_NtCsfSkhsc1jHZS_25generate_all_ascii_titles13ranking_titleNtB4_12RankingTitle14contains_score
FN:50,_RNvMs_NtCsfSkhsc1jHZS_25generate_all_ascii_titles13ranking_titleNtB4_12RankingTitle4tier
FN:152,_RNvMs_NtCsfSkhsc1jHZS_25generate_all_ascii_titles13ranking_titleNtB4_12RankingTitle9for_score
FN:21,_RNvMNtCsfSkhsc1jHZS_25generate_all_ascii_titles13ranking_titleNtB2_11RankingTier13color_palette
FN:67,_RNvMs_NtCsfSkhsc1jHZS_25generate_all_ascii_titles13ranking_titleNtB4_12RankingTitle10all_titles
FN:62,_RNvMs_NtCsfSkhsc1jHZS_25generate_all_ascii_titles13ranking_titleNtB4_12RankingTitle13color_palette
FN:44,_RNvMs_NtCsfSkhsc1jHZS_25generate_all_ascii_titles13ranking_titleNtB4_12RankingTitle4name
FN:34,_RINvMs_NtNtCscZjyiejqBjN_7gittype7scoring13ranking_titleNtB5_12RankingTitle3newReEB9_
FN:155,_RNCNvMs_NtNtCscZjyiejqBjN_7gittype7scoring13ranking_titleNtB6_12RankingTitle9for_score0Ba_
FN:156,_RNCNvMs_NtNtCscZjyiejqBjN_7gittype7scoring13ranking_titleNtB6_12RankingTitle9for_scores_0Ba_
FN:21,_RNvMNtNtCscZjyiejqBjN_7gittype7scoring13ranking_titleNtB2_11RankingTier13color_palette
FN:67,_RNvMs_NtNtCscZjyiejqBjN_7gittype7scoring13ranking_titleNtB4_12RankingTitle10all_titles
FN:62,_RNvMs_NtNtCscZjyiejqBjN_7gittype7scoring13ranking_titleNtB4_12RankingTitle13color_palette
FN:56,_RNvMs_NtNtCscZjyiejqBjN_7gittype7scoring13ranking_titleNtB4_12RankingTitle14contains_score
FN:44,_RNvMs_NtNtCscZjyiejqBjN_7gittype7scoring13ranking_titleNtB4_12RankingTitle4name
FN:50,_RNvMs_NtNtCscZjyiejqBjN_7gittype7scoring13ranking_titleNtB4_12RankingTitle4tier
FN:152,_RNvMs_NtNtCscZjyiejqBjN_7gittype7scoring13ranking_titleNtB4_12RankingTitle9for_score
FN:195,_RNvNtNtNtCscZjyiejqBjN_7gittype7scoring13ranking_title5testss_14test_for_score
FN:186,_RNvNtNtNtCscZjyiejqBjN_7gittype7scoring13ranking_title5testss_18test_color_palette
FN:177,_RNvNtNtNtCscZjyiejqBjN_7gittype7scoring13ranking_title5testss_19test_contains_score
FN:219,_RNvNtNtNtCscZjyiejqBjN_7gittype7scoring13ranking_title5testss_22test_no_gaps_in_ranges
FN:207,_RNvNtNtNtCscZjyiejqBjN_7gittype7scoring13ranking_title5testss_24test_all_titles_coverage
FN:168,_RNvNtNtNtCscZjyiejqBjN_7gittype7scoring13ranking_title5testss_27test_ranking_title_creation
FNDA:0,_RNvMNtNtCs4PyLZvEkasu_7gittype7scoring13ranking_titleNtB2_11RankingTier13color_palette
FNDA:69,_RNvMs_NtNtCs4PyLZvEkasu_7gittype7scoring13ranking_titleNtB4_12RankingTitle10all_titles
FNDA:0,_RNvMs_NtNtCs4PyLZvEkasu_7gittype7scoring13ranking_titleNtB4_12RankingTitle13color_palette
FNDA:2100,_RNvMs_NtNtCs4PyLZvEkasu_7gittype7scoring13ranking_titleNtB4_12RankingTitle14contains_score
FNDA:337,_RNvMs_NtNtCs4PyLZvEkasu_7gittype7scoring13ranking_titleNtB4_12RankingTitle4name
FNDA:63,_RNvMs_NtNtCs4PyLZvEkasu_7gittype7scoring13ranking_titleNtB4_12RankingTitle4tier
FNDA:65,_RNvMs_NtNtCs4PyLZvEkasu_7gittype7scoring13ranking_titleNtB4_12RankingTitle9for_score
FNDA:4347,_RINvMs_NtNtCs4PyLZvEkasu_7gittype7scoring13ranking_titleNtB5_12RankingTitle3newReEB9_
FNDA:2100,_RNCNvMs_NtNtCs4PyLZvEkasu_7gittype7scoring13ranking_titleNtB6_12RankingTitle9for_score0Ba_
FNDA:0,_RNCNvMs_NtNtCs4PyLZvEkasu_7gittype7scoring13ranking_titleNtB6_12RankingTitle9for_scores_0Ba_
FNDA:760,_RINvMs_NtCs6ZVsxm6bH5c_25generate_all_ascii_titles13ranking_titleNtB5_12RankingTitle3newReEB7_
FNDA:322,_RNCNvMs_NtCs6ZVsxm6bH5c_25generate_all_ascii_titles13ranking_titleNtB6_12RankingTitle9for_score0B8_
FNDA:0,_RNCNvMs_NtCs6ZVsxm6bH5c_25generate_all_ascii_titles13ranking_titleNtB6_12RankingTitle9for_scores_0B8_
FNDA:1,_RNvNtNtCs6ZVsxm6bH5c_25generate_all_ascii_titles13ranking_title5testss_14test_for_score
FNDA:1,_RNvNtNtCs6ZVsxm6bH5c_25generate_all_ascii_titles13ranking_title5testss_18test_color_palette
FNDA:1,_RNvNtNtCs6ZVsxm6bH5c_25generate_all_ascii_titles13ranking_title5testss_19test_contains_score
FNDA:1,_RNvNtNtCs6ZVsxm6bH5c_25generate_all_ascii_titles13ranking_title5testss_22test_no_gaps_in_ranges
FNDA:1,_RNvNtNtCs6ZVsxm6bH5c_25generate_all_ascii_titles13ranking_title5testss_24test_all_titles_coverage
FNDA:1,_RNvNtNtCs6ZVsxm6bH5c_25generate_all_ascii_titles13ranking_title5testss_27test_ranking_title_creation
FNDA:2,_RNvMNtCs6ZVsxm6bH5c_25generate_all_ascii_titles13ranking_titleNtB2_11RankingTier13color_palette
FNDA:12,_RNvMs_NtCs6ZVsxm6bH5c_25generate_all_ascii_titles13ranking_titleNtB4_12RankingTitle10all_titles
FNDA:2,_RNvMs_NtCs6ZVsxm6bH5c_25generate_all_ascii_titles13ranking_titleNtB4_12RankingTitle13color_palette
FNDA:326,_RNvMs_NtCs6ZVsxm6bH5c_25generate_all_ascii_titles13ranking_titleNtB4_12RankingTitle14contains_score
FNDA:11,_RNvMs_NtCs6ZVsxm6bH5c_25generate_all_ascii_titles13ranking_titleNtB4_12RankingTitle4name
FNDA:1,_RNvMs_NtCs6ZVsxm6bH5c_25generate_all_ascii_titles13ranking_titleNtB4_12RankingTitle4tier
FNDA:10,_RNvMs_NtCs6ZVsxm6bH5c_25generate_all_ascii_titles13ranking_titleNtB4_12RankingTitle9for_score
FNDA:0,_RINvMs_NtCsfSkhsc1jHZS_25generate_all_ascii_titles13ranking_titleNtB5_12RankingTitle3newReEB7_
FNDA:0,_RNCNvMs_NtCsfSkhsc1jHZS_25generate_all_ascii_titles13ranking_titleNtB6_12RankingTitle9for_score0B8_
FNDA:0,_RNCNvMs_NtCsfSkhsc1jHZS_25generate_all_ascii_titles13ranking_titleNtB6_12RankingTitle9for_scores_0B8_
FNDA:0,_RNvMs_NtCsfSkhsc1jHZS_25generate_all_ascii_titles13ranking_titleNtB4_12RankingTitle14contains_score
FNDA:0,_RNvMs_NtCsfSkhsc1jHZS_25generate_all_ascii_titles13ranking_titleNtB4_12RankingTitle4tier
FNDA:0,_RNvMs_NtCsfSkhsc1jHZS_25generate_all_ascii_titles13ranking_titleNtB4_12RankingTitle9for_score
FNDA:0,_RNvMNtCsfSkhsc1jHZS_25generate_all_ascii_titles13ranking_titleNtB2_11RankingTier13color_palette
FNDA:0,_RNvMs_NtCsfSkhsc1jHZS_25generate_all_ascii_titles13ranking_titleNtB4_12RankingTitle10all_titles
FNDA:0,_RNvMs_NtCsfSkhsc1jHZS_25generate_all_ascii_titles13ranking_titleNtB4_12RankingTitle13color_palette
FNDA:0,_RNvMs_NtCsfSkhsc1jHZS_25generate_all_ascii_titles13ranking_titleNtB4_12RankingTitle4name
FNDA:760,_RINvMs_NtNtCscZjyiejqBjN_7gittype7scoring13ranking_titleNtB5_12RankingTitle3newReEB9_
FNDA:322,_RNCNvMs_NtNtCscZjyiejqBjN_7gittype7scoring13ranking_titleNtB6_12RankingTitle9for_score0Ba_
FNDA:0,_RNCNvMs_NtNtCscZjyiejqBjN_7gittype7scoring13ranking_titleNtB6_12RankingTitle9for_scores_0Ba_
FNDA:2,_RNvMNtNtCscZjyiejqBjN_7gittype7scoring13ranking_titleNtB2_11RankingTier13color_palette
FNDA:12,_RNvMs_NtNtCscZjyiejqBjN_7gittype7scoring13ranking_titleNtB4_12RankingTitle10all_titles
FNDA:2,_RNvMs_NtNtCscZjyiejqBjN_7gittype7scoring13ranking_titleNtB4_12RankingTitle13color_palette
FNDA:326,_RNvMs_NtNtCscZjyiejqBjN_7gittype7scoring13ranking_titleNtB4_12RankingTitle14contains_score
FNDA:11,_RNvMs_NtNtCscZjyiejqBjN_7gittype7scoring13ranking_titleNtB4_12RankingTitle4name
FNDA:1,_RNvMs_NtNtCscZjyiejqBjN_7gittype7scoring13ranking_titleNtB4_12RankingTitle4tier
FNDA:10,_RNvMs_NtNtCscZjyiejqBjN_7gittype7scoring13ranking_titleNtB4_12RankingTitle9for_score
FNDA:1,_RNvNtNtNtCscZjyiejqBjN_7gittype7scoring13ranking_title5testss_14test_for_score
FNDA:1,_RNvNtNtNtCscZjyiejqBjN_7gittype7scoring13ranking_title5testss_18test_color_palette
FNDA:1,_RNvNtNtNtCscZjyiejqBjN_7gittype7scoring13ranking_title5testss_19test_contains_score
FNDA:1,_RNvNtNtNtCscZjyiejqBjN_7gittype7scoring13ranking_title5testss_22test_no_gaps_in_ranges
FNDA:1,_RNvNtNtNtCscZjyiejqBjN_7gittype7scoring13ranking_title5testss_24test_all_titles_coverage
FNDA:1,_RNvNtNtNtCscZjyiejqBjN_7gittype7scoring13ranking_title5testss_27test_ranking_title_creation
FNF:16
FNH:15
DA:21,4
DA:22,4
DA:23,2
DA:24,0
DA:25,0
DA:26,2
DA:27,0
DA:29,4
DA:34,5867
DA:35,5867
DA:36,5867
DA:37,5867
DA:38,5867
DA:39,5867
DA:40,5867
DA:41,5867
DA:44,359
DA:45,359
DA:46,359
DA:50,65
DA:51,65
DA:52,65
DA:56,2752
DA:57,2752
DA:58,2752
DA:59,2752
DA:62,4
DA:63,4
DA:64,4
DA:67,93
DA:68,93
DA:70,93
DA:71,93
DA:72,93
DA:73,93
DA:74,93
DA:75,93
DA:76,93
DA:77,93
DA:78,93
DA:79,93
DA:80,93
DA:81,93
DA:83,93
DA:84,93
DA:85,93
DA:86,93
DA:87,93
DA:88,93
DA:89,93
DA:90,93
DA:91,93
DA:92,93
DA:93,93
DA:94,93
DA:96,93
DA:97,93
DA:98,93
DA:99,93
DA:100,93
DA:101,93
DA:102,93
DA:103,93
DA:104,93
DA:105,93
DA:106,93
DA:107,93
DA:109,93
DA:110,93
DA:111,93
DA:112,93
DA:113,93
DA:114,93
DA:115,93
DA:116,93
DA:117,93
DA:118,93
DA:119,93
DA:120,93
DA:122,93
DA:123,93
DA:124,93
DA:125,93
DA:127,93
DA:131,93
DA:132,93
DA:133,93
DA:134,93
DA:135,93
DA:136,93
DA:137,93
DA:139,93
DA:143,93
DA:144,93
DA:145,93
DA:146,93
DA:148,93
DA:152,85
DA:153,85
DA:154,85
DA:155,2744
DA:156,85
DA:158,0
DA:159,0
DA:160,85
DA:168,2
DA:169,2
DA:170,2
DA:171,2
DA:172,2
DA:173,2
DA:174,2
DA:177,2
DA:178,2
DA:179,2
DA:180,2
DA:181,2
DA:182,2
DA:183,2
DA:186,2
DA:187,2
DA:188,2
DA:190,2
DA:191,2
DA:192,2
DA:195,2
DA:196,2
DA:197,2
DA:199,2
DA:200,2
DA:202,2
DA:203,2
DA:204,2
DA:207,2
DA:208,2
DA:209,2
DA:212,16
DA:213,14
DA:214,14
DA:216,2
DA:219,2
DA:220,2
DA:221,124
DA:222,124
DA:223,124
DA:224,124
DA:225,124
DA:227,0
DA:228,0
DA:230,0
DA:234,2
BRF:0
BRH:0
LF:153
LH:144
end_of_record
SF:/home/owner/.ghq/github.com/unhappychoice/gittype/src/sharing.rs
FN:95,_RNCNvMs_NtCs4PyLZvEkasu_7gittype7sharingNtB6_14SharingService12open_browser0B8_
FN:23,_RNvMNtCs4PyLZvEkasu_7gittype7sharingNtB2_15SharingPlatform3all
FN:14,_RNvMNtCs4PyLZvEkasu_7gittype7sharingNtB2_15SharingPlatform4name
FN:94,_RNvMs_NtCs4PyLZvEkasu_7gittype7sharingNtB4_14SharingService12open_browser
FN:31,_RNvMs_NtCs4PyLZvEkasu_7gittype7sharingNtB4_14SharingService12share_result
FN:84,_RNvMs_NtCs4PyLZvEkasu_7gittype7sharingNtB4_14SharingService17create_share_text
FN:46,_RNvMs_NtCs4PyLZvEkasu_7gittype7sharingNtB4_14SharingService18generate_share_url
FN:98,_RNvMs_NtCs4PyLZvEkasu_7gittype7sharingNtB4_14SharingService20display_url_fallback
FN:95,_RNCNvMs_NtCscZjyiejqBjN_7gittype7sharingNtB6_14SharingService12open_browser0B8_
FN:23,_RNvMNtCscZjyiejqBjN_7gittype7sharingNtB2_15SharingPlatform3all
FN:14,_RNvMNtCscZjyiejqBjN_7gittype7sharingNtB2_15SharingPlatform4name
FN:94,_RNvMs_NtCscZjyiejqBjN_7gittype7sharingNtB4_14SharingService12open_browser
FN:31,_RNvMs_NtCscZjyiejqBjN_7gittype7sharingNtB4_14SharingService12share_result
FN:84,_RNvMs_NtCscZjyiejqBjN_7gittype7sharingNtB4_14SharingService17create_share_text
FN:46,_RNvMs_NtCscZjyiejqBjN_7gittype7sharingNtB4_14SharingService18generate_share_url
FN:98,_RNvMs_NtCscZjyiejqBjN_7gittype7sharingNtB4_14SharingService20display_url_fallback
FNDA:0,_RNCNvMs_NtCs4PyLZvEkasu_7gittype7sharingNtB6_14SharingService12open_browser0B8_
FNDA:0,_RNvMNtCs4PyLZvEkasu_7gittype7sharingNtB2_15SharingPlatform3all
FNDA:0,_RNvMNtCs4PyLZvEkasu_7gittype7sharingNtB2_15SharingPlatform4name
FNDA:0,_RNvMs_NtCs4PyLZvEkasu_7gittype7sharingNtB4_14SharingService12open_browser
FNDA:0,_RNvMs_NtCs4PyLZvEkasu_7gittype7sharingNtB4_14SharingService12share_result
FNDA:0,_RNvMs_NtCs4PyLZvEkasu_7gittype7sharingNtB4_14SharingService17create_share_text
FNDA:0,_RNvMs_NtCs4PyLZvEkasu_7gittype7sharingNtB4_14SharingService18generate_share_url
FNDA:0,_RNvMs_NtCs4PyLZvEkasu_7gittype7sharingNtB4_14SharingService20display_url_fallback
FNDA:0,_RNCNvMs_NtCscZjyiejqBjN_7gittype7sharingNtB6_14SharingService12open_browser0B8_
FNDA:0,_RNvMNtCscZjyiejqBjN_7gittype7sharingNtB2_15SharingPlatform3all
FNDA:0,_RNvMNtCscZjyiejqBjN_7gittype7sharingNtB2_15SharingPlatform4name
FNDA:0,_RNvMs_NtCscZjyiejqBjN_7gittype7sharingNtB4_14SharingService12open_browser
FNDA:0,_RNvMs_NtCscZjyiejqBjN_7gittype7sharingNtB4_14SharingService12share_result
FNDA:0,_RNvMs_NtCscZjyiejqBjN_7gittype7sharingNtB4_14SharingService17create_share_text
FNDA:0,_RNvMs_NtCscZjyiejqBjN_7gittype7sharingNtB4_14SharingService18generate_share_url
FNDA:0,_RNvMs_NtCscZjyiejqBjN_7gittype7sharingNtB4_14SharingService20display_url_fallback
FNF:8
FNH:0
DA:14,0
DA:15,0
DA:16,0
DA:17,0
DA:18,0
DA:19,0
DA:21,0
DA:23,0
DA:24,0
DA:25,0
DA:31,0
DA:32,0
DA:34,0
DA:37,0
DA:41,0
DA:44,0
DA:46,0
DA:47,0
DA:49,0
DA:51,0
DA:52,0
DA:53,0
DA:57,0
DA:58,0
DA:61,0
DA:62,0
DA:63,0
DA:64,0
DA:68,0
DA:69,0
DA:70,0
DA:75,0
DA:76,0
DA:77,0
DA:78,0
DA:82,0
DA:84,0
DA:85,0
DA:86,0
DA:92,0
DA:94,0
DA:95,0
DA:96,0
DA:98,0
DA:108,0
DA:109,0
DA:111,0
DA:112,0
DA:113,0
DA:116,0
DA:117,0
DA:118,0
DA:119,0
DA:120,0
DA:123,0
DA:124,0
DA:125,0
DA:128,0
DA:129,0
DA:130,0
DA:131,0
DA:133,0
DA:134,0
DA:135,0
DA:136,0
DA:139,0
DA:140,0
DA:141,0
DA:142,0
DA:143,0
DA:146,0
DA:147,0
DA:148,0
DA:151,0
DA:152,0
DA:153,0
DA:154,0
DA:155,0
DA:156,0
DA:159,0
DA:160,0
DA:161,0
DA:162,0
DA:163,0
DA:164,0
DA:166,0
DA:170,0
DA:171,0
DA:172,0
DA:173,0
DA:174,0
DA:175,0
DA:176,0
DA:179,0
DA:180,0
BRF:0
BRH:0
LF:96
LH:0
end_of_record
SF:/home/owner/.ghq/github.com/unhappychoice/gittype/src/storage/database.rs
FN:15,_RNvMNtNtCscZjyiejqBjN_7gittype7storage8databaseNtB2_8Database11init_tables
FN:10,_RNvMNtNtCscZjyiejqBjN_7gittype7storage8databaseNtB2_8Database3new
FNDA:0,_RNvMNtNtCscZjyiejqBjN_7gittype7storage8databaseNtB2_8Database11init_tables
FNDA:0,_RNvMNtNtCscZjyiejqBjN_7gittype7storage8databaseNtB2_8Database3new
FNF:2
FNH:0
DA:10,0
DA:11,0
DA:12,0
DA:13,0
DA:15,0
DA:17,0
DA:18,0
BRF:0
BRH:0
LF:7
LH:0
end_of_record
SF:/home/owner/.ghq/github.com/unhappychoice/gittype/src/storage/history.rs
FN:16,_RNvMs_NtNtCs4PyLZvEkasu_7gittype7storage7historyNtB4_14SessionHistory11get_history
FN:12,_RNvMs_NtNtCs4PyLZvEkasu_7gittype7storage7historyNtB4_14SessionHistory3new
FN:6,_RNvXNtNtCs4PyLZvEkasu_7gittype7storage7historyNtB2_14SessionHistoryNtNtCs66KPHxksi63_4core7default7Default7default
FN:16,_RNvMs_NtNtCscZjyiejqBjN_7gittype7storage7historyNtB4_14SessionHistory11get_history
FN:12,_RNvMs_NtNtCscZjyiejqBjN_7gittype7storage7historyNtB4_14SessionHistory3new
FN:6,_RNvXNtNtCscZjyiejqBjN_7gittype7storage7historyNtB2_14SessionHistoryNtNtCs66KPHxksi63_4core7default7Default7default
FNDA:0,_RNvMs_NtNtCs4PyLZvEkasu_7gittype7storage7historyNtB4_14SessionHistory11get_history
FNDA:0,_RNvMs_NtNtCs4PyLZvEkasu_7gittype7storage7historyNtB4_14SessionHistory3new
FNDA:0,_RNvXNtNtCs4PyLZvEkasu_7gittype7storage7historyNtB2_14SessionHistoryNtNtCs66KPHxksi63_4core7default7Default7default
FNDA:0,_RNvMs_NtNtCscZjyiejqBjN_7gittype7storage7historyNtB4_14SessionHistory11get_history
FNDA:0,_RNvMs_NtNtCscZjyiejqBjN_7gittype7storage7historyNtB4_14SessionHistory3new
FNDA:0,_RNvXNtNtCscZjyiejqBjN_7gittype7storage7historyNtB2_14SessionHistoryNtNtCs66KPHxksi63_4core7default7Default7default
FNF:3
FNH:0
DA:6,0
DA:7,0
DA:8,0
DA:12,0
DA:13,0
DA:14,0
DA:16,0
DA:18,0
DA:19,0
BRF:0
BRH:0
LF:9
LH:0
end_of_record